[2020-08-13 10:39:31] producation.ERROR: Cannot declare class App\Http\Controllers\ReportController, because the name is already in use {"exception":"[object] (Symfony\\Component\\Debug\\Exception\\FatalErrorException(code: 64): Cannot declare class App\\Http\\Controllers\\ReportController, because the name is already in use at /usr/local/var/www/workspace/zilrsoft/app/Http/Controllers/Accounting/ReportController.php:84)
[stacktrace]
#0 {main}
"} 
[2020-08-13 11:08:29] producation.ERROR: Command "test" is not defined.

Did you mean one of these?
    make:test
    module:make-test {"exception":"[object] (Symfony\\Component\\Console\\Exception\\CommandNotFoundException(code: 0): Command \"test\" is not defined.

Did you mean one of these?
    make:test
    module:make-test at /usr/local/var/www/workspace/zilrsoft/vendor/symfony/console/Application.php:669)
[stacktrace]
#0 /usr/local/var/www/workspace/zilrsoft/vendor/symfony/console/Application.php(235): Symfony\\Component\\Console\\Application->find('test')
#1 /usr/local/var/www/workspace/zilrsoft/vendor/symfony/console/Application.php(147): Symfony\\Component\\Console\\Application->doRun(Object(Symfony\\Component\\Console\\Input\\ArgvInput), Object(Symfony\\Component\\Console\\Output\\ConsoleOutput))
#2 /usr/local/var/www/workspace/zilrsoft/vendor/laravel/framework/src/Illuminate/Console/Application.php(93): Symfony\\Component\\Console\\Application->run(Object(Symfony\\Component\\Console\\Input\\ArgvInput), Object(Symfony\\Component\\Console\\Output\\ConsoleOutput))
#3 /usr/local/var/www/workspace/zilrsoft/vendor/laravel/framework/src/Illuminate/Foundation/Console/Kernel.php(131): Illuminate\\Console\\Application->run(Object(Symfony\\Component\\Console\\Input\\ArgvInput), Object(Symfony\\Component\\Console\\Output\\ConsoleOutput))
#4 /usr/local/var/www/workspace/zilrsoft/artisan(37): Illuminate\\Foundation\\Console\\Kernel->handle(Object(Symfony\\Component\\Console\\Input\\ArgvInput), Object(Symfony\\Component\\Console\\Output\\ConsoleOutput))
#5 {main}
"} 
[2020-08-13 11:09:27] testing.ERROR: Call to a member function can() on null {"exception":"[object] (Symfony\\Component\\Debug\\Exception\\FatalThrowableError(code: 0): Call to a member function can() on null at /usr/local/var/www/workspace/zilrsoft/Modules/Purchases/Http/Requests/CreatePurchaseRequest.php:66)
[stacktrace]
#0 [internal function]: Modules\\Purchases\\Http\\Requests\\CreatePurchaseRequest->authorize()
#1 /usr/local/var/www/workspace/zilrsoft/vendor/laravel/framework/src/Illuminate/Container/BoundMethod.php(32): call_user_func_array(Array, Array)
#2 /usr/local/var/www/workspace/zilrsoft/vendor/laravel/framework/src/Illuminate/Container/Util.php(37): Illuminate\\Container\\BoundMethod::Illuminate\\Container\\{closure}()
#3 /usr/local/var/www/workspace/zilrsoft/vendor/laravel/framework/src/Illuminate/Container/BoundMethod.php(90): Illuminate\\Container\\Util::unwrapIfClosure(Object(Closure))
#4 /usr/local/var/www/workspace/zilrsoft/vendor/laravel/framework/src/Illuminate/Container/BoundMethod.php(34): Illuminate\\Container\\BoundMethod::callBoundMethod(Object(Illuminate\\Foundation\\Application), Array, Object(Closure))
#5 /usr/local/var/www/workspace/zilrsoft/vendor/laravel/framework/src/Illuminate/Container/Container.php(590): Illuminate\\Container\\BoundMethod::call(Object(Illuminate\\Foundation\\Application), Array, Array, NULL)
#6 /usr/local/var/www/workspace/zilrsoft/vendor/laravel/framework/src/Illuminate/Foundation/Http/FormRequest.php(163): Illuminate\\Container\\Container->call(Array)
#7 /usr/local/var/www/workspace/zilrsoft/vendor/laravel/framework/src/Illuminate/Validation/ValidatesWhenResolvedTrait.php(19): Illuminate\\Foundation\\Http\\FormRequest->passesAuthorization()
#8 /usr/local/var/www/workspace/zilrsoft/vendor/laravel/framework/src/Illuminate/Foundation/Providers/FormRequestServiceProvider.php(30): Illuminate\\Foundation\\Http\\FormRequest->validateResolved()
#9 /usr/local/var/www/workspace/zilrsoft/vendor/laravel/framework/src/Illuminate/Container/Container.php(1102): Illuminate\\Foundation\\Providers\\FormRequestServiceProvider->Illuminate\\Foundation\\Providers\\{closure}(Object(Modules\\Purchases\\Http\\Requests\\CreatePurchaseRequest), Object(Illuminate\\Foundation\\Application))
#10 /usr/local/var/www/workspace/zilrsoft/vendor/laravel/framework/src/Illuminate/Container/Container.php(1066): Illuminate\\Container\\Container->fireCallbackArray(Object(Modules\\Purchases\\Http\\Requests\\CreatePurchaseRequest), Array)
#11 /usr/local/var/www/workspace/zilrsoft/vendor/laravel/framework/src/Illuminate/Container/Container.php(1051): Illuminate\\Container\\Container->fireAfterResolvingCallbacks('Modules\\\\Purchas...', Object(Modules\\Purchases\\Http\\Requests\\CreatePurchaseRequest))
#12 /usr/local/var/www/workspace/zilrsoft/vendor/laravel/framework/src/Illuminate/Container/Container.php(701): Illuminate\\Container\\Container->fireResolvingCallbacks('Modules\\\\Purchas...', Object(Modules\\Purchases\\Http\\Requests\\CreatePurchaseRequest))
#13 /usr/local/var/www/workspace/zilrsoft/vendor/laravel/framework/src/Illuminate/Foundation/Application.php(785): Illuminate\\Container\\Container->resolve('Modules\\\\Purchas...', Array, true)
#14 /usr/local/var/www/workspace/zilrsoft/vendor/laravel/framework/src/Illuminate/Container/Container.php(629): Illuminate\\Foundation\\Application->resolve('Modules\\\\Purchas...', Array)
#15 /usr/local/var/www/workspace/zilrsoft/vendor/laravel/framework/src/Illuminate/Foundation/Application.php(770): Illuminate\\Container\\Container->make('Modules\\\\Purchas...', Array)
#16 /usr/local/var/www/workspace/zilrsoft/vendor/laravel/framework/src/Illuminate/Routing/RouteDependencyResolverTrait.php(80): Illuminate\\Foundation\\Application->make('Modules\\\\Purchas...')
#17 /usr/local/var/www/workspace/zilrsoft/vendor/laravel/framework/src/Illuminate/Routing/RouteDependencyResolverTrait.php(47): Illuminate\\Routing\\ControllerDispatcher->transformDependency(Object(ReflectionParameter), Array)
#18 /usr/local/var/www/workspace/zilrsoft/vendor/laravel/framework/src/Illuminate/Routing/RouteDependencyResolverTrait.php(28): Illuminate\\Routing\\ControllerDispatcher->resolveMethodDependencies(Array, Object(ReflectionMethod))
#19 /usr/local/var/www/workspace/zilrsoft/vendor/laravel/framework/src/Illuminate/Routing/ControllerDispatcher.php(41): Illuminate\\Routing\\ControllerDispatcher->resolveClassMethodDependencies(Array, Object(Modules\\Purchases\\Http\\Controllers\\PurchaseController), 'store')
#20 /usr/local/var/www/workspace/zilrsoft/vendor/laravel/framework/src/Illuminate/Routing/Route.php(219): Illuminate\\Routing\\ControllerDispatcher->dispatch(Object(Illuminate\\Routing\\Route), Object(Modules\\Purchases\\Http\\Controllers\\PurchaseController), 'store')
#21 /usr/local/var/www/workspace/zilrsoft/vendor/laravel/framework/src/Illuminate/Routing/Route.php(176): Illuminate\\Routing\\Route->runController()
#22 /usr/local/var/www/workspace/zilrsoft/vendor/laravel/framework/src/Illuminate/Routing/Router.php(681): Illuminate\\Routing\\Route->run()
#23 /usr/local/var/www/workspace/zilrsoft/vendor/laravel/framework/src/Illuminate/Pipeline/Pipeline.php(130): Illuminate\\Routing\\Router->Illuminate\\Routing\\{closure}(Object(Illuminate\\Http\\Request))
#24 /usr/local/var/www/workspace/zilrsoft/vendor/laravel/framework/src/Illuminate/Routing/Middleware/SubstituteBindings.php(41): Illuminate\\Pipeline\\Pipeline->Illuminate\\Pipeline\\{closure}(Object(Illuminate\\Http\\Request))
#25 /usr/local/var/www/workspace/zilrsoft/vendor/laravel/framework/src/Illuminate/Pipeline/Pipeline.php(171): Illuminate\\Routing\\Middleware\\SubstituteBindings->handle(Object(Illuminate\\Http\\Request), Object(Closure))
#26 /usr/local/var/www/workspace/zilrsoft/vendor/laravel/framework/src/Illuminate/Session/Middleware/AuthenticateSession.php(39): Illuminate\\Pipeline\\Pipeline->Illuminate\\Pipeline\\{closure}(Object(Illuminate\\Http\\Request))
#27 /usr/local/var/www/workspace/zilrsoft/vendor/laravel/framework/src/Illuminate/Pipeline/Pipeline.php(171): Illuminate\\Session\\Middleware\\AuthenticateSession->handle(Object(Illuminate\\Http\\Request), Object(Closure))
#28 /usr/local/var/www/workspace/zilrsoft/vendor/laravel/framework/src/Illuminate/View/Middleware/ShareErrorsFromSession.php(49): Illuminate\\Pipeline\\Pipeline->Illuminate\\Pipeline\\{closure}(Object(Illuminate\\Http\\Request))
#29 /usr/local/var/www/workspace/zilrsoft/vendor/laravel/framework/src/Illuminate/Pipeline/Pipeline.php(171): Illuminate\\View\\Middleware\\ShareErrorsFromSession->handle(Object(Illuminate\\Http\\Request), Object(Closure))
#30 /usr/local/var/www/workspace/zilrsoft/vendor/laravel/framework/src/Illuminate/Session/Middleware/StartSession.php(56): Illuminate\\Pipeline\\Pipeline->Illuminate\\Pipeline\\{closure}(Object(Illuminate\\Http\\Request))
#31 /usr/local/var/www/workspace/zilrsoft/vendor/laravel/framework/src/Illuminate/Pipeline/Pipeline.php(171): Illuminate\\Session\\Middleware\\StartSession->handle(Object(Illuminate\\Http\\Request), Object(Closure))
#32 /usr/local/var/www/workspace/zilrsoft/vendor/laravel/framework/src/Illuminate/Cookie/Middleware/AddQueuedCookiesToResponse.php(37): Illuminate\\Pipeline\\Pipeline->Illuminate\\Pipeline\\{closure}(Object(Illuminate\\Http\\Request))
#33 /usr/local/var/www/workspace/zilrsoft/vendor/laravel/framework/src/Illuminate/Pipeline/Pipeline.php(171): Illuminate\\Cookie\\Middleware\\AddQueuedCookiesToResponse->handle(Object(Illuminate\\Http\\Request), Object(Closure))
#34 /usr/local/var/www/workspace/zilrsoft/vendor/laravel/framework/src/Illuminate/Cookie/Middleware/EncryptCookies.php(66): Illuminate\\Pipeline\\Pipeline->Illuminate\\Pipeline\\{closure}(Object(Illuminate\\Http\\Request))
#35 /usr/local/var/www/workspace/zilrsoft/vendor/laravel/framework/src/Illuminate/Pipeline/Pipeline.php(171): Illuminate\\Cookie\\Middleware\\EncryptCookies->handle(Object(Illuminate\\Http\\Request), Object(Closure))
#36 /usr/local/var/www/workspace/zilrsoft/vendor/laravel/framework/src/Illuminate/Pipeline/Pipeline.php(105): Illuminate\\Pipeline\\Pipeline->Illuminate\\Pipeline\\{closure}(Object(Illuminate\\Http\\Request))
#37 /usr/local/var/www/workspace/zilrsoft/vendor/laravel/framework/src/Illuminate/Routing/Router.php(683): Illuminate\\Pipeline\\Pipeline->then(Object(Closure))
#38 /usr/local/var/www/workspace/zilrsoft/vendor/laravel/framework/src/Illuminate/Routing/Router.php(658): Illuminate\\Routing\\Router->runRouteWithinStack(Object(Illuminate\\Routing\\Route), Object(Illuminate\\Http\\Request))
#39 /usr/local/var/www/workspace/zilrsoft/vendor/laravel/framework/src/Illuminate/Routing/Router.php(624): Illuminate\\Routing\\Router->runRoute(Object(Illuminate\\Http\\Request), Object(Illuminate\\Routing\\Route))
#40 /usr/local/var/www/workspace/zilrsoft/vendor/laravel/framework/src/Illuminate/Routing/Router.php(613): Illuminate\\Routing\\Router->dispatchToRoute(Object(Illuminate\\Http\\Request))
#41 /usr/local/var/www/workspace/zilrsoft/vendor/laravel/framework/src/Illuminate/Foundation/Http/Kernel.php(170): Illuminate\\Routing\\Router->dispatch(Object(Illuminate\\Http\\Request))
#42 /usr/local/var/www/workspace/zilrsoft/vendor/laravel/framework/src/Illuminate/Pipeline/Pipeline.php(130): Illuminate\\Foundation\\Http\\Kernel->Illuminate\\Foundation\\Http\\{closure}(Object(Illuminate\\Http\\Request))
#43 /usr/local/var/www/workspace/zilrsoft/vendor/barryvdh/laravel-debugbar/src/Middleware/InjectDebugbar.php(58): Illuminate\\Pipeline\\Pipeline->Illuminate\\Pipeline\\{closure}(Object(Illuminate\\Http\\Request))
#44 /usr/local/var/www/workspace/zilrsoft/vendor/laravel/framework/src/Illuminate/Pipeline/Pipeline.php(171): Barryvdh\\Debugbar\\Middleware\\InjectDebugbar->handle(Object(Illuminate\\Http\\Request), Object(Closure))
#45 /usr/local/var/www/workspace/zilrsoft/vendor/laravel/framework/src/Illuminate/Foundation/Http/Middleware/TransformsRequest.php(21): Illuminate\\Pipeline\\Pipeline->Illuminate\\Pipeline\\{closure}(Object(Illuminate\\Http\\Request))
#46 /usr/local/var/www/workspace/zilrsoft/vendor/laravel/framework/src/Illuminate/Pipeline/Pipeline.php(171): Illuminate\\Foundation\\Http\\Middleware\\TransformsRequest->handle(Object(Illuminate\\Http\\Request), Object(Closure))
#47 /usr/local/var/www/workspace/zilrsoft/vendor/laravel/framework/src/Illuminate/Foundation/Http/Middleware/TransformsRequest.php(21): Illuminate\\Pipeline\\Pipeline->Illuminate\\Pipeline\\{closure}(Object(Illuminate\\Http\\Request))
#48 /usr/local/var/www/workspace/zilrsoft/vendor/laravel/framework/src/Illuminate/Pipeline/Pipeline.php(171): Illuminate\\Foundation\\Http\\Middleware\\TransformsRequest->handle(Object(Illuminate\\Http\\Request), Object(Closure))
#49 /usr/local/var/www/workspace/zilrsoft/vendor/laravel/framework/src/Illuminate/Foundation/Http/Middleware/ValidatePostSize.php(27): Illuminate\\Pipeline\\Pipeline->Illuminate\\Pipeline\\{closure}(Object(Illuminate\\Http\\Request))
#50 /usr/local/var/www/workspace/zilrsoft/vendor/laravel/framework/src/Illuminate/Pipeline/Pipeline.php(171): Illuminate\\Foundation\\Http\\Middleware\\ValidatePostSize->handle(Object(Illuminate\\Http\\Request), Object(Closure))
#51 /usr/local/var/www/workspace/zilrsoft/vendor/laravel/framework/src/Illuminate/Foundation/Http/Middleware/CheckForMaintenanceMode.php(63): Illuminate\\Pipeline\\Pipeline->Illuminate\\Pipeline\\{closure}(Object(Illuminate\\Http\\Request))
#52 /usr/local/var/www/workspace/zilrsoft/vendor/laravel/framework/src/Illuminate/Pipeline/Pipeline.php(171): Illuminate\\Foundation\\Http\\Middleware\\CheckForMaintenanceMode->handle(Object(Illuminate\\Http\\Request), Object(Closure))
#53 /usr/local/var/www/workspace/zilrsoft/vendor/fideloper/proxy/src/TrustProxies.php(57): Illuminate\\Pipeline\\Pipeline->Illuminate\\Pipeline\\{closure}(Object(Illuminate\\Http\\Request))
#54 /usr/local/var/www/workspace/zilrsoft/vendor/laravel/framework/src/Illuminate/Pipeline/Pipeline.php(171): Fideloper\\Proxy\\TrustProxies->handle(Object(Illuminate\\Http\\Request), Object(Closure))
#55 /usr/local/var/www/workspace/zilrsoft/vendor/laravel/framework/src/Illuminate/Pipeline/Pipeline.php(105): Illuminate\\Pipeline\\Pipeline->Illuminate\\Pipeline\\{closure}(Object(Illuminate\\Http\\Request))
#56 /usr/local/var/www/workspace/zilrsoft/vendor/laravel/framework/src/Illuminate/Foundation/Http/Kernel.php(145): Illuminate\\Pipeline\\Pipeline->then(Object(Closure))
#57 /usr/local/var/www/workspace/zilrsoft/vendor/laravel/framework/src/Illuminate/Foundation/Http/Kernel.php(110): Illuminate\\Foundation\\Http\\Kernel->sendRequestThroughRouter(Object(Illuminate\\Http\\Request))
#58 /usr/local/var/www/workspace/zilrsoft/vendor/laravel/framework/src/Illuminate/Foundation/Testing/Concerns/MakesHttpRequests.php(468): Illuminate\\Foundation\\Http\\Kernel->handle(Object(Illuminate\\Http\\Request))
#59 /usr/local/var/www/workspace/zilrsoft/vendor/laravel/framework/src/Illuminate/Foundation/Testing/Concerns/MakesHttpRequests.php(286): Illuminate\\Foundation\\Testing\\TestCase->call('POST', '/purchases', Array, Array, Array, Array)
#60 /usr/local/var/www/workspace/zilrsoft/Modules/Sales/Tests/Feature/ReturnSale/ReturnSalesWithItemsTest.php(85): Illuminate\\Foundation\\Testing\\TestCase->post('/purchases', Array, Array)
#61 /usr/local/var/www/workspace/zilrsoft/Modules/Sales/Tests/Feature/ReturnSale/ReturnSalesWithItemsTest.php(26): Modules\\Sales\\Tests\\Feature\\ReturnSale\\ReturnSalesWithItemsTest->createPurchaseTest()
#62 /usr/local/var/www/workspace/zilrsoft/vendor/phpunit/phpunit/src/Framework/TestCase.php(1154): Modules\\Sales\\Tests\\Feature\\ReturnSale\\ReturnSalesWithItemsTest->testSuccessCreateSalesWithItemsNotIncludingKitsAndSerials()
#63 /usr/local/var/www/workspace/zilrsoft/vendor/phpunit/phpunit/src/Framework/TestCase.php(842): PHPUnit\\Framework\\TestCase->runTest()
#64 /usr/local/var/www/workspace/zilrsoft/vendor/phpunit/phpunit/src/Framework/TestResult.php(693): PHPUnit\\Framework\\TestCase->runBare()
#65 /usr/local/var/www/workspace/zilrsoft/vendor/phpunit/phpunit/src/Framework/TestCase.php(796): PHPUnit\\Framework\\TestResult->run(Object(Modules\\Sales\\Tests\\Feature\\ReturnSale\\ReturnSalesWithItemsTest))
#66 /usr/local/var/www/workspace/zilrsoft/vendor/phpunit/phpunit/src/Framework/TestSuite.php(746): PHPUnit\\Framework\\TestCase->run(Object(PHPUnit\\Framework\\TestResult))
#67 /usr/local/var/www/workspace/zilrsoft/vendor/phpunit/phpunit/src/Framework/TestSuite.php(746): PHPUnit\\Framework\\TestSuite->run(Object(PHPUnit\\Framework\\TestResult))
#68 /usr/local/var/www/workspace/zilrsoft/vendor/phpunit/phpunit/src/TextUI/TestRunner.php(652): PHPUnit\\Framework\\TestSuite->run(Object(PHPUnit\\Framework\\TestResult))
#69 /usr/local/var/www/workspace/zilrsoft/vendor/phpunit/phpunit/src/TextUI/Command.php(206): PHPUnit\\TextUI\\TestRunner->doRun(Object(PHPUnit\\Framework\\TestSuite), Array, true)
#70 /usr/local/var/www/workspace/zilrsoft/vendor/phpunit/phpunit/src/TextUI/Command.php(162): PHPUnit\\TextUI\\Command->run(Array, true)
#71 /usr/local/var/www/workspace/zilrsoft/vendor/phpunit/phpunit/phpunit(61): PHPUnit\\TextUI\\Command::main()
#72 {main}
"} 
