[2020-08-16 18:47:44] producation.ERROR: Cannot declare class App\Http\Controllers\ReportController, because the name is already in use {"exception":"[object] (Symfony\\Component\\Debug\\Exception\\FatalErrorException(code: 64): Cannot declare class App\\Http\\Controllers\\ReportController, because the name is already in use at /usr/local/var/www/workspace/zilrsoft/app/Http/Controllers/Accounting/ReportController.php:84)
[stacktrace]
#0 {main}
"} 
[2020-08-16 18:55:13] producation.ERROR: assert(): assert($creditAmount === $debitAmount) failed {"exception":"[object] (ErrorException(code: 0): assert(): assert($creditAmount === $debitAmount) failed at /usr/local/var/www/workspace/zilrsoft/app/Console/Commands/SalesInvoicesTransactionFixerCommand.php:64)
[stacktrace]
#0 [internal function]: Illuminate\\Foundation\\Bootstrap\\HandleExceptions->handleError(2, 'assert(): asser...', '/usr/local/var/...', 64, Array)
#1 /usr/local/var/www/workspace/zilrsoft/app/Console/Commands/SalesInvoicesTransactionFixerCommand.php(64): assert(false, 'assert($creditA...')
#2 [internal function]: App\\Console\\Commands\\SalesInvoicesTransactionFixerCommand->handle()
#3 /usr/local/var/www/workspace/zilrsoft/vendor/laravel/framework/src/Illuminate/Container/BoundMethod.php(32): call_user_func_array(Array, Array)
#4 /usr/local/var/www/workspace/zilrsoft/vendor/laravel/framework/src/Illuminate/Container/Util.php(37): Illuminate\\Container\\BoundMethod::Illuminate\\Container\\{closure}()
#5 /usr/local/var/www/workspace/zilrsoft/vendor/laravel/framework/src/Illuminate/Container/BoundMethod.php(90): Illuminate\\Container\\Util::unwrapIfClosure(Object(Closure))
#6 /usr/local/var/www/workspace/zilrsoft/vendor/laravel/framework/src/Illuminate/Container/BoundMethod.php(34): Illuminate\\Container\\BoundMethod::callBoundMethod(Object(Illuminate\\Foundation\\Application), Array, Object(Closure))
#7 /usr/local/var/www/workspace/zilrsoft/vendor/laravel/framework/src/Illuminate/Container/Container.php(590): Illuminate\\Container\\BoundMethod::call(Object(Illuminate\\Foundation\\Application), Array, Array, NULL)
#8 /usr/local/var/www/workspace/zilrsoft/vendor/laravel/framework/src/Illuminate/Console/Command.php(134): Illuminate\\Container\\Container->call(Array)
#9 /usr/local/var/www/workspace/zilrsoft/vendor/symfony/console/Command/Command.php(255): Illuminate\\Console\\Command->execute(Object(Symfony\\Component\\Console\\Input\\ArgvInput), Object(Illuminate\\Console\\OutputStyle))
#10 /usr/local/var/www/workspace/zilrsoft/vendor/laravel/framework/src/Illuminate/Console/Command.php(121): Symfony\\Component\\Console\\Command\\Command->run(Object(Symfony\\Component\\Console\\Input\\ArgvInput), Object(Illuminate\\Console\\OutputStyle))
#11 /usr/local/var/www/workspace/zilrsoft/vendor/symfony/console/Application.php(1000): Illuminate\\Console\\Command->run(Object(Symfony\\Component\\Console\\Input\\ArgvInput), Object(Symfony\\Component\\Console\\Output\\ConsoleOutput))
#12 /usr/local/var/www/workspace/zilrsoft/vendor/symfony/console/Application.php(271): Symfony\\Component\\Console\\Application->doRunCommand(Object(App\\Console\\Commands\\SalesInvoicesTransactionFixerCommand), Object(Symfony\\Component\\Console\\Input\\ArgvInput), Object(Symfony\\Component\\Console\\Output\\ConsoleOutput))
#13 /usr/local/var/www/workspace/zilrsoft/vendor/symfony/console/Application.php(147): Symfony\\Component\\Console\\Application->doRun(Object(Symfony\\Component\\Console\\Input\\ArgvInput), Object(Symfony\\Component\\Console\\Output\\ConsoleOutput))
#14 /usr/local/var/www/workspace/zilrsoft/vendor/laravel/framework/src/Illuminate/Console/Application.php(93): Symfony\\Component\\Console\\Application->run(Object(Symfony\\Component\\Console\\Input\\ArgvInput), Object(Symfony\\Component\\Console\\Output\\ConsoleOutput))
#15 /usr/local/var/www/workspace/zilrsoft/vendor/laravel/framework/src/Illuminate/Foundation/Console/Kernel.php(131): Illuminate\\Console\\Application->run(Object(Symfony\\Component\\Console\\Input\\ArgvInput), Object(Symfony\\Component\\Console\\Output\\ConsoleOutput))
#16 /usr/local/var/www/workspace/zilrsoft/artisan(37): Illuminate\\Foundation\\Console\\Kernel->handle(Object(Symfony\\Component\\Console\\Input\\ArgvInput), Object(Symfony\\Component\\Console\\Output\\ConsoleOutput))
#17 {main}
"} 
[2020-08-16 19:01:43] producation.ERROR: Cannot declare class App\Http\Controllers\ReportController, because the name is already in use {"exception":"[object] (Symfony\\Component\\Debug\\Exception\\FatalErrorException(code: 64): Cannot declare class App\\Http\\Controllers\\ReportController, because the name is already in use at /usr/local/var/www/workspace/zilrsoft/app/Http/Controllers/Accounting/ReportController.php:84)
[stacktrace]
#0 {main}
"} 
[2020-08-16 19:02:09] producation.ERROR: Cannot declare class App\Http\Controllers\ReportController, because the name is already in use {"exception":"[object] (Symfony\\Component\\Debug\\Exception\\FatalErrorException(code: 64): Cannot declare class App\\Http\\Controllers\\ReportController, because the name is already in use at /usr/local/var/www/workspace/zilrsoft/app/Http/Controllers/Accounting/ReportController.php:84)
[stacktrace]
#0 {main}
"} 
[2020-08-16 19:02:14] producation.ERROR: Cannot declare class App\Http\Controllers\ReportController, because the name is already in use {"exception":"[object] (Symfony\\Component\\Debug\\Exception\\FatalErrorException(code: 64): Cannot declare class App\\Http\\Controllers\\ReportController, because the name is already in use at /usr/local/var/www/workspace/zilrsoft/app/Http/Controllers/Accounting/ReportController.php:84)
[stacktrace]
#0 {main}
"} 
[2020-08-16 19:02:17] producation.ERROR: Cannot declare class App\Http\Controllers\ReportController, because the name is already in use {"exception":"[object] (Symfony\\Component\\Debug\\Exception\\FatalErrorException(code: 64): Cannot declare class App\\Http\\Controllers\\ReportController, because the name is already in use at /usr/local/var/www/workspace/zilrsoft/app/Http/Controllers/Accounting/ReportController.php:84)
[stacktrace]
#0 {main}
"} 
[2020-08-16 19:02:23] producation.ERROR: Cannot declare class App\Http\Controllers\ReportController, because the name is already in use {"exception":"[object] (Symfony\\Component\\Debug\\Exception\\FatalErrorException(code: 64): Cannot declare class App\\Http\\Controllers\\ReportController, because the name is already in use at /usr/local/var/www/workspace/zilrsoft/app/Http/Controllers/Accounting/ReportController.php:84)
[stacktrace]
#0 {main}
"} 
[2020-08-16 19:02:26] producation.ERROR: Cannot declare class App\Http\Controllers\ReportController, because the name is already in use {"exception":"[object] (Symfony\\Component\\Debug\\Exception\\FatalErrorException(code: 64): Cannot declare class App\\Http\\Controllers\\ReportController, because the name is already in use at /usr/local/var/www/workspace/zilrsoft/app/Http/Controllers/Accounting/ReportController.php:84)
[stacktrace]
#0 {main}
"} 
[2020-08-16 19:02:30] producation.ERROR: Cannot declare class App\Http\Controllers\ReportController, because the name is already in use {"exception":"[object] (Symfony\\Component\\Debug\\Exception\\FatalErrorException(code: 64): Cannot declare class App\\Http\\Controllers\\ReportController, because the name is already in use at /usr/local/var/www/workspace/zilrsoft/app/Http/Controllers/Accounting/ReportController.php:84)
[stacktrace]
#0 {main}
"} 
[2020-08-16 19:02:54] producation.ERROR: Cannot declare class App\Http\Controllers\ReportController, because the name is already in use {"exception":"[object] (Symfony\\Component\\Debug\\Exception\\FatalErrorException(code: 64): Cannot declare class App\\Http\\Controllers\\ReportController, because the name is already in use at /usr/local/var/www/workspace/zilrsoft/app/Http/Controllers/Accounting/ReportController.php:84)
[stacktrace]
#0 {main}
"} 
[2020-08-16 19:02:57] producation.ERROR: Cannot declare class App\Http\Controllers\ReportController, because the name is already in use {"exception":"[object] (Symfony\\Component\\Debug\\Exception\\FatalErrorException(code: 64): Cannot declare class App\\Http\\Controllers\\ReportController, because the name is already in use at /usr/local/var/www/workspace/zilrsoft/app/Http/Controllers/Accounting/ReportController.php:84)
[stacktrace]
#0 {main}
"} 
[2020-08-16 19:03:06] producation.ERROR: Cannot declare class App\Http\Controllers\ReportController, because the name is already in use {"exception":"[object] (Symfony\\Component\\Debug\\Exception\\FatalErrorException(code: 64): Cannot declare class App\\Http\\Controllers\\ReportController, because the name is already in use at /usr/local/var/www/workspace/zilrsoft/app/Http/Controllers/Accounting/ReportController.php:84)
[stacktrace]
#0 {main}
"} 
[2020-08-16 19:03:19] producation.ERROR: Cannot declare class App\Http\Controllers\ReportController, because the name is already in use {"exception":"[object] (Symfony\\Component\\Debug\\Exception\\FatalErrorException(code: 64): Cannot declare class App\\Http\\Controllers\\ReportController, because the name is already in use at /usr/local/var/www/workspace/zilrsoft/app/Http/Controllers/Accounting/ReportController.php:84)
[stacktrace]
#0 {main}
"} 
[2020-08-16 19:03:22] producation.ERROR: Cannot declare class App\Http\Controllers\ReportController, because the name is already in use {"exception":"[object] (Symfony\\Component\\Debug\\Exception\\FatalErrorException(code: 64): Cannot declare class App\\Http\\Controllers\\ReportController, because the name is already in use at /usr/local/var/www/workspace/zilrsoft/app/Http/Controllers/Accounting/ReportController.php:84)
[stacktrace]
#0 {main}
"} 
[2020-08-16 19:03:28] producation.ERROR: Cannot declare class App\Http\Controllers\ReportController, because the name is already in use {"exception":"[object] (Symfony\\Component\\Debug\\Exception\\FatalErrorException(code: 64): Cannot declare class App\\Http\\Controllers\\ReportController, because the name is already in use at /usr/local/var/www/workspace/zilrsoft/app/Http/Controllers/Accounting/ReportController.php:84)
[stacktrace]
#0 {main}
"} 
[2020-08-16 19:04:13] producation.ERROR: Cannot declare class App\Http\Controllers\ReportController, because the name is already in use {"exception":"[object] (Symfony\\Component\\Debug\\Exception\\FatalErrorException(code: 64): Cannot declare class App\\Http\\Controllers\\ReportController, because the name is already in use at /usr/local/var/www/workspace/zilrsoft/app/Http/Controllers/Accounting/ReportController.php:84)
[stacktrace]
#0 {main}
"} 
[2020-08-16 19:05:12] producation.ERROR: Cannot declare class App\Http\Controllers\ReportController, because the name is already in use {"exception":"[object] (Symfony\\Component\\Debug\\Exception\\FatalErrorException(code: 64): Cannot declare class App\\Http\\Controllers\\ReportController, because the name is already in use at /usr/local/var/www/workspace/zilrsoft/app/Http/Controllers/Accounting/ReportController.php:84)
[stacktrace]
#0 {main}
"} 
[2020-08-16 19:05:25] producation.ERROR: Cannot declare class App\Http\Controllers\ReportController, because the name is already in use {"exception":"[object] (Symfony\\Component\\Debug\\Exception\\FatalErrorException(code: 64): Cannot declare class App\\Http\\Controllers\\ReportController, because the name is already in use at /usr/local/var/www/workspace/zilrsoft/app/Http/Controllers/Accounting/ReportController.php:84)
[stacktrace]
#0 {main}
"} 
[2020-08-16 19:07:06] producation.ERROR: Cannot declare class App\Http\Controllers\ReportController, because the name is already in use {"exception":"[object] (Symfony\\Component\\Debug\\Exception\\FatalErrorException(code: 64): Cannot declare class App\\Http\\Controllers\\ReportController, because the name is already in use at /usr/local/var/www/workspace/zilrsoft/app/Http/Controllers/Accounting/ReportController.php:84)
[stacktrace]
#0 {main}
"} 
