[2020-07-08 22:23:49] producation.ERROR: file_put_contents(/usr/local/var/www/vhosts/zilrsoft/storage/framework/cache/data/31/9f/319f1074f01c1b6c69695e49f484f5e98cb8617f): failed to open stream: Permission denied {"exception":"[object] (ErrorException(code: 0): file_put_contents(/usr/local/var/www/vhosts/zilrsoft/storage/framework/cache/data/31/9f/319f1074f01c1b6c69695e49f484f5e98cb8617f): failed to open stream: Permission denied at /usr/local/var/www/vhosts/zilrsoft/vendor/laravel/framework/src/Illuminate/Filesystem/Filesystem.php:133)
[stacktrace]
#0 [internal function]: Illuminate\\Foundation\\Bootstrap\\HandleExceptions->handleError(2, 'file_put_conten...', '/usr/local/var/...', 133, Array)
#1 /usr/local/var/www/vhosts/zilrsoft/vendor/laravel/framework/src/Illuminate/Filesystem/Filesystem.php(133): file_put_contents('/usr/local/var/...', '1594236289i:159...', 2)
#2 /usr/local/var/www/vhosts/zilrsoft/vendor/laravel/framework/src/Illuminate/Cache/FileStore.php(74): Illuminate\\Filesystem\\Filesystem->put('/usr/local/var/...', '1594236289i:159...', true)
#3 /usr/local/var/www/vhosts/zilrsoft/vendor/laravel/framework/src/Illuminate/Cache/Repository.php(211): Illuminate\\Cache\\FileStore->put('a2f75f8449d42e4...', 1594236289, 60)
#4 /usr/local/var/www/vhosts/zilrsoft/vendor/laravel/framework/src/Illuminate/Cache/Repository.php(316): Illuminate\\Cache\\Repository->put('a2f75f8449d42e4...', 1594236289, 60)
#5 /usr/local/var/www/vhosts/zilrsoft/vendor/laravel/framework/src/Illuminate/Cache/RateLimiter.php(60): Illuminate\\Cache\\Repository->add('a2f75f8449d42e4...', 1594236289, 60)
#6 /usr/local/var/www/vhosts/zilrsoft/vendor/laravel/framework/src/Illuminate/Routing/Middleware/ThrottleRequests.php(57): Illuminate\\Cache\\RateLimiter->hit('a2f75f8449d42e4...', 60)
#7 /usr/local/var/www/vhosts/zilrsoft/vendor/laravel/framework/src/Illuminate/Pipeline/Pipeline.php(171): Illuminate\\Routing\\Middleware\\ThrottleRequests->handle(Object(Illuminate\\Http\\Request), Object(Closure), 60, '1')
#8 /usr/local/var/www/vhosts/zilrsoft/vendor/laravel/framework/src/Illuminate/Pipeline/Pipeline.php(105): Illuminate\\Pipeline\\Pipeline->Illuminate\\Pipeline\\{closure}(Object(Illuminate\\Http\\Request))
#9 /usr/local/var/www/vhosts/zilrsoft/vendor/laravel/framework/src/Illuminate/Routing/Router.php(683): Illuminate\\Pipeline\\Pipeline->then(Object(Closure))
#10 /usr/local/var/www/vhosts/zilrsoft/vendor/laravel/framework/src/Illuminate/Routing/Router.php(658): Illuminate\\Routing\\Router->runRouteWithinStack(Object(Illuminate\\Routing\\Route), Object(Illuminate\\Http\\Request))
#11 /usr/local/var/www/vhosts/zilrsoft/vendor/laravel/framework/src/Illuminate/Routing/Router.php(624): Illuminate\\Routing\\Router->runRoute(Object(Illuminate\\Http\\Request), Object(Illuminate\\Routing\\Route))
#12 /usr/local/var/www/vhosts/zilrsoft/vendor/laravel/framework/src/Illuminate/Routing/Router.php(613): Illuminate\\Routing\\Router->dispatchToRoute(Object(Illuminate\\Http\\Request))
#13 /usr/local/var/www/vhosts/zilrsoft/vendor/laravel/framework/src/Illuminate/Foundation/Http/Kernel.php(170): Illuminate\\Routing\\Router->dispatch(Object(Illuminate\\Http\\Request))
#14 /usr/local/var/www/vhosts/zilrsoft/vendor/laravel/framework/src/Illuminate/Pipeline/Pipeline.php(130): Illuminate\\Foundation\\Http\\Kernel->Illuminate\\Foundation\\Http\\{closure}(Object(Illuminate\\Http\\Request))
#15 /usr/local/var/www/vhosts/zilrsoft/vendor/barryvdh/laravel-debugbar/src/Middleware/InjectDebugbar.php(65): Illuminate\\Pipeline\\Pipeline->Illuminate\\Pipeline\\{closure}(Object(Illuminate\\Http\\Request))
#16 /usr/local/var/www/vhosts/zilrsoft/vendor/laravel/framework/src/Illuminate/Pipeline/Pipeline.php(171): Barryvdh\\Debugbar\\Middleware\\InjectDebugbar->handle(Object(Illuminate\\Http\\Request), Object(Closure))
#17 /usr/local/var/www/vhosts/zilrsoft/vendor/laravel/framework/src/Illuminate/Foundation/Http/Middleware/TransformsRequest.php(21): Illuminate\\Pipeline\\Pipeline->Illuminate\\Pipeline\\{closure}(Object(Illuminate\\Http\\Request))
#18 /usr/local/var/www/vhosts/zilrsoft/vendor/laravel/framework/src/Illuminate/Pipeline/Pipeline.php(171): Illuminate\\Foundation\\Http\\Middleware\\TransformsRequest->handle(Object(Illuminate\\Http\\Request), Object(Closure))
#19 /usr/local/var/www/vhosts/zilrsoft/vendor/laravel/framework/src/Illuminate/Foundation/Http/Middleware/TransformsRequest.php(21): Illuminate\\Pipeline\\Pipeline->Illuminate\\Pipeline\\{closure}(Object(Illuminate\\Http\\Request))
#20 /usr/local/var/www/vhosts/zilrsoft/vendor/laravel/framework/src/Illuminate/Pipeline/Pipeline.php(171): Illuminate\\Foundation\\Http\\Middleware\\TransformsRequest->handle(Object(Illuminate\\Http\\Request), Object(Closure))
#21 /usr/local/var/www/vhosts/zilrsoft/vendor/laravel/framework/src/Illuminate/Foundation/Http/Middleware/ValidatePostSize.php(27): Illuminate\\Pipeline\\Pipeline->Illuminate\\Pipeline\\{closure}(Object(Illuminate\\Http\\Request))
#22 /usr/local/var/www/vhosts/zilrsoft/vendor/laravel/framework/src/Illuminate/Pipeline/Pipeline.php(171): Illuminate\\Foundation\\Http\\Middleware\\ValidatePostSize->handle(Object(Illuminate\\Http\\Request), Object(Closure))
#23 /usr/local/var/www/vhosts/zilrsoft/vendor/laravel/framework/src/Illuminate/Foundation/Http/Middleware/CheckForMaintenanceMode.php(63): Illuminate\\Pipeline\\Pipeline->Illuminate\\Pipeline\\{closure}(Object(Illuminate\\Http\\Request))
#24 /usr/local/var/www/vhosts/zilrsoft/vendor/laravel/framework/src/Illuminate/Pipeline/Pipeline.php(171): Illuminate\\Foundation\\Http\\Middleware\\CheckForMaintenanceMode->handle(Object(Illuminate\\Http\\Request), Object(Closure))
#25 /usr/local/var/www/vhosts/zilrsoft/vendor/fideloper/proxy/src/TrustProxies.php(57): Illuminate\\Pipeline\\Pipeline->Illuminate\\Pipeline\\{closure}(Object(Illuminate\\Http\\Request))
#26 /usr/local/var/www/vhosts/zilrsoft/vendor/laravel/framework/src/Illuminate/Pipeline/Pipeline.php(171): Fideloper\\Proxy\\TrustProxies->handle(Object(Illuminate\\Http\\Request), Object(Closure))
#27 /usr/local/var/www/vhosts/zilrsoft/vendor/laravel/framework/src/Illuminate/Pipeline/Pipeline.php(105): Illuminate\\Pipeline\\Pipeline->Illuminate\\Pipeline\\{closure}(Object(Illuminate\\Http\\Request))
#28 /usr/local/var/www/vhosts/zilrsoft/vendor/laravel/framework/src/Illuminate/Foundation/Http/Kernel.php(145): Illuminate\\Pipeline\\Pipeline->then(Object(Closure))
#29 /usr/local/var/www/vhosts/zilrsoft/vendor/laravel/framework/src/Illuminate/Foundation/Http/Kernel.php(110): Illuminate\\Foundation\\Http\\Kernel->sendRequestThroughRouter(Object(Illuminate\\Http\\Request))
#30 /usr/local/var/www/vhosts/zilrsoft/public/index.php(55): Illuminate\\Foundation\\Http\\Kernel->handle(Object(Illuminate\\Http\\Request))
#31 /usr/local/var/www/vhosts/zilrsoft/server.php(21): require_once('/usr/local/var/...')
#32 {main}
"} 
[2020-07-08 22:23:50] producation.ERROR: file_put_contents(/usr/local/var/www/vhosts/zilrsoft/storage/framework/cache/data/31/9f/319f1074f01c1b6c69695e49f484f5e98cb8617f): failed to open stream: Permission denied {"exception":"[object] (ErrorException(code: 0): file_put_contents(/usr/local/var/www/vhosts/zilrsoft/storage/framework/cache/data/31/9f/319f1074f01c1b6c69695e49f484f5e98cb8617f): failed to open stream: Permission denied at /usr/local/var/www/vhosts/zilrsoft/vendor/laravel/framework/src/Illuminate/Filesystem/Filesystem.php:133)
[stacktrace]
#0 [internal function]: Illuminate\\Foundation\\Bootstrap\\HandleExceptions->handleError(2, 'file_put_conten...', '/usr/local/var/...', 133, Array)
#1 /usr/local/var/www/vhosts/zilrsoft/vendor/laravel/framework/src/Illuminate/Filesystem/Filesystem.php(133): file_put_contents('/usr/local/var/...', '1594236290i:159...', 2)
#2 /usr/local/var/www/vhosts/zilrsoft/vendor/laravel/framework/src/Illuminate/Cache/FileStore.php(74): Illuminate\\Filesystem\\Filesystem->put('/usr/local/var/...', '1594236290i:159...', true)
#3 /usr/local/var/www/vhosts/zilrsoft/vendor/laravel/framework/src/Illuminate/Cache/Repository.php(211): Illuminate\\Cache\\FileStore->put('a2f75f8449d42e4...', 1594236290, 60)
#4 /usr/local/var/www/vhosts/zilrsoft/vendor/laravel/framework/src/Illuminate/Cache/Repository.php(316): Illuminate\\Cache\\Repository->put('a2f75f8449d42e4...', 1594236290, 60)
#5 /usr/local/var/www/vhosts/zilrsoft/vendor/laravel/framework/src/Illuminate/Cache/RateLimiter.php(60): Illuminate\\Cache\\Repository->add('a2f75f8449d42e4...', 1594236290, 60)
#6 /usr/local/var/www/vhosts/zilrsoft/vendor/laravel/framework/src/Illuminate/Routing/Middleware/ThrottleRequests.php(57): Illuminate\\Cache\\RateLimiter->hit('a2f75f8449d42e4...', 60)
#7 /usr/local/var/www/vhosts/zilrsoft/vendor/laravel/framework/src/Illuminate/Pipeline/Pipeline.php(171): Illuminate\\Routing\\Middleware\\ThrottleRequests->handle(Object(Illuminate\\Http\\Request), Object(Closure), 60, '1')
#8 /usr/local/var/www/vhosts/zilrsoft/vendor/laravel/framework/src/Illuminate/Pipeline/Pipeline.php(105): Illuminate\\Pipeline\\Pipeline->Illuminate\\Pipeline\\{closure}(Object(Illuminate\\Http\\Request))
#9 /usr/local/var/www/vhosts/zilrsoft/vendor/laravel/framework/src/Illuminate/Routing/Router.php(683): Illuminate\\Pipeline\\Pipeline->then(Object(Closure))
#10 /usr/local/var/www/vhosts/zilrsoft/vendor/laravel/framework/src/Illuminate/Routing/Router.php(658): Illuminate\\Routing\\Router->runRouteWithinStack(Object(Illuminate\\Routing\\Route), Object(Illuminate\\Http\\Request))
#11 /usr/local/var/www/vhosts/zilrsoft/vendor/laravel/framework/src/Illuminate/Routing/Router.php(624): Illuminate\\Routing\\Router->runRoute(Object(Illuminate\\Http\\Request), Object(Illuminate\\Routing\\Route))
#12 /usr/local/var/www/vhosts/zilrsoft/vendor/laravel/framework/src/Illuminate/Routing/Router.php(613): Illuminate\\Routing\\Router->dispatchToRoute(Object(Illuminate\\Http\\Request))
#13 /usr/local/var/www/vhosts/zilrsoft/vendor/laravel/framework/src/Illuminate/Foundation/Http/Kernel.php(170): Illuminate\\Routing\\Router->dispatch(Object(Illuminate\\Http\\Request))
#14 /usr/local/var/www/vhosts/zilrsoft/vendor/laravel/framework/src/Illuminate/Pipeline/Pipeline.php(130): Illuminate\\Foundation\\Http\\Kernel->Illuminate\\Foundation\\Http\\{closure}(Object(Illuminate\\Http\\Request))
#15 /usr/local/var/www/vhosts/zilrsoft/vendor/barryvdh/laravel-debugbar/src/Middleware/InjectDebugbar.php(65): Illuminate\\Pipeline\\Pipeline->Illuminate\\Pipeline\\{closure}(Object(Illuminate\\Http\\Request))
#16 /usr/local/var/www/vhosts/zilrsoft/vendor/laravel/framework/src/Illuminate/Pipeline/Pipeline.php(171): Barryvdh\\Debugbar\\Middleware\\InjectDebugbar->handle(Object(Illuminate\\Http\\Request), Object(Closure))
#17 /usr/local/var/www/vhosts/zilrsoft/vendor/laravel/framework/src/Illuminate/Foundation/Http/Middleware/TransformsRequest.php(21): Illuminate\\Pipeline\\Pipeline->Illuminate\\Pipeline\\{closure}(Object(Illuminate\\Http\\Request))
#18 /usr/local/var/www/vhosts/zilrsoft/vendor/laravel/framework/src/Illuminate/Pipeline/Pipeline.php(171): Illuminate\\Foundation\\Http\\Middleware\\TransformsRequest->handle(Object(Illuminate\\Http\\Request), Object(Closure))
#19 /usr/local/var/www/vhosts/zilrsoft/vendor/laravel/framework/src/Illuminate/Foundation/Http/Middleware/TransformsRequest.php(21): Illuminate\\Pipeline\\Pipeline->Illuminate\\Pipeline\\{closure}(Object(Illuminate\\Http\\Request))
#20 /usr/local/var/www/vhosts/zilrsoft/vendor/laravel/framework/src/Illuminate/Pipeline/Pipeline.php(171): Illuminate\\Foundation\\Http\\Middleware\\TransformsRequest->handle(Object(Illuminate\\Http\\Request), Object(Closure))
#21 /usr/local/var/www/vhosts/zilrsoft/vendor/laravel/framework/src/Illuminate/Foundation/Http/Middleware/ValidatePostSize.php(27): Illuminate\\Pipeline\\Pipeline->Illuminate\\Pipeline\\{closure}(Object(Illuminate\\Http\\Request))
#22 /usr/local/var/www/vhosts/zilrsoft/vendor/laravel/framework/src/Illuminate/Pipeline/Pipeline.php(171): Illuminate\\Foundation\\Http\\Middleware\\ValidatePostSize->handle(Object(Illuminate\\Http\\Request), Object(Closure))
#23 /usr/local/var/www/vhosts/zilrsoft/vendor/laravel/framework/src/Illuminate/Foundation/Http/Middleware/CheckForMaintenanceMode.php(63): Illuminate\\Pipeline\\Pipeline->Illuminate\\Pipeline\\{closure}(Object(Illuminate\\Http\\Request))
#24 /usr/local/var/www/vhosts/zilrsoft/vendor/laravel/framework/src/Illuminate/Pipeline/Pipeline.php(171): Illuminate\\Foundation\\Http\\Middleware\\CheckForMaintenanceMode->handle(Object(Illuminate\\Http\\Request), Object(Closure))
#25 /usr/local/var/www/vhosts/zilrsoft/vendor/fideloper/proxy/src/TrustProxies.php(57): Illuminate\\Pipeline\\Pipeline->Illuminate\\Pipeline\\{closure}(Object(Illuminate\\Http\\Request))
#26 /usr/local/var/www/vhosts/zilrsoft/vendor/laravel/framework/src/Illuminate/Pipeline/Pipeline.php(171): Fideloper\\Proxy\\TrustProxies->handle(Object(Illuminate\\Http\\Request), Object(Closure))
#27 /usr/local/var/www/vhosts/zilrsoft/vendor/laravel/framework/src/Illuminate/Pipeline/Pipeline.php(105): Illuminate\\Pipeline\\Pipeline->Illuminate\\Pipeline\\{closure}(Object(Illuminate\\Http\\Request))
#28 /usr/local/var/www/vhosts/zilrsoft/vendor/laravel/framework/src/Illuminate/Foundation/Http/Kernel.php(145): Illuminate\\Pipeline\\Pipeline->then(Object(Closure))
#29 /usr/local/var/www/vhosts/zilrsoft/vendor/laravel/framework/src/Illuminate/Foundation/Http/Kernel.php(110): Illuminate\\Foundation\\Http\\Kernel->sendRequestThroughRouter(Object(Illuminate\\Http\\Request))
#30 /usr/local/var/www/vhosts/zilrsoft/public/index.php(55): Illuminate\\Foundation\\Http\\Kernel->handle(Object(Illuminate\\Http\\Request))
#31 /usr/local/var/www/vhosts/zilrsoft/server.php(21): require_once('/usr/local/var/...')
#32 {main}
"} 
[2020-07-08 22:23:50] producation.ERROR: file_put_contents(/usr/local/var/www/vhosts/zilrsoft/storage/framework/cache/data/31/9f/319f1074f01c1b6c69695e49f484f5e98cb8617f): failed to open stream: Permission denied {"exception":"[object] (ErrorException(code: 0): file_put_contents(/usr/local/var/www/vhosts/zilrsoft/storage/framework/cache/data/31/9f/319f1074f01c1b6c69695e49f484f5e98cb8617f): failed to open stream: Permission denied at /usr/local/var/www/vhosts/zilrsoft/vendor/laravel/framework/src/Illuminate/Filesystem/Filesystem.php:133)
[stacktrace]
#0 [internal function]: Illuminate\\Foundation\\Bootstrap\\HandleExceptions->handleError(2, 'file_put_conten...', '/usr/local/var/...', 133, Array)
#1 /usr/local/var/www/vhosts/zilrsoft/vendor/laravel/framework/src/Illuminate/Filesystem/Filesystem.php(133): file_put_contents('/usr/local/var/...', '1594236290i:159...', 2)
#2 /usr/local/var/www/vhosts/zilrsoft/vendor/laravel/framework/src/Illuminate/Cache/FileStore.php(74): Illuminate\\Filesystem\\Filesystem->put('/usr/local/var/...', '1594236290i:159...', true)
#3 /usr/local/var/www/vhosts/zilrsoft/vendor/laravel/framework/src/Illuminate/Cache/Repository.php(211): Illuminate\\Cache\\FileStore->put('a2f75f8449d42e4...', 1594236290, 60)
#4 /usr/local/var/www/vhosts/zilrsoft/vendor/laravel/framework/src/Illuminate/Cache/Repository.php(316): Illuminate\\Cache\\Repository->put('a2f75f8449d42e4...', 1594236290, 60)
#5 /usr/local/var/www/vhosts/zilrsoft/vendor/laravel/framework/src/Illuminate/Cache/RateLimiter.php(60): Illuminate\\Cache\\Repository->add('a2f75f8449d42e4...', 1594236290, 60)
#6 /usr/local/var/www/vhosts/zilrsoft/vendor/laravel/framework/src/Illuminate/Routing/Middleware/ThrottleRequests.php(57): Illuminate\\Cache\\RateLimiter->hit('a2f75f8449d42e4...', 60)
#7 /usr/local/var/www/vhosts/zilrsoft/vendor/laravel/framework/src/Illuminate/Pipeline/Pipeline.php(171): Illuminate\\Routing\\Middleware\\ThrottleRequests->handle(Object(Illuminate\\Http\\Request), Object(Closure), 60, '1')
#8 /usr/local/var/www/vhosts/zilrsoft/vendor/laravel/framework/src/Illuminate/Pipeline/Pipeline.php(105): Illuminate\\Pipeline\\Pipeline->Illuminate\\Pipeline\\{closure}(Object(Illuminate\\Http\\Request))
#9 /usr/local/var/www/vhosts/zilrsoft/vendor/laravel/framework/src/Illuminate/Routing/Router.php(683): Illuminate\\Pipeline\\Pipeline->then(Object(Closure))
#10 /usr/local/var/www/vhosts/zilrsoft/vendor/laravel/framework/src/Illuminate/Routing/Router.php(658): Illuminate\\Routing\\Router->runRouteWithinStack(Object(Illuminate\\Routing\\Route), Object(Illuminate\\Http\\Request))
#11 /usr/local/var/www/vhosts/zilrsoft/vendor/laravel/framework/src/Illuminate/Routing/Router.php(624): Illuminate\\Routing\\Router->runRoute(Object(Illuminate\\Http\\Request), Object(Illuminate\\Routing\\Route))
#12 /usr/local/var/www/vhosts/zilrsoft/vendor/laravel/framework/src/Illuminate/Routing/Router.php(613): Illuminate\\Routing\\Router->dispatchToRoute(Object(Illuminate\\Http\\Request))
#13 /usr/local/var/www/vhosts/zilrsoft/vendor/laravel/framework/src/Illuminate/Foundation/Http/Kernel.php(170): Illuminate\\Routing\\Router->dispatch(Object(Illuminate\\Http\\Request))
#14 /usr/local/var/www/vhosts/zilrsoft/vendor/laravel/framework/src/Illuminate/Pipeline/Pipeline.php(130): Illuminate\\Foundation\\Http\\Kernel->Illuminate\\Foundation\\Http\\{closure}(Object(Illuminate\\Http\\Request))
#15 /usr/local/var/www/vhosts/zilrsoft/vendor/barryvdh/laravel-debugbar/src/Middleware/InjectDebugbar.php(65): Illuminate\\Pipeline\\Pipeline->Illuminate\\Pipeline\\{closure}(Object(Illuminate\\Http\\Request))
#16 /usr/local/var/www/vhosts/zilrsoft/vendor/laravel/framework/src/Illuminate/Pipeline/Pipeline.php(171): Barryvdh\\Debugbar\\Middleware\\InjectDebugbar->handle(Object(Illuminate\\Http\\Request), Object(Closure))
#17 /usr/local/var/www/vhosts/zilrsoft/vendor/laravel/framework/src/Illuminate/Foundation/Http/Middleware/TransformsRequest.php(21): Illuminate\\Pipeline\\Pipeline->Illuminate\\Pipeline\\{closure}(Object(Illuminate\\Http\\Request))
#18 /usr/local/var/www/vhosts/zilrsoft/vendor/laravel/framework/src/Illuminate/Pipeline/Pipeline.php(171): Illuminate\\Foundation\\Http\\Middleware\\TransformsRequest->handle(Object(Illuminate\\Http\\Request), Object(Closure))
#19 /usr/local/var/www/vhosts/zilrsoft/vendor/laravel/framework/src/Illuminate/Foundation/Http/Middleware/TransformsRequest.php(21): Illuminate\\Pipeline\\Pipeline->Illuminate\\Pipeline\\{closure}(Object(Illuminate\\Http\\Request))
#20 /usr/local/var/www/vhosts/zilrsoft/vendor/laravel/framework/src/Illuminate/Pipeline/Pipeline.php(171): Illuminate\\Foundation\\Http\\Middleware\\TransformsRequest->handle(Object(Illuminate\\Http\\Request), Object(Closure))
#21 /usr/local/var/www/vhosts/zilrsoft/vendor/laravel/framework/src/Illuminate/Foundation/Http/Middleware/ValidatePostSize.php(27): Illuminate\\Pipeline\\Pipeline->Illuminate\\Pipeline\\{closure}(Object(Illuminate\\Http\\Request))
#22 /usr/local/var/www/vhosts/zilrsoft/vendor/laravel/framework/src/Illuminate/Pipeline/Pipeline.php(171): Illuminate\\Foundation\\Http\\Middleware\\ValidatePostSize->handle(Object(Illuminate\\Http\\Request), Object(Closure))
#23 /usr/local/var/www/vhosts/zilrsoft/vendor/laravel/framework/src/Illuminate/Foundation/Http/Middleware/CheckForMaintenanceMode.php(63): Illuminate\\Pipeline\\Pipeline->Illuminate\\Pipeline\\{closure}(Object(Illuminate\\Http\\Request))
#24 /usr/local/var/www/vhosts/zilrsoft/vendor/laravel/framework/src/Illuminate/Pipeline/Pipeline.php(171): Illuminate\\Foundation\\Http\\Middleware\\CheckForMaintenanceMode->handle(Object(Illuminate\\Http\\Request), Object(Closure))
#25 /usr/local/var/www/vhosts/zilrsoft/vendor/fideloper/proxy/src/TrustProxies.php(57): Illuminate\\Pipeline\\Pipeline->Illuminate\\Pipeline\\{closure}(Object(Illuminate\\Http\\Request))
#26 /usr/local/var/www/vhosts/zilrsoft/vendor/laravel/framework/src/Illuminate/Pipeline/Pipeline.php(171): Fideloper\\Proxy\\TrustProxies->handle(Object(Illuminate\\Http\\Request), Object(Closure))
#27 /usr/local/var/www/vhosts/zilrsoft/vendor/laravel/framework/src/Illuminate/Pipeline/Pipeline.php(105): Illuminate\\Pipeline\\Pipeline->Illuminate\\Pipeline\\{closure}(Object(Illuminate\\Http\\Request))
#28 /usr/local/var/www/vhosts/zilrsoft/vendor/laravel/framework/src/Illuminate/Foundation/Http/Kernel.php(145): Illuminate\\Pipeline\\Pipeline->then(Object(Closure))
#29 /usr/local/var/www/vhosts/zilrsoft/vendor/laravel/framework/src/Illuminate/Foundation/Http/Kernel.php(110): Illuminate\\Foundation\\Http\\Kernel->sendRequestThroughRouter(Object(Illuminate\\Http\\Request))
#30 /usr/local/var/www/vhosts/zilrsoft/public/index.php(55): Illuminate\\Foundation\\Http\\Kernel->handle(Object(Illuminate\\Http\\Request))
#31 /usr/local/var/www/vhosts/zilrsoft/server.php(21): require_once('/usr/local/var/...')
#32 {main}
"} 
[2020-07-08 22:23:50] producation.ERROR: File does not exist at path /usr/local/var/www/vhosts/zilrsoft/storage/debugbar/X8aa310ade1ffb047701f070ee323c798.json {"exception":"[object] (Illuminate\\Contracts\\Filesystem\\FileNotFoundException(code: 0): File does not exist at path /usr/local/var/www/vhosts/zilrsoft/storage/debugbar/X8aa310ade1ffb047701f070ee323c798.json at /usr/local/var/www/vhosts/zilrsoft/vendor/laravel/framework/src/Illuminate/Filesystem/Filesystem.php:52)
[stacktrace]
#0 /usr/local/var/www/vhosts/zilrsoft/vendor/barryvdh/laravel-debugbar/src/Storage/FilesystemStorage.php(82): Illuminate\\Filesystem\\Filesystem->get('/usr/local/var/...')
#1 /usr/local/var/www/vhosts/zilrsoft/vendor/maximebf/debugbar/src/DebugBar/OpenHandler.php(106): Barryvdh\\Debugbar\\Storage\\FilesystemStorage->get('X8aa310ade1ffb0...')
#2 [internal function]: DebugBar\\OpenHandler->get(Array)
#3 /usr/local/var/www/vhosts/zilrsoft/vendor/maximebf/debugbar/src/DebugBar/OpenHandler.php(61): call_user_func(Array, Array)
#4 /usr/local/var/www/vhosts/zilrsoft/vendor/barryvdh/laravel-debugbar/src/Controllers/OpenHandlerController.php(13): DebugBar\\OpenHandler->handle(Array, false, false)
#5 [internal function]: Barryvdh\\Debugbar\\Controllers\\OpenHandlerController->handle()
#6 /usr/local/var/www/vhosts/zilrsoft/vendor/laravel/framework/src/Illuminate/Routing/Controller.php(54): call_user_func_array(Array, Array)
#7 /usr/local/var/www/vhosts/zilrsoft/vendor/laravel/framework/src/Illuminate/Routing/ControllerDispatcher.php(45): Illuminate\\Routing\\Controller->callAction('handle', Array)
#8 /usr/local/var/www/vhosts/zilrsoft/vendor/laravel/framework/src/Illuminate/Routing/Route.php(219): Illuminate\\Routing\\ControllerDispatcher->dispatch(Object(Illuminate\\Routing\\Route), Object(Barryvdh\\Debugbar\\Controllers\\OpenHandlerController), 'handle')
#9 /usr/local/var/www/vhosts/zilrsoft/vendor/laravel/framework/src/Illuminate/Routing/Route.php(176): Illuminate\\Routing\\Route->runController()
#10 /usr/local/var/www/vhosts/zilrsoft/vendor/laravel/framework/src/Illuminate/Routing/Router.php(681): Illuminate\\Routing\\Route->run()
#11 /usr/local/var/www/vhosts/zilrsoft/vendor/laravel/framework/src/Illuminate/Pipeline/Pipeline.php(130): Illuminate\\Routing\\Router->Illuminate\\Routing\\{closure}(Object(Illuminate\\Http\\Request))
#12 /usr/local/var/www/vhosts/zilrsoft/vendor/barryvdh/laravel-debugbar/src/Controllers/BaseController.php(26): Illuminate\\Pipeline\\Pipeline->Illuminate\\Pipeline\\{closure}(Object(Illuminate\\Http\\Request))
#13 /usr/local/var/www/vhosts/zilrsoft/vendor/laravel/framework/src/Illuminate/Pipeline/Pipeline.php(153): Barryvdh\\Debugbar\\Controllers\\BaseController->Barryvdh\\Debugbar\\Controllers\\{closure}(Object(Illuminate\\Http\\Request), Object(Closure))
#14 /usr/local/var/www/vhosts/zilrsoft/vendor/barryvdh/laravel-debugbar/src/Middleware/DebugbarEnabled.php(39): Illuminate\\Pipeline\\Pipeline->Illuminate\\Pipeline\\{closure}(Object(Illuminate\\Http\\Request))
#15 /usr/local/var/www/vhosts/zilrsoft/vendor/laravel/framework/src/Illuminate/Pipeline/Pipeline.php(171): Barryvdh\\Debugbar\\Middleware\\DebugbarEnabled->handle(Object(Illuminate\\Http\\Request), Object(Closure))
#16 /usr/local/var/www/vhosts/zilrsoft/vendor/laravel/framework/src/Illuminate/Pipeline/Pipeline.php(105): Illuminate\\Pipeline\\Pipeline->Illuminate\\Pipeline\\{closure}(Object(Illuminate\\Http\\Request))
#17 /usr/local/var/www/vhosts/zilrsoft/vendor/laravel/framework/src/Illuminate/Routing/Router.php(683): Illuminate\\Pipeline\\Pipeline->then(Object(Closure))
#18 /usr/local/var/www/vhosts/zilrsoft/vendor/laravel/framework/src/Illuminate/Routing/Router.php(658): Illuminate\\Routing\\Router->runRouteWithinStack(Object(Illuminate\\Routing\\Route), Object(Illuminate\\Http\\Request))
#19 /usr/local/var/www/vhosts/zilrsoft/vendor/laravel/framework/src/Illuminate/Routing/Router.php(624): Illuminate\\Routing\\Router->runRoute(Object(Illuminate\\Http\\Request), Object(Illuminate\\Routing\\Route))
#20 /usr/local/var/www/vhosts/zilrsoft/vendor/laravel/framework/src/Illuminate/Routing/Router.php(613): Illuminate\\Routing\\Router->dispatchToRoute(Object(Illuminate\\Http\\Request))
#21 /usr/local/var/www/vhosts/zilrsoft/vendor/laravel/framework/src/Illuminate/Foundation/Http/Kernel.php(170): Illuminate\\Routing\\Router->dispatch(Object(Illuminate\\Http\\Request))
#22 /usr/local/var/www/vhosts/zilrsoft/vendor/laravel/framework/src/Illuminate/Pipeline/Pipeline.php(130): Illuminate\\Foundation\\Http\\Kernel->Illuminate\\Foundation\\Http\\{closure}(Object(Illuminate\\Http\\Request))
#23 /usr/local/var/www/vhosts/zilrsoft/vendor/barryvdh/laravel-debugbar/src/Middleware/InjectDebugbar.php(65): Illuminate\\Pipeline\\Pipeline->Illuminate\\Pipeline\\{closure}(Object(Illuminate\\Http\\Request))
#24 /usr/local/var/www/vhosts/zilrsoft/vendor/laravel/framework/src/Illuminate/Pipeline/Pipeline.php(171): Barryvdh\\Debugbar\\Middleware\\InjectDebugbar->handle(Object(Illuminate\\Http\\Request), Object(Closure))
#25 /usr/local/var/www/vhosts/zilrsoft/vendor/laravel/framework/src/Illuminate/Foundation/Http/Middleware/TransformsRequest.php(21): Illuminate\\Pipeline\\Pipeline->Illuminate\\Pipeline\\{closure}(Object(Illuminate\\Http\\Request))
#26 /usr/local/var/www/vhosts/zilrsoft/vendor/laravel/framework/src/Illuminate/Pipeline/Pipeline.php(171): Illuminate\\Foundation\\Http\\Middleware\\TransformsRequest->handle(Object(Illuminate\\Http\\Request), Object(Closure))
#27 /usr/local/var/www/vhosts/zilrsoft/vendor/laravel/framework/src/Illuminate/Foundation/Http/Middleware/TransformsRequest.php(21): Illuminate\\Pipeline\\Pipeline->Illuminate\\Pipeline\\{closure}(Object(Illuminate\\Http\\Request))
#28 /usr/local/var/www/vhosts/zilrsoft/vendor/laravel/framework/src/Illuminate/Pipeline/Pipeline.php(171): Illuminate\\Foundation\\Http\\Middleware\\TransformsRequest->handle(Object(Illuminate\\Http\\Request), Object(Closure))
#29 /usr/local/var/www/vhosts/zilrsoft/vendor/laravel/framework/src/Illuminate/Foundation/Http/Middleware/ValidatePostSize.php(27): Illuminate\\Pipeline\\Pipeline->Illuminate\\Pipeline\\{closure}(Object(Illuminate\\Http\\Request))
#30 /usr/local/var/www/vhosts/zilrsoft/vendor/laravel/framework/src/Illuminate/Pipeline/Pipeline.php(171): Illuminate\\Foundation\\Http\\Middleware\\ValidatePostSize->handle(Object(Illuminate\\Http\\Request), Object(Closure))
#31 /usr/local/var/www/vhosts/zilrsoft/vendor/laravel/framework/src/Illuminate/Foundation/Http/Middleware/CheckForMaintenanceMode.php(63): Illuminate\\Pipeline\\Pipeline->Illuminate\\Pipeline\\{closure}(Object(Illuminate\\Http\\Request))
#32 /usr/local/var/www/vhosts/zilrsoft/vendor/laravel/framework/src/Illuminate/Pipeline/Pipeline.php(171): Illuminate\\Foundation\\Http\\Middleware\\CheckForMaintenanceMode->handle(Object(Illuminate\\Http\\Request), Object(Closure))
#33 /usr/local/var/www/vhosts/zilrsoft/vendor/fideloper/proxy/src/TrustProxies.php(57): Illuminate\\Pipeline\\Pipeline->Illuminate\\Pipeline\\{closure}(Object(Illuminate\\Http\\Request))
#34 /usr/local/var/www/vhosts/zilrsoft/vendor/laravel/framework/src/Illuminate/Pipeline/Pipeline.php(171): Fideloper\\Proxy\\TrustProxies->handle(Object(Illuminate\\Http\\Request), Object(Closure))
#35 /usr/local/var/www/vhosts/zilrsoft/vendor/laravel/framework/src/Illuminate/Pipeline/Pipeline.php(105): Illuminate\\Pipeline\\Pipeline->Illuminate\\Pipeline\\{closure}(Object(Illuminate\\Http\\Request))
#36 /usr/local/var/www/vhosts/zilrsoft/vendor/laravel/framework/src/Illuminate/Foundation/Http/Kernel.php(145): Illuminate\\Pipeline\\Pipeline->then(Object(Closure))
#37 /usr/local/var/www/vhosts/zilrsoft/vendor/laravel/framework/src/Illuminate/Foundation/Http/Kernel.php(110): Illuminate\\Foundation\\Http\\Kernel->sendRequestThroughRouter(Object(Illuminate\\Http\\Request))
#38 /usr/local/var/www/vhosts/zilrsoft/public/index.php(55): Illuminate\\Foundation\\Http\\Kernel->handle(Object(Illuminate\\Http\\Request))
#39 /usr/local/var/www/vhosts/zilrsoft/server.php(21): require_once('/usr/local/var/...')
#40 {main}
"} 
[2020-07-08 22:23:51] producation.ERROR: File does not exist at path /usr/local/var/www/vhosts/zilrsoft/storage/debugbar/Xf3134bddf0e8af2f79c2447cc46962e1.json {"exception":"[object] (Illuminate\\Contracts\\Filesystem\\FileNotFoundException(code: 0): File does not exist at path /usr/local/var/www/vhosts/zilrsoft/storage/debugbar/Xf3134bddf0e8af2f79c2447cc46962e1.json at /usr/local/var/www/vhosts/zilrsoft/vendor/laravel/framework/src/Illuminate/Filesystem/Filesystem.php:52)
[stacktrace]
#0 /usr/local/var/www/vhosts/zilrsoft/vendor/barryvdh/laravel-debugbar/src/Storage/FilesystemStorage.php(82): Illuminate\\Filesystem\\Filesystem->get('/usr/local/var/...')
#1 /usr/local/var/www/vhosts/zilrsoft/vendor/maximebf/debugbar/src/DebugBar/OpenHandler.php(106): Barryvdh\\Debugbar\\Storage\\FilesystemStorage->get('Xf3134bddf0e8af...')
#2 [internal function]: DebugBar\\OpenHandler->get(Array)
#3 /usr/local/var/www/vhosts/zilrsoft/vendor/maximebf/debugbar/src/DebugBar/OpenHandler.php(61): call_user_func(Array, Array)
#4 /usr/local/var/www/vhosts/zilrsoft/vendor/barryvdh/laravel-debugbar/src/Controllers/OpenHandlerController.php(13): DebugBar\\OpenHandler->handle(Array, false, false)
#5 [internal function]: Barryvdh\\Debugbar\\Controllers\\OpenHandlerController->handle()
#6 /usr/local/var/www/vhosts/zilrsoft/vendor/laravel/framework/src/Illuminate/Routing/Controller.php(54): call_user_func_array(Array, Array)
#7 /usr/local/var/www/vhosts/zilrsoft/vendor/laravel/framework/src/Illuminate/Routing/ControllerDispatcher.php(45): Illuminate\\Routing\\Controller->callAction('handle', Array)
#8 /usr/local/var/www/vhosts/zilrsoft/vendor/laravel/framework/src/Illuminate/Routing/Route.php(219): Illuminate\\Routing\\ControllerDispatcher->dispatch(Object(Illuminate\\Routing\\Route), Object(Barryvdh\\Debugbar\\Controllers\\OpenHandlerController), 'handle')
#9 /usr/local/var/www/vhosts/zilrsoft/vendor/laravel/framework/src/Illuminate/Routing/Route.php(176): Illuminate\\Routing\\Route->runController()
#10 /usr/local/var/www/vhosts/zilrsoft/vendor/laravel/framework/src/Illuminate/Routing/Router.php(681): Illuminate\\Routing\\Route->run()
#11 /usr/local/var/www/vhosts/zilrsoft/vendor/laravel/framework/src/Illuminate/Pipeline/Pipeline.php(130): Illuminate\\Routing\\Router->Illuminate\\Routing\\{closure}(Object(Illuminate\\Http\\Request))
#12 /usr/local/var/www/vhosts/zilrsoft/vendor/barryvdh/laravel-debugbar/src/Controllers/BaseController.php(26): Illuminate\\Pipeline\\Pipeline->Illuminate\\Pipeline\\{closure}(Object(Illuminate\\Http\\Request))
#13 /usr/local/var/www/vhosts/zilrsoft/vendor/laravel/framework/src/Illuminate/Pipeline/Pipeline.php(153): Barryvdh\\Debugbar\\Controllers\\BaseController->Barryvdh\\Debugbar\\Controllers\\{closure}(Object(Illuminate\\Http\\Request), Object(Closure))
#14 /usr/local/var/www/vhosts/zilrsoft/vendor/barryvdh/laravel-debugbar/src/Middleware/DebugbarEnabled.php(39): Illuminate\\Pipeline\\Pipeline->Illuminate\\Pipeline\\{closure}(Object(Illuminate\\Http\\Request))
#15 /usr/local/var/www/vhosts/zilrsoft/vendor/laravel/framework/src/Illuminate/Pipeline/Pipeline.php(171): Barryvdh\\Debugbar\\Middleware\\DebugbarEnabled->handle(Object(Illuminate\\Http\\Request), Object(Closure))
#16 /usr/local/var/www/vhosts/zilrsoft/vendor/laravel/framework/src/Illuminate/Pipeline/Pipeline.php(105): Illuminate\\Pipeline\\Pipeline->Illuminate\\Pipeline\\{closure}(Object(Illuminate\\Http\\Request))
#17 /usr/local/var/www/vhosts/zilrsoft/vendor/laravel/framework/src/Illuminate/Routing/Router.php(683): Illuminate\\Pipeline\\Pipeline->then(Object(Closure))
#18 /usr/local/var/www/vhosts/zilrsoft/vendor/laravel/framework/src/Illuminate/Routing/Router.php(658): Illuminate\\Routing\\Router->runRouteWithinStack(Object(Illuminate\\Routing\\Route), Object(Illuminate\\Http\\Request))
#19 /usr/local/var/www/vhosts/zilrsoft/vendor/laravel/framework/src/Illuminate/Routing/Router.php(624): Illuminate\\Routing\\Router->runRoute(Object(Illuminate\\Http\\Request), Object(Illuminate\\Routing\\Route))
#20 /usr/local/var/www/vhosts/zilrsoft/vendor/laravel/framework/src/Illuminate/Routing/Router.php(613): Illuminate\\Routing\\Router->dispatchToRoute(Object(Illuminate\\Http\\Request))
#21 /usr/local/var/www/vhosts/zilrsoft/vendor/laravel/framework/src/Illuminate/Foundation/Http/Kernel.php(170): Illuminate\\Routing\\Router->dispatch(Object(Illuminate\\Http\\Request))
#22 /usr/local/var/www/vhosts/zilrsoft/vendor/laravel/framework/src/Illuminate/Pipeline/Pipeline.php(130): Illuminate\\Foundation\\Http\\Kernel->Illuminate\\Foundation\\Http\\{closure}(Object(Illuminate\\Http\\Request))
#23 /usr/local/var/www/vhosts/zilrsoft/vendor/barryvdh/laravel-debugbar/src/Middleware/InjectDebugbar.php(65): Illuminate\\Pipeline\\Pipeline->Illuminate\\Pipeline\\{closure}(Object(Illuminate\\Http\\Request))
#24 /usr/local/var/www/vhosts/zilrsoft/vendor/laravel/framework/src/Illuminate/Pipeline/Pipeline.php(171): Barryvdh\\Debugbar\\Middleware\\InjectDebugbar->handle(Object(Illuminate\\Http\\Request), Object(Closure))
#25 /usr/local/var/www/vhosts/zilrsoft/vendor/laravel/framework/src/Illuminate/Foundation/Http/Middleware/TransformsRequest.php(21): Illuminate\\Pipeline\\Pipeline->Illuminate\\Pipeline\\{closure}(Object(Illuminate\\Http\\Request))
#26 /usr/local/var/www/vhosts/zilrsoft/vendor/laravel/framework/src/Illuminate/Pipeline/Pipeline.php(171): Illuminate\\Foundation\\Http\\Middleware\\TransformsRequest->handle(Object(Illuminate\\Http\\Request), Object(Closure))
#27 /usr/local/var/www/vhosts/zilrsoft/vendor/laravel/framework/src/Illuminate/Foundation/Http/Middleware/TransformsRequest.php(21): Illuminate\\Pipeline\\Pipeline->Illuminate\\Pipeline\\{closure}(Object(Illuminate\\Http\\Request))
#28 /usr/local/var/www/vhosts/zilrsoft/vendor/laravel/framework/src/Illuminate/Pipeline/Pipeline.php(171): Illuminate\\Foundation\\Http\\Middleware\\TransformsRequest->handle(Object(Illuminate\\Http\\Request), Object(Closure))
#29 /usr/local/var/www/vhosts/zilrsoft/vendor/laravel/framework/src/Illuminate/Foundation/Http/Middleware/ValidatePostSize.php(27): Illuminate\\Pipeline\\Pipeline->Illuminate\\Pipeline\\{closure}(Object(Illuminate\\Http\\Request))
#30 /usr/local/var/www/vhosts/zilrsoft/vendor/laravel/framework/src/Illuminate/Pipeline/Pipeline.php(171): Illuminate\\Foundation\\Http\\Middleware\\ValidatePostSize->handle(Object(Illuminate\\Http\\Request), Object(Closure))
#31 /usr/local/var/www/vhosts/zilrsoft/vendor/laravel/framework/src/Illuminate/Foundation/Http/Middleware/CheckForMaintenanceMode.php(63): Illuminate\\Pipeline\\Pipeline->Illuminate\\Pipeline\\{closure}(Object(Illuminate\\Http\\Request))
#32 /usr/local/var/www/vhosts/zilrsoft/vendor/laravel/framework/src/Illuminate/Pipeline/Pipeline.php(171): Illuminate\\Foundation\\Http\\Middleware\\CheckForMaintenanceMode->handle(Object(Illuminate\\Http\\Request), Object(Closure))
#33 /usr/local/var/www/vhosts/zilrsoft/vendor/fideloper/proxy/src/TrustProxies.php(57): Illuminate\\Pipeline\\Pipeline->Illuminate\\Pipeline\\{closure}(Object(Illuminate\\Http\\Request))
#34 /usr/local/var/www/vhosts/zilrsoft/vendor/laravel/framework/src/Illuminate/Pipeline/Pipeline.php(171): Fideloper\\Proxy\\TrustProxies->handle(Object(Illuminate\\Http\\Request), Object(Closure))
#35 /usr/local/var/www/vhosts/zilrsoft/vendor/laravel/framework/src/Illuminate/Pipeline/Pipeline.php(105): Illuminate\\Pipeline\\Pipeline->Illuminate\\Pipeline\\{closure}(Object(Illuminate\\Http\\Request))
#36 /usr/local/var/www/vhosts/zilrsoft/vendor/laravel/framework/src/Illuminate/Foundation/Http/Kernel.php(145): Illuminate\\Pipeline\\Pipeline->then(Object(Closure))
#37 /usr/local/var/www/vhosts/zilrsoft/vendor/laravel/framework/src/Illuminate/Foundation/Http/Kernel.php(110): Illuminate\\Foundation\\Http\\Kernel->sendRequestThroughRouter(Object(Illuminate\\Http\\Request))
#38 /usr/local/var/www/vhosts/zilrsoft/public/index.php(55): Illuminate\\Foundation\\Http\\Kernel->handle(Object(Illuminate\\Http\\Request))
#39 /usr/local/var/www/vhosts/zilrsoft/server.php(21): require_once('/usr/local/var/...')
#40 {main}
"} 
[2020-07-08 22:24:09] producation.ERROR: File does not exist at path /usr/local/var/www/vhosts/zilrsoft/storage/debugbar/Xb0793bc3f74bd467e3faef8b1140b22f.json {"exception":"[object] (Illuminate\\Contracts\\Filesystem\\FileNotFoundException(code: 0): File does not exist at path /usr/local/var/www/vhosts/zilrsoft/storage/debugbar/Xb0793bc3f74bd467e3faef8b1140b22f.json at /usr/local/var/www/vhosts/zilrsoft/vendor/laravel/framework/src/Illuminate/Filesystem/Filesystem.php:52)
[stacktrace]
#0 /usr/local/var/www/vhosts/zilrsoft/vendor/barryvdh/laravel-debugbar/src/Storage/FilesystemStorage.php(82): Illuminate\\Filesystem\\Filesystem->get('/usr/local/var/...')
#1 /usr/local/var/www/vhosts/zilrsoft/vendor/maximebf/debugbar/src/DebugBar/OpenHandler.php(106): Barryvdh\\Debugbar\\Storage\\FilesystemStorage->get('Xb0793bc3f74bd4...')
#2 [internal function]: DebugBar\\OpenHandler->get(Array)
#3 /usr/local/var/www/vhosts/zilrsoft/vendor/maximebf/debugbar/src/DebugBar/OpenHandler.php(61): call_user_func(Array, Array)
#4 /usr/local/var/www/vhosts/zilrsoft/vendor/barryvdh/laravel-debugbar/src/Controllers/OpenHandlerController.php(13): DebugBar\\OpenHandler->handle(Array, false, false)
#5 [internal function]: Barryvdh\\Debugbar\\Controllers\\OpenHandlerController->handle()
#6 /usr/local/var/www/vhosts/zilrsoft/vendor/laravel/framework/src/Illuminate/Routing/Controller.php(54): call_user_func_array(Array, Array)
#7 /usr/local/var/www/vhosts/zilrsoft/vendor/laravel/framework/src/Illuminate/Routing/ControllerDispatcher.php(45): Illuminate\\Routing\\Controller->callAction('handle', Array)
#8 /usr/local/var/www/vhosts/zilrsoft/vendor/laravel/framework/src/Illuminate/Routing/Route.php(219): Illuminate\\Routing\\ControllerDispatcher->dispatch(Object(Illuminate\\Routing\\Route), Object(Barryvdh\\Debugbar\\Controllers\\OpenHandlerController), 'handle')
#9 /usr/local/var/www/vhosts/zilrsoft/vendor/laravel/framework/src/Illuminate/Routing/Route.php(176): Illuminate\\Routing\\Route->runController()
#10 /usr/local/var/www/vhosts/zilrsoft/vendor/laravel/framework/src/Illuminate/Routing/Router.php(681): Illuminate\\Routing\\Route->run()
#11 /usr/local/var/www/vhosts/zilrsoft/vendor/laravel/framework/src/Illuminate/Pipeline/Pipeline.php(130): Illuminate\\Routing\\Router->Illuminate\\Routing\\{closure}(Object(Illuminate\\Http\\Request))
#12 /usr/local/var/www/vhosts/zilrsoft/vendor/barryvdh/laravel-debugbar/src/Controllers/BaseController.php(26): Illuminate\\Pipeline\\Pipeline->Illuminate\\Pipeline\\{closure}(Object(Illuminate\\Http\\Request))
#13 /usr/local/var/www/vhosts/zilrsoft/vendor/laravel/framework/src/Illuminate/Pipeline/Pipeline.php(153): Barryvdh\\Debugbar\\Controllers\\BaseController->Barryvdh\\Debugbar\\Controllers\\{closure}(Object(Illuminate\\Http\\Request), Object(Closure))
#14 /usr/local/var/www/vhosts/zilrsoft/vendor/barryvdh/laravel-debugbar/src/Middleware/DebugbarEnabled.php(39): Illuminate\\Pipeline\\Pipeline->Illuminate\\Pipeline\\{closure}(Object(Illuminate\\Http\\Request))
#15 /usr/local/var/www/vhosts/zilrsoft/vendor/laravel/framework/src/Illuminate/Pipeline/Pipeline.php(171): Barryvdh\\Debugbar\\Middleware\\DebugbarEnabled->handle(Object(Illuminate\\Http\\Request), Object(Closure))
#16 /usr/local/var/www/vhosts/zilrsoft/vendor/laravel/framework/src/Illuminate/Pipeline/Pipeline.php(105): Illuminate\\Pipeline\\Pipeline->Illuminate\\Pipeline\\{closure}(Object(Illuminate\\Http\\Request))
#17 /usr/local/var/www/vhosts/zilrsoft/vendor/laravel/framework/src/Illuminate/Routing/Router.php(683): Illuminate\\Pipeline\\Pipeline->then(Object(Closure))
#18 /usr/local/var/www/vhosts/zilrsoft/vendor/laravel/framework/src/Illuminate/Routing/Router.php(658): Illuminate\\Routing\\Router->runRouteWithinStack(Object(Illuminate\\Routing\\Route), Object(Illuminate\\Http\\Request))
#19 /usr/local/var/www/vhosts/zilrsoft/vendor/laravel/framework/src/Illuminate/Routing/Router.php(624): Illuminate\\Routing\\Router->runRoute(Object(Illuminate\\Http\\Request), Object(Illuminate\\Routing\\Route))
#20 /usr/local/var/www/vhosts/zilrsoft/vendor/laravel/framework/src/Illuminate/Routing/Router.php(613): Illuminate\\Routing\\Router->dispatchToRoute(Object(Illuminate\\Http\\Request))
#21 /usr/local/var/www/vhosts/zilrsoft/vendor/laravel/framework/src/Illuminate/Foundation/Http/Kernel.php(170): Illuminate\\Routing\\Router->dispatch(Object(Illuminate\\Http\\Request))
#22 /usr/local/var/www/vhosts/zilrsoft/vendor/laravel/framework/src/Illuminate/Pipeline/Pipeline.php(130): Illuminate\\Foundation\\Http\\Kernel->Illuminate\\Foundation\\Http\\{closure}(Object(Illuminate\\Http\\Request))
#23 /usr/local/var/www/vhosts/zilrsoft/vendor/barryvdh/laravel-debugbar/src/Middleware/InjectDebugbar.php(65): Illuminate\\Pipeline\\Pipeline->Illuminate\\Pipeline\\{closure}(Object(Illuminate\\Http\\Request))
#24 /usr/local/var/www/vhosts/zilrsoft/vendor/laravel/framework/src/Illuminate/Pipeline/Pipeline.php(171): Barryvdh\\Debugbar\\Middleware\\InjectDebugbar->handle(Object(Illuminate\\Http\\Request), Object(Closure))
#25 /usr/local/var/www/vhosts/zilrsoft/vendor/laravel/framework/src/Illuminate/Foundation/Http/Middleware/TransformsRequest.php(21): Illuminate\\Pipeline\\Pipeline->Illuminate\\Pipeline\\{closure}(Object(Illuminate\\Http\\Request))
#26 /usr/local/var/www/vhosts/zilrsoft/vendor/laravel/framework/src/Illuminate/Pipeline/Pipeline.php(171): Illuminate\\Foundation\\Http\\Middleware\\TransformsRequest->handle(Object(Illuminate\\Http\\Request), Object(Closure))
#27 /usr/local/var/www/vhosts/zilrsoft/vendor/laravel/framework/src/Illuminate/Foundation/Http/Middleware/TransformsRequest.php(21): Illuminate\\Pipeline\\Pipeline->Illuminate\\Pipeline\\{closure}(Object(Illuminate\\Http\\Request))
#28 /usr/local/var/www/vhosts/zilrsoft/vendor/laravel/framework/src/Illuminate/Pipeline/Pipeline.php(171): Illuminate\\Foundation\\Http\\Middleware\\TransformsRequest->handle(Object(Illuminate\\Http\\Request), Object(Closure))
#29 /usr/local/var/www/vhosts/zilrsoft/vendor/laravel/framework/src/Illuminate/Foundation/Http/Middleware/ValidatePostSize.php(27): Illuminate\\Pipeline\\Pipeline->Illuminate\\Pipeline\\{closure}(Object(Illuminate\\Http\\Request))
#30 /usr/local/var/www/vhosts/zilrsoft/vendor/laravel/framework/src/Illuminate/Pipeline/Pipeline.php(171): Illuminate\\Foundation\\Http\\Middleware\\ValidatePostSize->handle(Object(Illuminate\\Http\\Request), Object(Closure))
#31 /usr/local/var/www/vhosts/zilrsoft/vendor/laravel/framework/src/Illuminate/Foundation/Http/Middleware/CheckForMaintenanceMode.php(63): Illuminate\\Pipeline\\Pipeline->Illuminate\\Pipeline\\{closure}(Object(Illuminate\\Http\\Request))
#32 /usr/local/var/www/vhosts/zilrsoft/vendor/laravel/framework/src/Illuminate/Pipeline/Pipeline.php(171): Illuminate\\Foundation\\Http\\Middleware\\CheckForMaintenanceMode->handle(Object(Illuminate\\Http\\Request), Object(Closure))
#33 /usr/local/var/www/vhosts/zilrsoft/vendor/fideloper/proxy/src/TrustProxies.php(57): Illuminate\\Pipeline\\Pipeline->Illuminate\\Pipeline\\{closure}(Object(Illuminate\\Http\\Request))
#34 /usr/local/var/www/vhosts/zilrsoft/vendor/laravel/framework/src/Illuminate/Pipeline/Pipeline.php(171): Fideloper\\Proxy\\TrustProxies->handle(Object(Illuminate\\Http\\Request), Object(Closure))
#35 /usr/local/var/www/vhosts/zilrsoft/vendor/laravel/framework/src/Illuminate/Pipeline/Pipeline.php(105): Illuminate\\Pipeline\\Pipeline->Illuminate\\Pipeline\\{closure}(Object(Illuminate\\Http\\Request))
#36 /usr/local/var/www/vhosts/zilrsoft/vendor/laravel/framework/src/Illuminate/Foundation/Http/Kernel.php(145): Illuminate\\Pipeline\\Pipeline->then(Object(Closure))
#37 /usr/local/var/www/vhosts/zilrsoft/vendor/laravel/framework/src/Illuminate/Foundation/Http/Kernel.php(110): Illuminate\\Foundation\\Http\\Kernel->sendRequestThroughRouter(Object(Illuminate\\Http\\Request))
#38 /usr/local/var/www/vhosts/zilrsoft/public/index.php(55): Illuminate\\Foundation\\Http\\Kernel->handle(Object(Illuminate\\Http\\Request))
#39 /usr/local/var/www/vhosts/zilrsoft/server.php(21): require_once('/usr/local/var/...')
#40 {main}
"} 
