[2020-06-29 16:45:41] producation.ERROR: Debugbar exception: mkdir(): Permission denied  
[2020-06-29 16:45:41] producation.ERROR: Debugbar exception: mkdir(): Permission denied  
[2020-06-29 16:45:46] producation.ERROR: Debugbar exception: mkdir(): Permission denied  
[2020-06-29 16:45:46] producation.ERROR: Debugbar exception: mkdir(): Permission denied  
[2020-06-29 16:46:49] producation.ERROR: Debugbar exception: mkdir(): Permission denied  
[2020-06-29 16:46:49] producation.ERROR: Debugbar exception: mkdir(): Permission denied  
[2020-06-29 16:46:52] producation.ERROR: Debugbar exception: mkdir(): Permission denied  
[2020-06-29 16:47:12] producation.ERROR: Debugbar exception: mkdir(): Permission denied  
[2020-06-29 16:47:14] producation.ERROR: Debugbar exception: mkdir(): Permission denied  
[2020-06-29 16:49:30] producation.ERROR: Debugbar exception: mkdir(): Permission denied  
[2020-06-29 16:49:32] producation.ERROR: Debugbar exception: mkdir(): Permission denied  
[2020-06-29 16:50:13] producation.ERROR: Debugbar exception: mkdir(): Permission denied  
[2020-06-29 16:50:15] producation.ERROR: Debugbar exception: mkdir(): Permission denied  
[2020-06-29 16:50:42] producation.ERROR: Debugbar exception: mkdir(): Permission denied  
[2020-06-29 16:50:43] producation.ERROR: Debugbar exception: mkdir(): Permission denied  
[2020-06-29 16:51:20] producation.ERROR: Debugbar exception: mkdir(): Permission denied  
[2020-06-29 16:51:21] producation.ERROR: Debugbar exception: mkdir(): Permission denied  
[2020-06-29 16:53:10] producation.ERROR: Debugbar exception: mkdir(): Permission denied  
[2020-06-29 16:53:12] producation.ERROR: Debugbar exception: mkdir(): Permission denied  
[2020-06-29 16:53:18] producation.ERROR: Debugbar exception: mkdir(): Permission denied  
[2020-06-29 16:53:19] producation.ERROR: Debugbar exception: mkdir(): Permission denied  
[2020-06-29 16:53:26] producation.ERROR: Debugbar exception: mkdir(): Permission denied  
[2020-06-29 16:53:27] producation.ERROR: Debugbar exception: mkdir(): Permission denied  
[2020-06-29 16:53:38] producation.ERROR: Debugbar exception: mkdir(): Permission denied  
[2020-06-29 16:53:39] producation.ERROR: Debugbar exception: mkdir(): Permission denied  
[2020-06-29 16:54:28] producation.ERROR: Debugbar exception: mkdir(): Permission denied  
[2020-06-29 16:54:30] producation.ERROR: Debugbar exception: mkdir(): Permission denied  
[2020-06-29 16:54:37] producation.ERROR: Debugbar exception: mkdir(): Permission denied  
[2020-06-29 16:54:38] producation.ERROR: Debugbar exception: mkdir(): Permission denied  
[2020-06-29 16:54:56] producation.ERROR: Debugbar exception: mkdir(): Permission denied  
[2020-06-29 16:54:58] producation.ERROR: Debugbar exception: mkdir(): Permission denied  
[2020-06-29 16:54:58] producation.ERROR: Debugbar exception: mkdir(): Permission denied  
[2020-06-29 16:54:59] producation.ERROR: Debugbar exception: mkdir(): Permission denied  
[2020-06-29 16:55:03] producation.ERROR: Debugbar exception: mkdir(): Permission denied  
[2020-06-29 16:55:04] producation.ERROR: Debugbar exception: mkdir(): Permission denied  
[2020-06-29 16:55:09] producation.ERROR: Debugbar exception: mkdir(): Permission denied  
[2020-06-29 16:55:10] producation.ERROR: Debugbar exception: mkdir(): Permission denied  
[2020-06-29 16:55:17] producation.ERROR: Debugbar exception: mkdir(): Permission denied  
[2020-06-29 16:55:18] producation.ERROR: Debugbar exception: mkdir(): Permission denied  
[2020-06-29 16:56:12] producation.ERROR: Debugbar exception: mkdir(): Permission denied  
[2020-06-29 16:56:14] producation.ERROR: Debugbar exception: mkdir(): Permission denied  
[2020-06-29 16:56:20] producation.ERROR: Debugbar exception: mkdir(): Permission denied  
[2020-06-29 16:56:21] producation.ERROR: Debugbar exception: mkdir(): Permission denied  
[2020-06-29 16:56:22] producation.ERROR: Debugbar exception: mkdir(): Permission denied  
[2020-06-29 16:57:50] producation.ERROR: Debugbar exception: mkdir(): Permission denied  
[2020-06-29 16:57:52] producation.ERROR: Debugbar exception: mkdir(): Permission denied  
[2020-06-29 16:58:01] producation.ERROR: Debugbar exception: mkdir(): Permission denied  
[2020-06-29 16:58:02] producation.ERROR: Debugbar exception: mkdir(): Permission denied  
[2020-06-29 16:58:03] producation.ERROR: Debugbar exception: mkdir(): Permission denied  
[2020-06-29 16:58:47] producation.ERROR: Debugbar exception: mkdir(): Permission denied  
[2020-06-29 16:58:48] producation.ERROR: Debugbar exception: mkdir(): Permission denied  
[2020-06-29 16:58:49] producation.ERROR: Debugbar exception: mkdir(): Permission denied  
[2020-06-29 16:59:03] producation.ERROR: Debugbar exception: mkdir(): Permission denied  
[2020-06-29 16:59:04] producation.ERROR: Debugbar exception: mkdir(): Permission denied  
[2020-06-29 16:59:05] producation.ERROR: Debugbar exception: mkdir(): Permission denied  
[2020-06-29 17:01:00] producation.ERROR: Debugbar exception: mkdir(): Permission denied  
[2020-06-29 17:01:02] producation.ERROR: Debugbar exception: mkdir(): Permission denied  
[2020-06-29 17:02:11] producation.ERROR: Debugbar exception: mkdir(): Permission denied  
[2020-06-29 17:02:13] producation.ERROR: Debugbar exception: mkdir(): Permission denied  
[2020-06-29 17:02:17] producation.ERROR: Debugbar exception: mkdir(): Permission denied  
[2020-06-29 17:02:17] producation.ERROR: Debugbar exception: mkdir(): Permission denied  
[2020-06-29 17:02:18] producation.ERROR: Debugbar exception: mkdir(): Permission denied  
[2020-06-29 17:02:54] producation.ERROR: Debugbar exception: mkdir(): Permission denied  
[2020-06-29 17:02:54] producation.ERROR: Debugbar exception: mkdir(): Permission denied  
[2020-06-29 17:02:56] producation.ERROR: Debugbar exception: mkdir(): Permission denied  
[2020-06-29 17:03:23] producation.ERROR: Debugbar exception: mkdir(): Permission denied  
[2020-06-29 17:03:25] producation.ERROR: Debugbar exception: mkdir(): Permission denied  
[2020-06-29 17:03:31] producation.ERROR: Debugbar exception: mkdir(): Permission denied  
[2020-06-29 17:03:31] producation.ERROR: Debugbar exception: mkdir(): Permission denied  
[2020-06-29 17:03:38] producation.ERROR: Debugbar exception: mkdir(): Permission denied  
[2020-06-29 17:03:40] producation.ERROR: Debugbar exception: mkdir(): Permission denied  
[2020-06-29 17:03:40] producation.ERROR: Debugbar exception: mkdir(): Permission denied  
[2020-06-29 17:03:42] producation.ERROR: Debugbar exception: mkdir(): Permission denied  
[2020-06-29 17:03:43] producation.ERROR: Debugbar exception: mkdir(): Permission denied  
[2020-06-29 17:03:43] producation.ERROR: Debugbar exception: mkdir(): Permission denied  
[2020-06-29 17:03:44] producation.ERROR: Debugbar exception: mkdir(): Permission denied  
[2020-06-29 17:05:38] producation.ERROR: Debugbar exception: mkdir(): Permission denied  
[2020-06-29 17:05:39] producation.ERROR: Debugbar exception: mkdir(): Permission denied  
[2020-06-29 17:05:41] producation.ERROR: Debugbar exception: mkdir(): Permission denied  
[2020-06-29 17:05:44] producation.ERROR: Debugbar exception: mkdir(): Permission denied  
[2020-06-29 17:05:44] producation.ERROR: Debugbar exception: mkdir(): Permission denied  
[2020-06-29 17:05:47] producation.ERROR: Debugbar exception: mkdir(): Permission denied  
[2020-06-29 17:05:48] producation.ERROR: Debugbar exception: mkdir(): Permission denied  
[2020-06-29 17:05:49] producation.ERROR: Debugbar exception: mkdir(): Permission denied  
[2020-06-29 17:05:51] producation.ERROR: Debugbar exception: mkdir(): Permission denied  
[2020-06-29 17:05:52] producation.ERROR: Debugbar exception: mkdir(): Permission denied  
[2020-06-29 17:05:53] producation.ERROR: Debugbar exception: mkdir(): Permission denied  
[2020-06-29 17:05:55] producation.ERROR: Debugbar exception: mkdir(): Permission denied  
[2020-06-29 17:05:56] producation.ERROR: Debugbar exception: mkdir(): Permission denied  
[2020-06-29 17:06:18] producation.ERROR: Debugbar exception: mkdir(): Permission denied  
[2020-06-29 17:06:19] producation.ERROR: Debugbar exception: mkdir(): Permission denied  
[2020-06-29 17:06:46] producation.ERROR: Debugbar exception: mkdir(): Permission denied  
[2020-06-29 17:06:46] producation.ERROR: Debugbar exception: mkdir(): Permission denied  
[2020-06-29 17:07:09] producation.ERROR: Debugbar exception: mkdir(): Permission denied  
[2020-06-29 17:07:11] producation.ERROR: Debugbar exception: mkdir(): Permission denied  
[2020-06-29 17:07:12] producation.ERROR: Debugbar exception: mkdir(): Permission denied  
[2020-06-29 17:07:13] producation.ERROR: Debugbar exception: mkdir(): Permission denied  
[2020-06-29 17:07:14] producation.ERROR: Debugbar exception: mkdir(): Permission denied  
[2020-06-29 17:07:15] producation.ERROR: Debugbar exception: mkdir(): Permission denied  
[2020-06-29 17:07:15] producation.ERROR: Debugbar exception: mkdir(): Permission denied  
[2020-06-29 17:07:16] producation.ERROR: Debugbar exception: mkdir(): Permission denied  
[2020-06-29 17:07:16] producation.ERROR: Debugbar exception: mkdir(): Permission denied  
[2020-06-29 17:07:17] producation.ERROR: Debugbar exception: mkdir(): Permission denied  
[2020-06-29 17:07:18] producation.ERROR: Debugbar exception: mkdir(): Permission denied  
[2020-06-29 17:07:18] producation.ERROR: Debugbar exception: mkdir(): Permission denied  
[2020-06-29 17:07:21] producation.ERROR: Debugbar exception: mkdir(): Permission denied  
[2020-06-29 17:07:38] producation.ERROR: Debugbar exception: mkdir(): Permission denied  
[2020-06-29 17:07:39] producation.ERROR: Debugbar exception: mkdir(): Permission denied  
[2020-06-29 17:07:40] producation.ERROR: Debugbar exception: mkdir(): Permission denied  
[2020-06-29 17:07:41] producation.ERROR: Method App\Http\Controllers\Accounting\CategoryController::show does not exist. {"userId":8,"exception":"[object] (BadMethodCallException(code: 0): Method App\\Http\\Controllers\\Accounting\\CategoryController::show does not exist. at /usr/local/var/www/vhosts/zilrsoft/vendor/laravel/framework/src/Illuminate/Routing/Controller.php:68)
[stacktrace]
#0 [internal function]: Illuminate\\Routing\\Controller->__call('show', Array)
#1 /usr/local/var/www/vhosts/zilrsoft/vendor/laravel/framework/src/Illuminate/Routing/Controller.php(54): call_user_func_array(Array, Array)
#2 /usr/local/var/www/vhosts/zilrsoft/vendor/laravel/framework/src/Illuminate/Routing/ControllerDispatcher.php(45): Illuminate\\Routing\\Controller->callAction('show', Array)
#3 /usr/local/var/www/vhosts/zilrsoft/vendor/laravel/framework/src/Illuminate/Routing/Route.php(219): Illuminate\\Routing\\ControllerDispatcher->dispatch(Object(Illuminate\\Routing\\Route), Object(App\\Http\\Controllers\\Accounting\\CategoryController), 'show')
#4 /usr/local/var/www/vhosts/zilrsoft/vendor/laravel/framework/src/Illuminate/Routing/Route.php(176): Illuminate\\Routing\\Route->runController()
#5 /usr/local/var/www/vhosts/zilrsoft/vendor/laravel/framework/src/Illuminate/Routing/Router.php(681): Illuminate\\Routing\\Route->run()
#6 /usr/local/var/www/vhosts/zilrsoft/vendor/laravel/framework/src/Illuminate/Pipeline/Pipeline.php(130): Illuminate\\Routing\\Router->Illuminate\\Routing\\{closure}(Object(Illuminate\\Http\\Request))
#7 /usr/local/var/www/vhosts/zilrsoft/vendor/spatie/laravel-permission/src/Middlewares/PermissionMiddleware.php(22): Illuminate\\Pipeline\\Pipeline->Illuminate\\Pipeline\\{closure}(Object(Illuminate\\Http\\Request))
#8 /usr/local/var/www/vhosts/zilrsoft/vendor/laravel/framework/src/Illuminate/Pipeline/Pipeline.php(171): Spatie\\Permission\\Middlewares\\PermissionMiddleware->handle(Object(Illuminate\\Http\\Request), Object(Closure), 'create category')
#9 /usr/local/var/www/vhosts/zilrsoft/vendor/laravel/framework/src/Illuminate/Auth/Middleware/EnsureEmailIsVerified.php(29): Illuminate\\Pipeline\\Pipeline->Illuminate\\Pipeline\\{closure}(Object(Illuminate\\Http\\Request))
#10 /usr/local/var/www/vhosts/zilrsoft/vendor/laravel/framework/src/Illuminate/Pipeline/Pipeline.php(171): Illuminate\\Auth\\Middleware\\EnsureEmailIsVerified->handle(Object(Illuminate\\Http\\Request), Object(Closure))
#11 /usr/local/var/www/vhosts/zilrsoft/vendor/laravel/framework/src/Illuminate/Routing/Middleware/SubstituteBindings.php(41): Illuminate\\Pipeline\\Pipeline->Illuminate\\Pipeline\\{closure}(Object(Illuminate\\Http\\Request))
#12 /usr/local/var/www/vhosts/zilrsoft/vendor/laravel/framework/src/Illuminate/Pipeline/Pipeline.php(171): Illuminate\\Routing\\Middleware\\SubstituteBindings->handle(Object(Illuminate\\Http\\Request), Object(Closure))
#13 /usr/local/var/www/vhosts/zilrsoft/vendor/laravel/framework/src/Illuminate/Foundation/Http/Middleware/VerifyCsrfToken.php(76): Illuminate\\Pipeline\\Pipeline->Illuminate\\Pipeline\\{closure}(Object(Illuminate\\Http\\Request))
#14 /usr/local/var/www/vhosts/zilrsoft/vendor/laravel/framework/src/Illuminate/Pipeline/Pipeline.php(171): Illuminate\\Foundation\\Http\\Middleware\\VerifyCsrfToken->handle(Object(Illuminate\\Http\\Request), Object(Closure))
#15 /usr/local/var/www/vhosts/zilrsoft/vendor/laravel/framework/src/Illuminate/Session/Middleware/AuthenticateSession.php(58): Illuminate\\Pipeline\\Pipeline->Illuminate\\Pipeline\\{closure}(Object(Illuminate\\Http\\Request))
#16 /usr/local/var/www/vhosts/zilrsoft/vendor/laravel/framework/src/Illuminate/Pipeline/Pipeline.php(171): Illuminate\\Session\\Middleware\\AuthenticateSession->handle(Object(Illuminate\\Http\\Request), Object(Closure))
#17 /usr/local/var/www/vhosts/zilrsoft/vendor/laravel/framework/src/Illuminate/Auth/Middleware/Authenticate.php(43): Illuminate\\Pipeline\\Pipeline->Illuminate\\Pipeline\\{closure}(Object(Illuminate\\Http\\Request))
#18 /usr/local/var/www/vhosts/zilrsoft/vendor/laravel/framework/src/Illuminate/Pipeline/Pipeline.php(171): Illuminate\\Auth\\Middleware\\Authenticate->handle(Object(Illuminate\\Http\\Request), Object(Closure))
#19 /usr/local/var/www/vhosts/zilrsoft/vendor/laravel/framework/src/Illuminate/View/Middleware/ShareErrorsFromSession.php(49): Illuminate\\Pipeline\\Pipeline->Illuminate\\Pipeline\\{closure}(Object(Illuminate\\Http\\Request))
#20 /usr/local/var/www/vhosts/zilrsoft/vendor/laravel/framework/src/Illuminate/Pipeline/Pipeline.php(171): Illuminate\\View\\Middleware\\ShareErrorsFromSession->handle(Object(Illuminate\\Http\\Request), Object(Closure))
#21 /usr/local/var/www/vhosts/zilrsoft/vendor/laravel/framework/src/Illuminate/Session/Middleware/StartSession.php(56): Illuminate\\Pipeline\\Pipeline->Illuminate\\Pipeline\\{closure}(Object(Illuminate\\Http\\Request))
#22 /usr/local/var/www/vhosts/zilrsoft/vendor/laravel/framework/src/Illuminate/Pipeline/Pipeline.php(171): Illuminate\\Session\\Middleware\\StartSession->handle(Object(Illuminate\\Http\\Request), Object(Closure))
#23 /usr/local/var/www/vhosts/zilrsoft/vendor/laravel/framework/src/Illuminate/Cookie/Middleware/AddQueuedCookiesToResponse.php(37): Illuminate\\Pipeline\\Pipeline->Illuminate\\Pipeline\\{closure}(Object(Illuminate\\Http\\Request))
#24 /usr/local/var/www/vhosts/zilrsoft/vendor/laravel/framework/src/Illuminate/Pipeline/Pipeline.php(171): Illuminate\\Cookie\\Middleware\\AddQueuedCookiesToResponse->handle(Object(Illuminate\\Http\\Request), Object(Closure))
#25 /usr/local/var/www/vhosts/zilrsoft/vendor/laravel/framework/src/Illuminate/Cookie/Middleware/EncryptCookies.php(66): Illuminate\\Pipeline\\Pipeline->Illuminate\\Pipeline\\{closure}(Object(Illuminate\\Http\\Request))
#26 /usr/local/var/www/vhosts/zilrsoft/vendor/laravel/framework/src/Illuminate/Pipeline/Pipeline.php(171): Illuminate\\Cookie\\Middleware\\EncryptCookies->handle(Object(Illuminate\\Http\\Request), Object(Closure))
#27 /usr/local/var/www/vhosts/zilrsoft/vendor/laravel/framework/src/Illuminate/Pipeline/Pipeline.php(105): Illuminate\\Pipeline\\Pipeline->Illuminate\\Pipeline\\{closure}(Object(Illuminate\\Http\\Request))
#28 /usr/local/var/www/vhosts/zilrsoft/vendor/laravel/framework/src/Illuminate/Routing/Router.php(683): Illuminate\\Pipeline\\Pipeline->then(Object(Closure))
#29 /usr/local/var/www/vhosts/zilrsoft/vendor/laravel/framework/src/Illuminate/Routing/Router.php(658): Illuminate\\Routing\\Router->runRouteWithinStack(Object(Illuminate\\Routing\\Route), Object(Illuminate\\Http\\Request))
#30 /usr/local/var/www/vhosts/zilrsoft/vendor/laravel/framework/src/Illuminate/Routing/Router.php(624): Illuminate\\Routing\\Router->runRoute(Object(Illuminate\\Http\\Request), Object(Illuminate\\Routing\\Route))
#31 /usr/local/var/www/vhosts/zilrsoft/vendor/laravel/framework/src/Illuminate/Routing/Router.php(613): Illuminate\\Routing\\Router->dispatchToRoute(Object(Illuminate\\Http\\Request))
#32 /usr/local/var/www/vhosts/zilrsoft/vendor/laravel/framework/src/Illuminate/Foundation/Http/Kernel.php(170): Illuminate\\Routing\\Router->dispatch(Object(Illuminate\\Http\\Request))
#33 /usr/local/var/www/vhosts/zilrsoft/vendor/laravel/framework/src/Illuminate/Pipeline/Pipeline.php(130): Illuminate\\Foundation\\Http\\Kernel->Illuminate\\Foundation\\Http\\{closure}(Object(Illuminate\\Http\\Request))
#34 /usr/local/var/www/vhosts/zilrsoft/vendor/barryvdh/laravel-debugbar/src/Middleware/InjectDebugbar.php(65): Illuminate\\Pipeline\\Pipeline->Illuminate\\Pipeline\\{closure}(Object(Illuminate\\Http\\Request))
#35 /usr/local/var/www/vhosts/zilrsoft/vendor/laravel/framework/src/Illuminate/Pipeline/Pipeline.php(171): Barryvdh\\Debugbar\\Middleware\\InjectDebugbar->handle(Object(Illuminate\\Http\\Request), Object(Closure))
#36 /usr/local/var/www/vhosts/zilrsoft/vendor/laravel/framework/src/Illuminate/Foundation/Http/Middleware/TransformsRequest.php(21): Illuminate\\Pipeline\\Pipeline->Illuminate\\Pipeline\\{closure}(Object(Illuminate\\Http\\Request))
#37 /usr/local/var/www/vhosts/zilrsoft/vendor/laravel/framework/src/Illuminate/Pipeline/Pipeline.php(171): Illuminate\\Foundation\\Http\\Middleware\\TransformsRequest->handle(Object(Illuminate\\Http\\Request), Object(Closure))
#38 /usr/local/var/www/vhosts/zilrsoft/vendor/laravel/framework/src/Illuminate/Foundation/Http/Middleware/TransformsRequest.php(21): Illuminate\\Pipeline\\Pipeline->Illuminate\\Pipeline\\{closure}(Object(Illuminate\\Http\\Request))
#39 /usr/local/var/www/vhosts/zilrsoft/vendor/laravel/framework/src/Illuminate/Pipeline/Pipeline.php(171): Illuminate\\Foundation\\Http\\Middleware\\TransformsRequest->handle(Object(Illuminate\\Http\\Request), Object(Closure))
#40 /usr/local/var/www/vhosts/zilrsoft/vendor/laravel/framework/src/Illuminate/Foundation/Http/Middleware/ValidatePostSize.php(27): Illuminate\\Pipeline\\Pipeline->Illuminate\\Pipeline\\{closure}(Object(Illuminate\\Http\\Request))
#41 /usr/local/var/www/vhosts/zilrsoft/vendor/laravel/framework/src/Illuminate/Pipeline/Pipeline.php(171): Illuminate\\Foundation\\Http\\Middleware\\ValidatePostSize->handle(Object(Illuminate\\Http\\Request), Object(Closure))
#42 /usr/local/var/www/vhosts/zilrsoft/vendor/laravel/framework/src/Illuminate/Foundation/Http/Middleware/CheckForMaintenanceMode.php(63): Illuminate\\Pipeline\\Pipeline->Illuminate\\Pipeline\\{closure}(Object(Illuminate\\Http\\Request))
#43 /usr/local/var/www/vhosts/zilrsoft/vendor/laravel/framework/src/Illuminate/Pipeline/Pipeline.php(171): Illuminate\\Foundation\\Http\\Middleware\\CheckForMaintenanceMode->handle(Object(Illuminate\\Http\\Request), Object(Closure))
#44 /usr/local/var/www/vhosts/zilrsoft/vendor/fideloper/proxy/src/TrustProxies.php(57): Illuminate\\Pipeline\\Pipeline->Illuminate\\Pipeline\\{closure}(Object(Illuminate\\Http\\Request))
#45 /usr/local/var/www/vhosts/zilrsoft/vendor/laravel/framework/src/Illuminate/Pipeline/Pipeline.php(171): Fideloper\\Proxy\\TrustProxies->handle(Object(Illuminate\\Http\\Request), Object(Closure))
#46 /usr/local/var/www/vhosts/zilrsoft/vendor/laravel/framework/src/Illuminate/Pipeline/Pipeline.php(105): Illuminate\\Pipeline\\Pipeline->Illuminate\\Pipeline\\{closure}(Object(Illuminate\\Http\\Request))
#47 /usr/local/var/www/vhosts/zilrsoft/vendor/laravel/framework/src/Illuminate/Foundation/Http/Kernel.php(145): Illuminate\\Pipeline\\Pipeline->then(Object(Closure))
#48 /usr/local/var/www/vhosts/zilrsoft/vendor/laravel/framework/src/Illuminate/Foundation/Http/Kernel.php(110): Illuminate\\Foundation\\Http\\Kernel->sendRequestThroughRouter(Object(Illuminate\\Http\\Request))
#49 /usr/local/var/www/vhosts/zilrsoft/index.php(54): Illuminate\\Foundation\\Http\\Kernel->handle(Object(Illuminate\\Http\\Request))
#50 {main}
"} 
[2020-06-29 17:07:41] producation.ERROR: Debugbar exception: mkdir(): Permission denied  
[2020-06-29 17:08:08] producation.ERROR: Debugbar exception: mkdir(): Permission denied  
[2020-06-29 17:08:08] producation.ERROR: Method App\Http\Controllers\Accounting\CategoryController::show does not exist. {"userId":8,"exception":"[object] (BadMethodCallException(code: 0): Method App\\Http\\Controllers\\Accounting\\CategoryController::show does not exist. at /usr/local/var/www/vhosts/zilrsoft/vendor/laravel/framework/src/Illuminate/Routing/Controller.php:68)
[stacktrace]
#0 [internal function]: Illuminate\\Routing\\Controller->__call('show', Array)
#1 /usr/local/var/www/vhosts/zilrsoft/vendor/laravel/framework/src/Illuminate/Routing/Controller.php(54): call_user_func_array(Array, Array)
#2 /usr/local/var/www/vhosts/zilrsoft/vendor/laravel/framework/src/Illuminate/Routing/ControllerDispatcher.php(45): Illuminate\\Routing\\Controller->callAction('show', Array)
#3 /usr/local/var/www/vhosts/zilrsoft/vendor/laravel/framework/src/Illuminate/Routing/Route.php(219): Illuminate\\Routing\\ControllerDispatcher->dispatch(Object(Illuminate\\Routing\\Route), Object(App\\Http\\Controllers\\Accounting\\CategoryController), 'show')
#4 /usr/local/var/www/vhosts/zilrsoft/vendor/laravel/framework/src/Illuminate/Routing/Route.php(176): Illuminate\\Routing\\Route->runController()
#5 /usr/local/var/www/vhosts/zilrsoft/vendor/laravel/framework/src/Illuminate/Routing/Router.php(681): Illuminate\\Routing\\Route->run()
#6 /usr/local/var/www/vhosts/zilrsoft/vendor/laravel/framework/src/Illuminate/Pipeline/Pipeline.php(130): Illuminate\\Routing\\Router->Illuminate\\Routing\\{closure}(Object(Illuminate\\Http\\Request))
#7 /usr/local/var/www/vhosts/zilrsoft/vendor/spatie/laravel-permission/src/Middlewares/PermissionMiddleware.php(22): Illuminate\\Pipeline\\Pipeline->Illuminate\\Pipeline\\{closure}(Object(Illuminate\\Http\\Request))
#8 /usr/local/var/www/vhosts/zilrsoft/vendor/laravel/framework/src/Illuminate/Pipeline/Pipeline.php(171): Spatie\\Permission\\Middlewares\\PermissionMiddleware->handle(Object(Illuminate\\Http\\Request), Object(Closure), 'create category')
#9 /usr/local/var/www/vhosts/zilrsoft/vendor/laravel/framework/src/Illuminate/Auth/Middleware/EnsureEmailIsVerified.php(29): Illuminate\\Pipeline\\Pipeline->Illuminate\\Pipeline\\{closure}(Object(Illuminate\\Http\\Request))
#10 /usr/local/var/www/vhosts/zilrsoft/vendor/laravel/framework/src/Illuminate/Pipeline/Pipeline.php(171): Illuminate\\Auth\\Middleware\\EnsureEmailIsVerified->handle(Object(Illuminate\\Http\\Request), Object(Closure))
#11 /usr/local/var/www/vhosts/zilrsoft/vendor/laravel/framework/src/Illuminate/Routing/Middleware/SubstituteBindings.php(41): Illuminate\\Pipeline\\Pipeline->Illuminate\\Pipeline\\{closure}(Object(Illuminate\\Http\\Request))
#12 /usr/local/var/www/vhosts/zilrsoft/vendor/laravel/framework/src/Illuminate/Pipeline/Pipeline.php(171): Illuminate\\Routing\\Middleware\\SubstituteBindings->handle(Object(Illuminate\\Http\\Request), Object(Closure))
#13 /usr/local/var/www/vhosts/zilrsoft/vendor/laravel/framework/src/Illuminate/Foundation/Http/Middleware/VerifyCsrfToken.php(76): Illuminate\\Pipeline\\Pipeline->Illuminate\\Pipeline\\{closure}(Object(Illuminate\\Http\\Request))
#14 /usr/local/var/www/vhosts/zilrsoft/vendor/laravel/framework/src/Illuminate/Pipeline/Pipeline.php(171): Illuminate\\Foundation\\Http\\Middleware\\VerifyCsrfToken->handle(Object(Illuminate\\Http\\Request), Object(Closure))
#15 /usr/local/var/www/vhosts/zilrsoft/vendor/laravel/framework/src/Illuminate/Session/Middleware/AuthenticateSession.php(58): Illuminate\\Pipeline\\Pipeline->Illuminate\\Pipeline\\{closure}(Object(Illuminate\\Http\\Request))
#16 /usr/local/var/www/vhosts/zilrsoft/vendor/laravel/framework/src/Illuminate/Pipeline/Pipeline.php(171): Illuminate\\Session\\Middleware\\AuthenticateSession->handle(Object(Illuminate\\Http\\Request), Object(Closure))
#17 /usr/local/var/www/vhosts/zilrsoft/vendor/laravel/framework/src/Illuminate/Auth/Middleware/Authenticate.php(43): Illuminate\\Pipeline\\Pipeline->Illuminate\\Pipeline\\{closure}(Object(Illuminate\\Http\\Request))
#18 /usr/local/var/www/vhosts/zilrsoft/vendor/laravel/framework/src/Illuminate/Pipeline/Pipeline.php(171): Illuminate\\Auth\\Middleware\\Authenticate->handle(Object(Illuminate\\Http\\Request), Object(Closure))
#19 /usr/local/var/www/vhosts/zilrsoft/vendor/laravel/framework/src/Illuminate/View/Middleware/ShareErrorsFromSession.php(49): Illuminate\\Pipeline\\Pipeline->Illuminate\\Pipeline\\{closure}(Object(Illuminate\\Http\\Request))
#20 /usr/local/var/www/vhosts/zilrsoft/vendor/laravel/framework/src/Illuminate/Pipeline/Pipeline.php(171): Illuminate\\View\\Middleware\\ShareErrorsFromSession->handle(Object(Illuminate\\Http\\Request), Object(Closure))
#21 /usr/local/var/www/vhosts/zilrsoft/vendor/laravel/framework/src/Illuminate/Session/Middleware/StartSession.php(56): Illuminate\\Pipeline\\Pipeline->Illuminate\\Pipeline\\{closure}(Object(Illuminate\\Http\\Request))
#22 /usr/local/var/www/vhosts/zilrsoft/vendor/laravel/framework/src/Illuminate/Pipeline/Pipeline.php(171): Illuminate\\Session\\Middleware\\StartSession->handle(Object(Illuminate\\Http\\Request), Object(Closure))
#23 /usr/local/var/www/vhosts/zilrsoft/vendor/laravel/framework/src/Illuminate/Cookie/Middleware/AddQueuedCookiesToResponse.php(37): Illuminate\\Pipeline\\Pipeline->Illuminate\\Pipeline\\{closure}(Object(Illuminate\\Http\\Request))
#24 /usr/local/var/www/vhosts/zilrsoft/vendor/laravel/framework/src/Illuminate/Pipeline/Pipeline.php(171): Illuminate\\Cookie\\Middleware\\AddQueuedCookiesToResponse->handle(Object(Illuminate\\Http\\Request), Object(Closure))
#25 /usr/local/var/www/vhosts/zilrsoft/vendor/laravel/framework/src/Illuminate/Cookie/Middleware/EncryptCookies.php(66): Illuminate\\Pipeline\\Pipeline->Illuminate\\Pipeline\\{closure}(Object(Illuminate\\Http\\Request))
#26 /usr/local/var/www/vhosts/zilrsoft/vendor/laravel/framework/src/Illuminate/Pipeline/Pipeline.php(171): Illuminate\\Cookie\\Middleware\\EncryptCookies->handle(Object(Illuminate\\Http\\Request), Object(Closure))
#27 /usr/local/var/www/vhosts/zilrsoft/vendor/laravel/framework/src/Illuminate/Pipeline/Pipeline.php(105): Illuminate\\Pipeline\\Pipeline->Illuminate\\Pipeline\\{closure}(Object(Illuminate\\Http\\Request))
#28 /usr/local/var/www/vhosts/zilrsoft/vendor/laravel/framework/src/Illuminate/Routing/Router.php(683): Illuminate\\Pipeline\\Pipeline->then(Object(Closure))
#29 /usr/local/var/www/vhosts/zilrsoft/vendor/laravel/framework/src/Illuminate/Routing/Router.php(658): Illuminate\\Routing\\Router->runRouteWithinStack(Object(Illuminate\\Routing\\Route), Object(Illuminate\\Http\\Request))
#30 /usr/local/var/www/vhosts/zilrsoft/vendor/laravel/framework/src/Illuminate/Routing/Router.php(624): Illuminate\\Routing\\Router->runRoute(Object(Illuminate\\Http\\Request), Object(Illuminate\\Routing\\Route))
#31 /usr/local/var/www/vhosts/zilrsoft/vendor/laravel/framework/src/Illuminate/Routing/Router.php(613): Illuminate\\Routing\\Router->dispatchToRoute(Object(Illuminate\\Http\\Request))
#32 /usr/local/var/www/vhosts/zilrsoft/vendor/laravel/framework/src/Illuminate/Foundation/Http/Kernel.php(170): Illuminate\\Routing\\Router->dispatch(Object(Illuminate\\Http\\Request))
#33 /usr/local/var/www/vhosts/zilrsoft/vendor/laravel/framework/src/Illuminate/Pipeline/Pipeline.php(130): Illuminate\\Foundation\\Http\\Kernel->Illuminate\\Foundation\\Http\\{closure}(Object(Illuminate\\Http\\Request))
#34 /usr/local/var/www/vhosts/zilrsoft/vendor/barryvdh/laravel-debugbar/src/Middleware/InjectDebugbar.php(65): Illuminate\\Pipeline\\Pipeline->Illuminate\\Pipeline\\{closure}(Object(Illuminate\\Http\\Request))
#35 /usr/local/var/www/vhosts/zilrsoft/vendor/laravel/framework/src/Illuminate/Pipeline/Pipeline.php(171): Barryvdh\\Debugbar\\Middleware\\InjectDebugbar->handle(Object(Illuminate\\Http\\Request), Object(Closure))
#36 /usr/local/var/www/vhosts/zilrsoft/vendor/laravel/framework/src/Illuminate/Foundation/Http/Middleware/TransformsRequest.php(21): Illuminate\\Pipeline\\Pipeline->Illuminate\\Pipeline\\{closure}(Object(Illuminate\\Http\\Request))
#37 /usr/local/var/www/vhosts/zilrsoft/vendor/laravel/framework/src/Illuminate/Pipeline/Pipeline.php(171): Illuminate\\Foundation\\Http\\Middleware\\TransformsRequest->handle(Object(Illuminate\\Http\\Request), Object(Closure))
#38 /usr/local/var/www/vhosts/zilrsoft/vendor/laravel/framework/src/Illuminate/Foundation/Http/Middleware/TransformsRequest.php(21): Illuminate\\Pipeline\\Pipeline->Illuminate\\Pipeline\\{closure}(Object(Illuminate\\Http\\Request))
#39 /usr/local/var/www/vhosts/zilrsoft/vendor/laravel/framework/src/Illuminate/Pipeline/Pipeline.php(171): Illuminate\\Foundation\\Http\\Middleware\\TransformsRequest->handle(Object(Illuminate\\Http\\Request), Object(Closure))
#40 /usr/local/var/www/vhosts/zilrsoft/vendor/laravel/framework/src/Illuminate/Foundation/Http/Middleware/ValidatePostSize.php(27): Illuminate\\Pipeline\\Pipeline->Illuminate\\Pipeline\\{closure}(Object(Illuminate\\Http\\Request))
#41 /usr/local/var/www/vhosts/zilrsoft/vendor/laravel/framework/src/Illuminate/Pipeline/Pipeline.php(171): Illuminate\\Foundation\\Http\\Middleware\\ValidatePostSize->handle(Object(Illuminate\\Http\\Request), Object(Closure))
#42 /usr/local/var/www/vhosts/zilrsoft/vendor/laravel/framework/src/Illuminate/Foundation/Http/Middleware/CheckForMaintenanceMode.php(63): Illuminate\\Pipeline\\Pipeline->Illuminate\\Pipeline\\{closure}(Object(Illuminate\\Http\\Request))
#43 /usr/local/var/www/vhosts/zilrsoft/vendor/laravel/framework/src/Illuminate/Pipeline/Pipeline.php(171): Illuminate\\Foundation\\Http\\Middleware\\CheckForMaintenanceMode->handle(Object(Illuminate\\Http\\Request), Object(Closure))
#44 /usr/local/var/www/vhosts/zilrsoft/vendor/fideloper/proxy/src/TrustProxies.php(57): Illuminate\\Pipeline\\Pipeline->Illuminate\\Pipeline\\{closure}(Object(Illuminate\\Http\\Request))
#45 /usr/local/var/www/vhosts/zilrsoft/vendor/laravel/framework/src/Illuminate/Pipeline/Pipeline.php(171): Fideloper\\Proxy\\TrustProxies->handle(Object(Illuminate\\Http\\Request), Object(Closure))
#46 /usr/local/var/www/vhosts/zilrsoft/vendor/laravel/framework/src/Illuminate/Pipeline/Pipeline.php(105): Illuminate\\Pipeline\\Pipeline->Illuminate\\Pipeline\\{closure}(Object(Illuminate\\Http\\Request))
#47 /usr/local/var/www/vhosts/zilrsoft/vendor/laravel/framework/src/Illuminate/Foundation/Http/Kernel.php(145): Illuminate\\Pipeline\\Pipeline->then(Object(Closure))
#48 /usr/local/var/www/vhosts/zilrsoft/vendor/laravel/framework/src/Illuminate/Foundation/Http/Kernel.php(110): Illuminate\\Foundation\\Http\\Kernel->sendRequestThroughRouter(Object(Illuminate\\Http\\Request))
#49 /usr/local/var/www/vhosts/zilrsoft/index.php(54): Illuminate\\Foundation\\Http\\Kernel->handle(Object(Illuminate\\Http\\Request))
#50 {main}
"} 
[2020-06-29 17:08:08] producation.ERROR: Debugbar exception: mkdir(): Permission denied  
[2020-06-29 17:08:27] producation.ERROR: Debugbar exception: mkdir(): Permission denied  
[2020-06-29 17:08:28] producation.ERROR: Debugbar exception: mkdir(): Permission denied  
[2020-06-29 17:08:30] producation.ERROR: Debugbar exception: mkdir(): Permission denied  
[2020-06-29 17:08:31] producation.ERROR: Debugbar exception: mkdir(): Permission denied  
[2020-06-29 17:08:32] producation.ERROR: Debugbar exception: mkdir(): Permission denied  
[2020-06-29 18:21:49] producation.ERROR: Debugbar exception: mkdir(): Permission denied  
[2020-06-29 18:21:49] producation.ERROR: Debugbar exception: mkdir(): Permission denied  
[2020-06-29 18:21:52] producation.ERROR: Debugbar exception: mkdir(): Permission denied  
[2020-06-29 18:22:08] producation.ERROR: Debugbar exception: mkdir(): Permission denied  
[2020-06-29 18:22:22] producation.ERROR: Debugbar exception: mkdir(): Permission denied  
[2020-06-29 18:22:23] producation.ERROR: Debugbar exception: mkdir(): Permission denied  
[2020-06-29 18:22:26] producation.ERROR: Debugbar exception: mkdir(): Permission denied  
[2020-06-29 18:22:53] producation.ERROR: Debugbar exception: mkdir(): Permission denied  
[2020-06-29 18:22:57] producation.ERROR: Debugbar exception: mkdir(): Permission denied  
[2020-06-29 18:23:06] producation.ERROR: Debugbar exception: mkdir(): Permission denied  
[2020-06-29 18:23:11] producation.ERROR: Debugbar exception: mkdir(): Permission denied  
[2020-06-29 18:23:17] producation.ERROR: Debugbar exception: mkdir(): Permission denied  
[2020-06-29 18:23:22] producation.ERROR: Debugbar exception: mkdir(): Permission denied  
[2020-06-29 18:23:24] producation.ERROR: Debugbar exception: mkdir(): Permission denied  
[2020-06-29 18:23:26] producation.ERROR: Debugbar exception: mkdir(): Permission denied  
[2020-06-29 18:23:28] producation.ERROR: Debugbar exception: mkdir(): Permission denied  
[2020-06-29 18:23:30] producation.ERROR: Debugbar exception: mkdir(): Permission denied  
[2020-06-29 18:23:32] producation.ERROR: Debugbar exception: mkdir(): Permission denied  
[2020-06-29 18:23:43] producation.ERROR: Debugbar exception: mkdir(): Permission denied  
[2020-06-29 18:23:43] producation.ERROR: Debugbar exception: mkdir(): Permission denied  
[2020-06-29 18:23:43] producation.ERROR: Debugbar exception: mkdir(): Permission denied  
[2020-06-29 18:23:46] producation.ERROR: Debugbar exception: mkdir(): Permission denied  
[2020-06-29 18:23:48] producation.ERROR: Debugbar exception: mkdir(): Permission denied  
[2020-06-29 18:23:49] producation.ERROR: Debugbar exception: mkdir(): Permission denied  
[2020-06-29 18:23:53] producation.ERROR: Debugbar exception: mkdir(): Permission denied  
[2020-06-29 18:23:55] producation.ERROR: Debugbar exception: mkdir(): Permission denied  
[2020-06-29 18:23:57] producation.ERROR: Debugbar exception: mkdir(): Permission denied  
[2020-06-29 18:24:01] producation.ERROR: Debugbar exception: mkdir(): Permission denied  
[2020-06-29 18:24:03] producation.ERROR: Debugbar exception: mkdir(): Permission denied  
[2020-06-29 18:24:06] producation.ERROR: Debugbar exception: mkdir(): Permission denied  
[2020-06-29 18:24:11] producation.ERROR: Debugbar exception: mkdir(): Permission denied  
[2020-06-29 18:24:12] producation.ERROR: Debugbar exception: mkdir(): Permission denied  
[2020-06-29 18:24:14] producation.ERROR: Debugbar exception: mkdir(): Permission denied  
[2020-06-29 18:24:15] producation.ERROR: Debugbar exception: mkdir(): Permission denied  
[2020-06-29 18:24:16] producation.ERROR: Debugbar exception: mkdir(): Permission denied  
[2020-06-29 18:24:17] producation.ERROR: Debugbar exception: mkdir(): Permission denied  
[2020-06-29 18:24:18] producation.ERROR: Debugbar exception: mkdir(): Permission denied  
[2020-06-29 18:24:19] producation.ERROR: Debugbar exception: mkdir(): Permission denied  
[2020-06-29 18:24:21] producation.ERROR: Debugbar exception: mkdir(): Permission denied  
[2020-06-29 18:24:23] producation.ERROR: Debugbar exception: mkdir(): Permission denied  
[2020-06-29 18:24:28] producation.ERROR: Debugbar exception: mkdir(): Permission denied  
[2020-06-29 18:24:32] producation.ERROR: Debugbar exception: mkdir(): Permission denied  
[2020-06-29 18:24:49] producation.ERROR: Debugbar exception: mkdir(): Permission denied  
[2020-06-29 18:24:49] producation.ERROR: Debugbar exception: mkdir(): Permission denied  
[2020-06-29 18:24:49] producation.ERROR: Debugbar exception: mkdir(): Permission denied  
[2020-06-29 18:24:49] producation.ERROR: Debugbar exception: mkdir(): Permission denied  
[2020-06-29 18:24:56] producation.ERROR: Debugbar exception: mkdir(): Permission denied  
[2020-06-29 18:25:03] producation.ERROR: Debugbar exception: mkdir(): Permission denied  
[2020-06-29 18:25:04] producation.ERROR: Debugbar exception: mkdir(): Permission denied  
[2020-06-29 18:26:34] producation.ERROR: Debugbar exception: mkdir(): Permission denied  
[2020-06-29 18:26:36] producation.ERROR: Debugbar exception: mkdir(): Permission denied  
[2020-06-29 18:26:37] producation.ERROR: Debugbar exception: mkdir(): Permission denied  
[2020-06-29 18:26:41] producation.ERROR: Debugbar exception: mkdir(): Permission denied  
[2020-06-29 18:26:43] producation.ERROR: Debugbar exception: mkdir(): Permission denied  
[2020-06-29 18:26:44] producation.ERROR: Debugbar exception: mkdir(): Permission denied  
[2020-06-29 18:26:46] producation.ERROR: Debugbar exception: mkdir(): Permission denied  
[2020-06-29 18:27:19] producation.ERROR: Debugbar exception: mkdir(): Permission denied  
[2020-06-29 18:27:23] producation.ERROR: Debugbar exception: mkdir(): Permission denied  
[2020-06-29 18:27:28] producation.ERROR: Debugbar exception: mkdir(): Permission denied  
[2020-06-29 18:27:38] producation.ERROR: Debugbar exception: mkdir(): Permission denied  
[2020-06-29 18:27:38] producation.ERROR: Debugbar exception: mkdir(): Permission denied  
[2020-06-29 18:27:38] producation.ERROR: Debugbar exception: mkdir(): Permission denied  
[2020-06-29 18:27:40] producation.ERROR: Debugbar exception: mkdir(): Permission denied  
[2020-06-29 18:27:42] producation.ERROR: Debugbar exception: mkdir(): Permission denied  
[2020-06-29 18:27:46] producation.ERROR: Debugbar exception: mkdir(): Permission denied  
[2020-06-29 18:27:49] producation.ERROR: Debugbar exception: mkdir(): Permission denied  
[2020-06-29 18:27:52] producation.ERROR: Debugbar exception: mkdir(): Permission denied  
[2020-06-29 18:27:54] producation.ERROR: Debugbar exception: mkdir(): Permission denied  
[2020-06-29 18:27:58] producation.ERROR: Debugbar exception: mkdir(): Permission denied  
[2020-06-29 18:28:01] producation.ERROR: Debugbar exception: mkdir(): Permission denied  
[2020-06-29 18:28:03] producation.ERROR: Debugbar exception: mkdir(): Permission denied  
[2020-06-29 18:28:07] producation.ERROR: Debugbar exception: mkdir(): Permission denied  
[2020-06-29 18:28:09] producation.ERROR: Debugbar exception: mkdir(): Permission denied  
[2020-06-29 18:28:11] producation.ERROR: Debugbar exception: mkdir(): Permission denied  
[2020-06-29 18:28:17] producation.ERROR: Debugbar exception: mkdir(): Permission denied  
[2020-06-29 18:28:20] producation.ERROR: Debugbar exception: mkdir(): Permission denied  
[2020-06-29 18:28:23] producation.ERROR: Debugbar exception: mkdir(): Permission denied  
[2020-06-29 18:28:26] producation.ERROR: Debugbar exception: mkdir(): Permission denied  
[2020-06-29 18:28:44] producation.ERROR: Debugbar exception: mkdir(): Permission denied  
[2020-06-29 18:28:49] producation.ERROR: Debugbar exception: mkdir(): Permission denied  
[2020-06-29 18:28:52] producation.ERROR: Debugbar exception: mkdir(): Permission denied  
[2020-06-29 18:29:02] producation.ERROR: Debugbar exception: mkdir(): Permission denied  
[2020-06-29 18:29:03] producation.ERROR: Debugbar exception: mkdir(): Permission denied  
[2020-06-29 18:29:07] producation.ERROR: Debugbar exception: mkdir(): Permission denied  
[2020-06-29 18:29:09] producation.ERROR: Debugbar exception: mkdir(): Permission denied  
[2020-06-29 18:29:11] producation.ERROR: Debugbar exception: mkdir(): Permission denied  
[2020-06-29 18:29:12] producation.ERROR: Debugbar exception: mkdir(): Permission denied  
[2020-06-29 18:29:14] producation.ERROR: Debugbar exception: mkdir(): Permission denied  
[2020-06-29 18:29:17] producation.ERROR: Debugbar exception: mkdir(): Permission denied  
[2020-06-29 18:29:19] producation.ERROR: Debugbar exception: mkdir(): Permission denied  
[2020-06-29 18:29:20] producation.ERROR: Debugbar exception: mkdir(): Permission denied  
[2020-06-29 18:29:23] producation.ERROR: Debugbar exception: mkdir(): Permission denied  
[2020-06-29 18:29:23] producation.ERROR: Debugbar exception: mkdir(): Permission denied  
[2020-06-29 18:29:25] producation.ERROR: Debugbar exception: mkdir(): Permission denied  
[2020-06-29 18:29:27] producation.ERROR: Debugbar exception: mkdir(): Permission denied  
[2020-06-29 18:29:31] producation.ERROR: Debugbar exception: mkdir(): Permission denied  
[2020-06-29 18:29:35] producation.ERROR: Debugbar exception: mkdir(): Permission denied  
[2020-06-29 18:29:36] producation.ERROR: Debugbar exception: mkdir(): Permission denied  
[2020-06-29 18:29:40] producation.ERROR: Debugbar exception: mkdir(): Permission denied  
[2020-06-29 18:29:45] producation.ERROR: Debugbar exception: mkdir(): Permission denied  
[2020-06-29 18:29:46] producation.ERROR: Debugbar exception: mkdir(): Permission denied  
[2020-06-29 18:29:48] producation.ERROR: Debugbar exception: mkdir(): Permission denied  
[2020-06-29 18:30:02] producation.ERROR: Debugbar exception: mkdir(): Permission denied  
[2020-06-29 18:30:02] producation.ERROR: Debugbar exception: mkdir(): Permission denied  
[2020-06-29 18:30:04] producation.ERROR: Debugbar exception: mkdir(): Permission denied  
[2020-06-29 18:30:06] producation.ERROR: Debugbar exception: mkdir(): Permission denied  
[2020-06-29 18:30:08] producation.ERROR: Debugbar exception: mkdir(): Permission denied  
[2020-06-29 18:30:09] producation.ERROR: Debugbar exception: mkdir(): Permission denied  
[2020-06-29 18:30:20] producation.ERROR: Debugbar exception: mkdir(): Permission denied  
[2020-06-29 18:30:33] producation.ERROR: Debugbar exception: mkdir(): Permission denied  
[2020-06-29 18:30:37] producation.ERROR: Debugbar exception: mkdir(): Permission denied  
[2020-06-29 18:30:39] producation.ERROR: Debugbar exception: mkdir(): Permission denied  
[2020-06-29 18:30:39] producation.ERROR: Debugbar exception: mkdir(): Permission denied  
[2020-06-29 18:30:41] producation.ERROR: Debugbar exception: mkdir(): Permission denied  
[2020-06-29 18:30:43] producation.ERROR: Debugbar exception: mkdir(): Permission denied  
[2020-06-29 18:30:45] producation.ERROR: Debugbar exception: mkdir(): Permission denied  
[2020-06-29 18:30:47] producation.ERROR: Debugbar exception: mkdir(): Permission denied  
[2020-06-29 18:30:51] producation.ERROR: Debugbar exception: mkdir(): Permission denied  
[2020-06-29 18:31:06] producation.ERROR: Debugbar exception: mkdir(): Permission denied  
[2020-06-29 18:31:08] producation.ERROR: Debugbar exception: mkdir(): Permission denied  
[2020-06-29 18:31:18] producation.ERROR: Debugbar exception: mkdir(): Permission denied  
[2020-06-29 18:31:22] producation.ERROR: Debugbar exception: mkdir(): Permission denied  
[2020-06-29 18:34:18] producation.ERROR: Debugbar exception: mkdir(): Permission denied  
[2020-06-29 18:34:22] producation.ERROR: Debugbar exception: mkdir(): Permission denied  
[2020-06-29 18:35:10] producation.ERROR: Debugbar exception: mkdir(): Permission denied  
[2020-06-29 18:35:15] producation.ERROR: Debugbar exception: mkdir(): Permission denied  
[2020-06-29 18:35:16] producation.ERROR: Debugbar exception: mkdir(): Permission denied  
[2020-06-29 18:35:16] producation.ERROR: Debugbar exception: mkdir(): Permission denied  
[2020-06-29 18:35:18] producation.ERROR: Debugbar exception: mkdir(): Permission denied  
[2020-06-29 18:35:20] producation.ERROR: Debugbar exception: mkdir(): Permission denied  
[2020-06-29 18:35:22] producation.ERROR: Debugbar exception: mkdir(): Permission denied  
[2020-06-29 18:35:25] producation.ERROR: Debugbar exception: mkdir(): Permission denied  
[2020-06-29 18:35:27] producation.ERROR: Debugbar exception: mkdir(): Permission denied  
[2020-06-29 18:35:44] producation.ERROR: Debugbar exception: mkdir(): Permission denied  
