[2020-09-18 14:42:28] producation.ERROR: Class 'App\Http\Controllers\Account' not found {"userId":8,"exception":"[object] (Symfony\\Component\\Debug\\Exception\\FatalThrowableError(code: 0): Class 'App\\Http\\Controllers\\Account' not found at /usr/local/var/www/workspace/zilrsoft/app/Http/Controllers/SaleController.php:36)
[stacktrace]
#0 [internal function]: App\\Http\\Controllers\\SaleController->create()
#1 /usr/local/var/www/workspace/zilrsoft/vendor/laravel/framework/src/Illuminate/Routing/Controller.php(54): call_user_func_array(Array, Array)
#2 /usr/local/var/www/workspace/zilrsoft/vendor/laravel/framework/src/Illuminate/Routing/ControllerDispatcher.php(45): Illuminate\\Routing\\Controller->callAction('create', Array)
#3 /usr/local/var/www/workspace/zilrsoft/vendor/laravel/framework/src/Illuminate/Routing/Route.php(219): Illuminate\\Routing\\ControllerDispatcher->dispatch(Object(Illuminate\\Routing\\Route), Object(App\\Http\\Controllers\\SaleController), 'create')
#4 /usr/local/var/www/workspace/zilrsoft/vendor/laravel/framework/src/Illuminate/Routing/Route.php(176): Illuminate\\Routing\\Route->runController()
#5 /usr/local/var/www/workspace/zilrsoft/vendor/laravel/framework/src/Illuminate/Routing/Router.php(681): Illuminate\\Routing\\Route->run()
#6 /usr/local/var/www/workspace/zilrsoft/vendor/laravel/framework/src/Illuminate/Pipeline/Pipeline.php(130): Illuminate\\Routing\\Router->Illuminate\\Routing\\{closure}(Object(Illuminate\\Http\\Request))
#7 /usr/local/var/www/workspace/zilrsoft/vendor/laravel/framework/src/Illuminate/Routing/Middleware/SubstituteBindings.php(41): Illuminate\\Pipeline\\Pipeline->Illuminate\\Pipeline\\{closure}(Object(Illuminate\\Http\\Request))
#8 /usr/local/var/www/workspace/zilrsoft/vendor/laravel/framework/src/Illuminate/Pipeline/Pipeline.php(171): Illuminate\\Routing\\Middleware\\SubstituteBindings->handle(Object(Illuminate\\Http\\Request), Object(Closure))
#9 /usr/local/var/www/workspace/zilrsoft/vendor/laravel/framework/src/Illuminate/Session/Middleware/AuthenticateSession.php(58): Illuminate\\Pipeline\\Pipeline->Illuminate\\Pipeline\\{closure}(Object(Illuminate\\Http\\Request))
#10 /usr/local/var/www/workspace/zilrsoft/vendor/laravel/framework/src/Illuminate/Pipeline/Pipeline.php(171): Illuminate\\Session\\Middleware\\AuthenticateSession->handle(Object(Illuminate\\Http\\Request), Object(Closure))
#11 /usr/local/var/www/workspace/zilrsoft/vendor/laravel/framework/src/Illuminate/Auth/Middleware/Authenticate.php(43): Illuminate\\Pipeline\\Pipeline->Illuminate\\Pipeline\\{closure}(Object(Illuminate\\Http\\Request))
#12 /usr/local/var/www/workspace/zilrsoft/vendor/laravel/framework/src/Illuminate/Pipeline/Pipeline.php(171): Illuminate\\Auth\\Middleware\\Authenticate->handle(Object(Illuminate\\Http\\Request), Object(Closure))
#13 /usr/local/var/www/workspace/zilrsoft/vendor/laravel/framework/src/Illuminate/View/Middleware/ShareErrorsFromSession.php(49): Illuminate\\Pipeline\\Pipeline->Illuminate\\Pipeline\\{closure}(Object(Illuminate\\Http\\Request))
#14 /usr/local/var/www/workspace/zilrsoft/vendor/laravel/framework/src/Illuminate/Pipeline/Pipeline.php(171): Illuminate\\View\\Middleware\\ShareErrorsFromSession->handle(Object(Illuminate\\Http\\Request), Object(Closure))
#15 /usr/local/var/www/workspace/zilrsoft/vendor/laravel/framework/src/Illuminate/Session/Middleware/StartSession.php(56): Illuminate\\Pipeline\\Pipeline->Illuminate\\Pipeline\\{closure}(Object(Illuminate\\Http\\Request))
#16 /usr/local/var/www/workspace/zilrsoft/vendor/laravel/framework/src/Illuminate/Pipeline/Pipeline.php(171): Illuminate\\Session\\Middleware\\StartSession->handle(Object(Illuminate\\Http\\Request), Object(Closure))
#17 /usr/local/var/www/workspace/zilrsoft/vendor/laravel/framework/src/Illuminate/Cookie/Middleware/AddQueuedCookiesToResponse.php(37): Illuminate\\Pipeline\\Pipeline->Illuminate\\Pipeline\\{closure}(Object(Illuminate\\Http\\Request))
#18 /usr/local/var/www/workspace/zilrsoft/vendor/laravel/framework/src/Illuminate/Pipeline/Pipeline.php(171): Illuminate\\Cookie\\Middleware\\AddQueuedCookiesToResponse->handle(Object(Illuminate\\Http\\Request), Object(Closure))
#19 /usr/local/var/www/workspace/zilrsoft/vendor/laravel/framework/src/Illuminate/Cookie/Middleware/EncryptCookies.php(66): Illuminate\\Pipeline\\Pipeline->Illuminate\\Pipeline\\{closure}(Object(Illuminate\\Http\\Request))
#20 /usr/local/var/www/workspace/zilrsoft/vendor/laravel/framework/src/Illuminate/Pipeline/Pipeline.php(171): Illuminate\\Cookie\\Middleware\\EncryptCookies->handle(Object(Illuminate\\Http\\Request), Object(Closure))
#21 /usr/local/var/www/workspace/zilrsoft/vendor/laravel/framework/src/Illuminate/Pipeline/Pipeline.php(105): Illuminate\\Pipeline\\Pipeline->Illuminate\\Pipeline\\{closure}(Object(Illuminate\\Http\\Request))
#22 /usr/local/var/www/workspace/zilrsoft/vendor/laravel/framework/src/Illuminate/Routing/Router.php(683): Illuminate\\Pipeline\\Pipeline->then(Object(Closure))
#23 /usr/local/var/www/workspace/zilrsoft/vendor/laravel/framework/src/Illuminate/Routing/Router.php(658): Illuminate\\Routing\\Router->runRouteWithinStack(Object(Illuminate\\Routing\\Route), Object(Illuminate\\Http\\Request))
#24 /usr/local/var/www/workspace/zilrsoft/vendor/laravel/framework/src/Illuminate/Routing/Router.php(624): Illuminate\\Routing\\Router->runRoute(Object(Illuminate\\Http\\Request), Object(Illuminate\\Routing\\Route))
#25 /usr/local/var/www/workspace/zilrsoft/vendor/laravel/framework/src/Illuminate/Routing/Router.php(613): Illuminate\\Routing\\Router->dispatchToRoute(Object(Illuminate\\Http\\Request))
#26 /usr/local/var/www/workspace/zilrsoft/vendor/laravel/framework/src/Illuminate/Foundation/Http/Kernel.php(170): Illuminate\\Routing\\Router->dispatch(Object(Illuminate\\Http\\Request))
#27 /usr/local/var/www/workspace/zilrsoft/vendor/laravel/framework/src/Illuminate/Pipeline/Pipeline.php(130): Illuminate\\Foundation\\Http\\Kernel->Illuminate\\Foundation\\Http\\{closure}(Object(Illuminate\\Http\\Request))
#28 /usr/local/var/www/workspace/zilrsoft/vendor/barryvdh/laravel-debugbar/src/Middleware/InjectDebugbar.php(65): Illuminate\\Pipeline\\Pipeline->Illuminate\\Pipeline\\{closure}(Object(Illuminate\\Http\\Request))
#29 /usr/local/var/www/workspace/zilrsoft/vendor/laravel/framework/src/Illuminate/Pipeline/Pipeline.php(171): Barryvdh\\Debugbar\\Middleware\\InjectDebugbar->handle(Object(Illuminate\\Http\\Request), Object(Closure))
#30 /usr/local/var/www/workspace/zilrsoft/vendor/laravel/framework/src/Illuminate/Foundation/Http/Middleware/TransformsRequest.php(21): Illuminate\\Pipeline\\Pipeline->Illuminate\\Pipeline\\{closure}(Object(Illuminate\\Http\\Request))
#31 /usr/local/var/www/workspace/zilrsoft/vendor/laravel/framework/src/Illuminate/Pipeline/Pipeline.php(171): Illuminate\\Foundation\\Http\\Middleware\\TransformsRequest->handle(Object(Illuminate\\Http\\Request), Object(Closure))
#32 /usr/local/var/www/workspace/zilrsoft/vendor/laravel/framework/src/Illuminate/Foundation/Http/Middleware/TransformsRequest.php(21): Illuminate\\Pipeline\\Pipeline->Illuminate\\Pipeline\\{closure}(Object(Illuminate\\Http\\Request))
#33 /usr/local/var/www/workspace/zilrsoft/vendor/laravel/framework/src/Illuminate/Pipeline/Pipeline.php(171): Illuminate\\Foundation\\Http\\Middleware\\TransformsRequest->handle(Object(Illuminate\\Http\\Request), Object(Closure))
#34 /usr/local/var/www/workspace/zilrsoft/vendor/laravel/framework/src/Illuminate/Foundation/Http/Middleware/ValidatePostSize.php(27): Illuminate\\Pipeline\\Pipeline->Illuminate\\Pipeline\\{closure}(Object(Illuminate\\Http\\Request))
#35 /usr/local/var/www/workspace/zilrsoft/vendor/laravel/framework/src/Illuminate/Pipeline/Pipeline.php(171): Illuminate\\Foundation\\Http\\Middleware\\ValidatePostSize->handle(Object(Illuminate\\Http\\Request), Object(Closure))
#36 /usr/local/var/www/workspace/zilrsoft/vendor/laravel/framework/src/Illuminate/Foundation/Http/Middleware/CheckForMaintenanceMode.php(63): Illuminate\\Pipeline\\Pipeline->Illuminate\\Pipeline\\{closure}(Object(Illuminate\\Http\\Request))
#37 /usr/local/var/www/workspace/zilrsoft/vendor/laravel/framework/src/Illuminate/Pipeline/Pipeline.php(171): Illuminate\\Foundation\\Http\\Middleware\\CheckForMaintenanceMode->handle(Object(Illuminate\\Http\\Request), Object(Closure))
#38 /usr/local/var/www/workspace/zilrsoft/vendor/fideloper/proxy/src/TrustProxies.php(57): Illuminate\\Pipeline\\Pipeline->Illuminate\\Pipeline\\{closure}(Object(Illuminate\\Http\\Request))
#39 /usr/local/var/www/workspace/zilrsoft/vendor/laravel/framework/src/Illuminate/Pipeline/Pipeline.php(171): Fideloper\\Proxy\\TrustProxies->handle(Object(Illuminate\\Http\\Request), Object(Closure))
#40 /usr/local/var/www/workspace/zilrsoft/vendor/laravel/framework/src/Illuminate/Pipeline/Pipeline.php(105): Illuminate\\Pipeline\\Pipeline->Illuminate\\Pipeline\\{closure}(Object(Illuminate\\Http\\Request))
#41 /usr/local/var/www/workspace/zilrsoft/vendor/laravel/framework/src/Illuminate/Foundation/Http/Kernel.php(145): Illuminate\\Pipeline\\Pipeline->then(Object(Closure))
#42 /usr/local/var/www/workspace/zilrsoft/vendor/laravel/framework/src/Illuminate/Foundation/Http/Kernel.php(110): Illuminate\\Foundation\\Http\\Kernel->sendRequestThroughRouter(Object(Illuminate\\Http\\Request))
#43 /usr/local/var/www/workspace/zilrsoft/public/index.php(55): Illuminate\\Foundation\\Http\\Kernel->handle(Object(Illuminate\\Http\\Request))
#44 /Users/ali/.composer/vendor/laravel/valet/server.php(191): require('/usr/local/var/...')
#45 {main}
"} 
[2020-09-18 15:00:57] producation.ERROR: Call to undefined method App\Models\Item::get_invoice_item_expenses() {"exception":"[object] (BadMethodCallException(code: 0): Call to undefined method App\\Models\\Item::get_invoice_item_expenses() at /usr/local/var/www/workspace/zilrsoft/vendor/laravel/framework/src/Illuminate/Support/Traits/ForwardsCalls.php:50)
[stacktrace]
#0 /usr/local/var/www/workspace/zilrsoft/vendor/laravel/framework/src/Illuminate/Support/Traits/ForwardsCalls.php(36): Illuminate\\Database\\Eloquent\\Model::throwBadMethodCallException('get_invoice_ite...')
#1 /usr/local/var/www/workspace/zilrsoft/vendor/laravel/framework/src/Illuminate/Database/Eloquent/Model.php(1622): Illuminate\\Database\\Eloquent\\Model->forwardCallTo(Object(Illuminate\\Database\\Eloquent\\Builder), 'get_invoice_ite...', Array)
#2 /usr/local/var/www/workspace/zilrsoft/app/Models/Item.php(481): Illuminate\\Database\\Eloquent\\Model->__call('get_invoice_ite...', Array)
#3 /usr/local/var/www/workspace/zilrsoft/app/Models/Item.php(434): App\\Models\\Item->handlePurchaseExpensesHistroy(Object(App\\Models\\InvoiceItems))
#4 /usr/local/var/www/workspace/zilrsoft/app/Jobs/Item/Cost/UpdateItemCostUsingPipelineJob.php(59): App\\Models\\Item->handlePurchaseHistory(Object(App\\Models\\InvoiceItems), 0, 0)
#5 [internal function]: App\\Jobs\\Item\\Cost\\UpdateItemCostUsingPipelineJob->handle()
#6 /usr/local/var/www/workspace/zilrsoft/vendor/laravel/framework/src/Illuminate/Container/BoundMethod.php(32): call_user_func_array(Array, Array)
#7 /usr/local/var/www/workspace/zilrsoft/vendor/laravel/framework/src/Illuminate/Container/Util.php(37): Illuminate\\Container\\BoundMethod::Illuminate\\Container\\{closure}()
#8 /usr/local/var/www/workspace/zilrsoft/vendor/laravel/framework/src/Illuminate/Container/BoundMethod.php(90): Illuminate\\Container\\Util::unwrapIfClosure(Object(Closure))
#9 /usr/local/var/www/workspace/zilrsoft/vendor/laravel/framework/src/Illuminate/Container/BoundMethod.php(34): Illuminate\\Container\\BoundMethod::callBoundMethod(Object(Illuminate\\Foundation\\Application), Array, Object(Closure))
#10 /usr/local/var/www/workspace/zilrsoft/vendor/laravel/framework/src/Illuminate/Container/Container.php(590): Illuminate\\Container\\BoundMethod::call(Object(Illuminate\\Foundation\\Application), Array, Array, NULL)
#11 /usr/local/var/www/workspace/zilrsoft/vendor/laravel/framework/src/Illuminate/Bus/Dispatcher.php(94): Illuminate\\Container\\Container->call(Array)
#12 /usr/local/var/www/workspace/zilrsoft/vendor/laravel/framework/src/Illuminate/Pipeline/Pipeline.php(130): Illuminate\\Bus\\Dispatcher->Illuminate\\Bus\\{closure}(Object(App\\Jobs\\Item\\Cost\\UpdateItemCostUsingPipelineJob))
#13 /usr/local/var/www/workspace/zilrsoft/vendor/laravel/framework/src/Illuminate/Pipeline/Pipeline.php(105): Illuminate\\Pipeline\\Pipeline->Illuminate\\Pipeline\\{closure}(Object(App\\Jobs\\Item\\Cost\\UpdateItemCostUsingPipelineJob))
#14 /usr/local/var/www/workspace/zilrsoft/vendor/laravel/framework/src/Illuminate/Bus/Dispatcher.php(98): Illuminate\\Pipeline\\Pipeline->then(Object(Closure))
#15 /usr/local/var/www/workspace/zilrsoft/vendor/laravel/framework/src/Illuminate/Queue/CallQueuedHandler.php(83): Illuminate\\Bus\\Dispatcher->dispatchNow(Object(App\\Jobs\\Item\\Cost\\UpdateItemCostUsingPipelineJob), false)
#16 /usr/local/var/www/workspace/zilrsoft/vendor/laravel/framework/src/Illuminate/Pipeline/Pipeline.php(130): Illuminate\\Queue\\CallQueuedHandler->Illuminate\\Queue\\{closure}(Object(App\\Jobs\\Item\\Cost\\UpdateItemCostUsingPipelineJob))
#17 /usr/local/var/www/workspace/zilrsoft/vendor/laravel/framework/src/Illuminate/Pipeline/Pipeline.php(105): Illuminate\\Pipeline\\Pipeline->Illuminate\\Pipeline\\{closure}(Object(App\\Jobs\\Item\\Cost\\UpdateItemCostUsingPipelineJob))
#18 /usr/local/var/www/workspace/zilrsoft/vendor/laravel/framework/src/Illuminate/Queue/CallQueuedHandler.php(85): Illuminate\\Pipeline\\Pipeline->then(Object(Closure))
#19 /usr/local/var/www/workspace/zilrsoft/vendor/laravel/framework/src/Illuminate/Queue/CallQueuedHandler.php(59): Illuminate\\Queue\\CallQueuedHandler->dispatchThroughMiddleware(Object(Illuminate\\Queue\\Jobs\\SyncJob), Object(App\\Jobs\\Item\\Cost\\UpdateItemCostUsingPipelineJob))
#20 /usr/local/var/www/workspace/zilrsoft/vendor/laravel/framework/src/Illuminate/Queue/Jobs/Job.php(88): Illuminate\\Queue\\CallQueuedHandler->call(Object(Illuminate\\Queue\\Jobs\\SyncJob), Array)
#21 /usr/local/var/www/workspace/zilrsoft/vendor/laravel/framework/src/Illuminate/Queue/SyncQueue.php(45): Illuminate\\Queue\\Jobs\\Job->fire()
#22 /usr/local/var/www/workspace/zilrsoft/vendor/laravel/framework/src/Illuminate/Bus/Dispatcher.php(182): Illuminate\\Queue\\SyncQueue->push(Object(App\\Jobs\\Item\\Cost\\UpdateItemCostUsingPipelineJob))
#23 /usr/local/var/www/workspace/zilrsoft/vendor/laravel/framework/src/Illuminate/Bus/Dispatcher.php(158): Illuminate\\Bus\\Dispatcher->pushCommandToQueue(Object(Illuminate\\Queue\\SyncQueue), Object(App\\Jobs\\Item\\Cost\\UpdateItemCostUsingPipelineJob))
#24 /usr/local/var/www/workspace/zilrsoft/vendor/laravel/framework/src/Illuminate/Bus/Dispatcher.php(73): Illuminate\\Bus\\Dispatcher->dispatchToQueue(Object(App\\Jobs\\Item\\Cost\\UpdateItemCostUsingPipelineJob))
#25 /usr/local/var/www/workspace/zilrsoft/vendor/laravel/framework/src/Illuminate/Foundation/Bus/PendingDispatch.php(112): Illuminate\\Bus\\Dispatcher->dispatch(Object(App\\Jobs\\Item\\Cost\\UpdateItemCostUsingPipelineJob))
#26 /usr/local/var/www/workspace/zilrsoft/vendor/laravel/framework/src/Illuminate/Foundation/helpers.php(392): Illuminate\\Foundation\\Bus\\PendingDispatch->__destruct()
#27 /usr/local/var/www/workspace/zilrsoft/app/Console/Commands/UpdateItemsQtyAndCostCommand.php(47): dispatch(Object(App\\Jobs\\Item\\Cost\\UpdateItemCostUsingPipelineJob))
#28 [internal function]: App\\Console\\Commands\\UpdateItemsQtyAndCostCommand->handle()
#29 /usr/local/var/www/workspace/zilrsoft/vendor/laravel/framework/src/Illuminate/Container/BoundMethod.php(32): call_user_func_array(Array, Array)
#30 /usr/local/var/www/workspace/zilrsoft/vendor/laravel/framework/src/Illuminate/Container/Util.php(37): Illuminate\\Container\\BoundMethod::Illuminate\\Container\\{closure}()
#31 /usr/local/var/www/workspace/zilrsoft/vendor/laravel/framework/src/Illuminate/Container/BoundMethod.php(90): Illuminate\\Container\\Util::unwrapIfClosure(Object(Closure))
#32 /usr/local/var/www/workspace/zilrsoft/vendor/laravel/framework/src/Illuminate/Container/BoundMethod.php(34): Illuminate\\Container\\BoundMethod::callBoundMethod(Object(Illuminate\\Foundation\\Application), Array, Object(Closure))
#33 /usr/local/var/www/workspace/zilrsoft/vendor/laravel/framework/src/Illuminate/Container/Container.php(590): Illuminate\\Container\\BoundMethod::call(Object(Illuminate\\Foundation\\Application), Array, Array, NULL)
#34 /usr/local/var/www/workspace/zilrsoft/vendor/laravel/framework/src/Illuminate/Console/Command.php(134): Illuminate\\Container\\Container->call(Array)
#35 /usr/local/var/www/workspace/zilrsoft/vendor/symfony/console/Command/Command.php(255): Illuminate\\Console\\Command->execute(Object(Symfony\\Component\\Console\\Input\\ArgvInput), Object(Illuminate\\Console\\OutputStyle))
#36 /usr/local/var/www/workspace/zilrsoft/vendor/laravel/framework/src/Illuminate/Console/Command.php(121): Symfony\\Component\\Console\\Command\\Command->run(Object(Symfony\\Component\\Console\\Input\\ArgvInput), Object(Illuminate\\Console\\OutputStyle))
#37 /usr/local/var/www/workspace/zilrsoft/vendor/symfony/console/Application.php(1000): Illuminate\\Console\\Command->run(Object(Symfony\\Component\\Console\\Input\\ArgvInput), Object(Symfony\\Component\\Console\\Output\\ConsoleOutput))
#38 /usr/local/var/www/workspace/zilrsoft/vendor/symfony/console/Application.php(271): Symfony\\Component\\Console\\Application->doRunCommand(Object(App\\Console\\Commands\\UpdateItemsQtyAndCostCommand), Object(Symfony\\Component\\Console\\Input\\ArgvInput), Object(Symfony\\Component\\Console\\Output\\ConsoleOutput))
#39 /usr/local/var/www/workspace/zilrsoft/vendor/symfony/console/Application.php(147): Symfony\\Component\\Console\\Application->doRun(Object(Symfony\\Component\\Console\\Input\\ArgvInput), Object(Symfony\\Component\\Console\\Output\\ConsoleOutput))
#40 /usr/local/var/www/workspace/zilrsoft/vendor/laravel/framework/src/Illuminate/Console/Application.php(93): Symfony\\Component\\Console\\Application->run(Object(Symfony\\Component\\Console\\Input\\ArgvInput), Object(Symfony\\Component\\Console\\Output\\ConsoleOutput))
#41 /usr/local/var/www/workspace/zilrsoft/vendor/laravel/framework/src/Illuminate/Foundation/Console/Kernel.php(131): Illuminate\\Console\\Application->run(Object(Symfony\\Component\\Console\\Input\\ArgvInput), Object(Symfony\\Component\\Console\\Output\\ConsoleOutput))
#42 /usr/local/var/www/workspace/zilrsoft/artisan(37): Illuminate\\Foundation\\Console\\Kernel->handle(Object(Symfony\\Component\\Console\\Input\\ArgvInput), Object(Symfony\\Component\\Console\\Output\\ConsoleOutput))
#43 {main}
"} 
[2020-09-18 15:03:01] producation.ERROR: Undefined index: final_stock_cost {"exception":"[object] (ErrorException(code: 0): Undefined index: final_stock_cost at /usr/local/var/www/workspace/zilrsoft/app/Jobs/Item/Cost/UpdateItemCostUsingPipelineJob.php:79)
[stacktrace]
#0 /usr/local/var/www/workspace/zilrsoft/app/Jobs/Item/Cost/UpdateItemCostUsingPipelineJob.php(79): Illuminate\\Foundation\\Bootstrap\\HandleExceptions->handleError(8, 'Undefined index...', '/usr/local/var/...', 79, Array)
#1 [internal function]: App\\Jobs\\Item\\Cost\\UpdateItemCostUsingPipelineJob->handle()
#2 /usr/local/var/www/workspace/zilrsoft/vendor/laravel/framework/src/Illuminate/Container/BoundMethod.php(32): call_user_func_array(Array, Array)
#3 /usr/local/var/www/workspace/zilrsoft/vendor/laravel/framework/src/Illuminate/Container/Util.php(37): Illuminate\\Container\\BoundMethod::Illuminate\\Container\\{closure}()
#4 /usr/local/var/www/workspace/zilrsoft/vendor/laravel/framework/src/Illuminate/Container/BoundMethod.php(90): Illuminate\\Container\\Util::unwrapIfClosure(Object(Closure))
#5 /usr/local/var/www/workspace/zilrsoft/vendor/laravel/framework/src/Illuminate/Container/BoundMethod.php(34): Illuminate\\Container\\BoundMethod::callBoundMethod(Object(Illuminate\\Foundation\\Application), Array, Object(Closure))
#6 /usr/local/var/www/workspace/zilrsoft/vendor/laravel/framework/src/Illuminate/Container/Container.php(590): Illuminate\\Container\\BoundMethod::call(Object(Illuminate\\Foundation\\Application), Array, Array, NULL)
#7 /usr/local/var/www/workspace/zilrsoft/vendor/laravel/framework/src/Illuminate/Bus/Dispatcher.php(94): Illuminate\\Container\\Container->call(Array)
#8 /usr/local/var/www/workspace/zilrsoft/vendor/laravel/framework/src/Illuminate/Pipeline/Pipeline.php(130): Illuminate\\Bus\\Dispatcher->Illuminate\\Bus\\{closure}(Object(App\\Jobs\\Item\\Cost\\UpdateItemCostUsingPipelineJob))
#9 /usr/local/var/www/workspace/zilrsoft/vendor/laravel/framework/src/Illuminate/Pipeline/Pipeline.php(105): Illuminate\\Pipeline\\Pipeline->Illuminate\\Pipeline\\{closure}(Object(App\\Jobs\\Item\\Cost\\UpdateItemCostUsingPipelineJob))
#10 /usr/local/var/www/workspace/zilrsoft/vendor/laravel/framework/src/Illuminate/Bus/Dispatcher.php(98): Illuminate\\Pipeline\\Pipeline->then(Object(Closure))
#11 /usr/local/var/www/workspace/zilrsoft/vendor/laravel/framework/src/Illuminate/Queue/CallQueuedHandler.php(83): Illuminate\\Bus\\Dispatcher->dispatchNow(Object(App\\Jobs\\Item\\Cost\\UpdateItemCostUsingPipelineJob), false)
#12 /usr/local/var/www/workspace/zilrsoft/vendor/laravel/framework/src/Illuminate/Pipeline/Pipeline.php(130): Illuminate\\Queue\\CallQueuedHandler->Illuminate\\Queue\\{closure}(Object(App\\Jobs\\Item\\Cost\\UpdateItemCostUsingPipelineJob))
#13 /usr/local/var/www/workspace/zilrsoft/vendor/laravel/framework/src/Illuminate/Pipeline/Pipeline.php(105): Illuminate\\Pipeline\\Pipeline->Illuminate\\Pipeline\\{closure}(Object(App\\Jobs\\Item\\Cost\\UpdateItemCostUsingPipelineJob))
#14 /usr/local/var/www/workspace/zilrsoft/vendor/laravel/framework/src/Illuminate/Queue/CallQueuedHandler.php(85): Illuminate\\Pipeline\\Pipeline->then(Object(Closure))
#15 /usr/local/var/www/workspace/zilrsoft/vendor/laravel/framework/src/Illuminate/Queue/CallQueuedHandler.php(59): Illuminate\\Queue\\CallQueuedHandler->dispatchThroughMiddleware(Object(Illuminate\\Queue\\Jobs\\SyncJob), Object(App\\Jobs\\Item\\Cost\\UpdateItemCostUsingPipelineJob))
#16 /usr/local/var/www/workspace/zilrsoft/vendor/laravel/framework/src/Illuminate/Queue/Jobs/Job.php(88): Illuminate\\Queue\\CallQueuedHandler->call(Object(Illuminate\\Queue\\Jobs\\SyncJob), Array)
#17 /usr/local/var/www/workspace/zilrsoft/vendor/laravel/framework/src/Illuminate/Queue/SyncQueue.php(45): Illuminate\\Queue\\Jobs\\Job->fire()
#18 /usr/local/var/www/workspace/zilrsoft/vendor/laravel/framework/src/Illuminate/Bus/Dispatcher.php(182): Illuminate\\Queue\\SyncQueue->push(Object(App\\Jobs\\Item\\Cost\\UpdateItemCostUsingPipelineJob))
#19 /usr/local/var/www/workspace/zilrsoft/vendor/laravel/framework/src/Illuminate/Bus/Dispatcher.php(158): Illuminate\\Bus\\Dispatcher->pushCommandToQueue(Object(Illuminate\\Queue\\SyncQueue), Object(App\\Jobs\\Item\\Cost\\UpdateItemCostUsingPipelineJob))
#20 /usr/local/var/www/workspace/zilrsoft/vendor/laravel/framework/src/Illuminate/Bus/Dispatcher.php(73): Illuminate\\Bus\\Dispatcher->dispatchToQueue(Object(App\\Jobs\\Item\\Cost\\UpdateItemCostUsingPipelineJob))
#21 /usr/local/var/www/workspace/zilrsoft/vendor/laravel/framework/src/Illuminate/Foundation/Bus/PendingDispatch.php(112): Illuminate\\Bus\\Dispatcher->dispatch(Object(App\\Jobs\\Item\\Cost\\UpdateItemCostUsingPipelineJob))
#22 /usr/local/var/www/workspace/zilrsoft/vendor/laravel/framework/src/Illuminate/Foundation/helpers.php(392): Illuminate\\Foundation\\Bus\\PendingDispatch->__destruct()
#23 /usr/local/var/www/workspace/zilrsoft/app/Console/Commands/UpdateItemsQtyAndCostCommand.php(47): dispatch(Object(App\\Jobs\\Item\\Cost\\UpdateItemCostUsingPipelineJob))
#24 [internal function]: App\\Console\\Commands\\UpdateItemsQtyAndCostCommand->handle()
#25 /usr/local/var/www/workspace/zilrsoft/vendor/laravel/framework/src/Illuminate/Container/BoundMethod.php(32): call_user_func_array(Array, Array)
#26 /usr/local/var/www/workspace/zilrsoft/vendor/laravel/framework/src/Illuminate/Container/Util.php(37): Illuminate\\Container\\BoundMethod::Illuminate\\Container\\{closure}()
#27 /usr/local/var/www/workspace/zilrsoft/vendor/laravel/framework/src/Illuminate/Container/BoundMethod.php(90): Illuminate\\Container\\Util::unwrapIfClosure(Object(Closure))
#28 /usr/local/var/www/workspace/zilrsoft/vendor/laravel/framework/src/Illuminate/Container/BoundMethod.php(34): Illuminate\\Container\\BoundMethod::callBoundMethod(Object(Illuminate\\Foundation\\Application), Array, Object(Closure))
#29 /usr/local/var/www/workspace/zilrsoft/vendor/laravel/framework/src/Illuminate/Container/Container.php(590): Illuminate\\Container\\BoundMethod::call(Object(Illuminate\\Foundation\\Application), Array, Array, NULL)
#30 /usr/local/var/www/workspace/zilrsoft/vendor/laravel/framework/src/Illuminate/Console/Command.php(134): Illuminate\\Container\\Container->call(Array)
#31 /usr/local/var/www/workspace/zilrsoft/vendor/symfony/console/Command/Command.php(255): Illuminate\\Console\\Command->execute(Object(Symfony\\Component\\Console\\Input\\ArgvInput), Object(Illuminate\\Console\\OutputStyle))
#32 /usr/local/var/www/workspace/zilrsoft/vendor/laravel/framework/src/Illuminate/Console/Command.php(121): Symfony\\Component\\Console\\Command\\Command->run(Object(Symfony\\Component\\Console\\Input\\ArgvInput), Object(Illuminate\\Console\\OutputStyle))
#33 /usr/local/var/www/workspace/zilrsoft/vendor/symfony/console/Application.php(1000): Illuminate\\Console\\Command->run(Object(Symfony\\Component\\Console\\Input\\ArgvInput), Object(Symfony\\Component\\Console\\Output\\ConsoleOutput))
#34 /usr/local/var/www/workspace/zilrsoft/vendor/symfony/console/Application.php(271): Symfony\\Component\\Console\\Application->doRunCommand(Object(App\\Console\\Commands\\UpdateItemsQtyAndCostCommand), Object(Symfony\\Component\\Console\\Input\\ArgvInput), Object(Symfony\\Component\\Console\\Output\\ConsoleOutput))
#35 /usr/local/var/www/workspace/zilrsoft/vendor/symfony/console/Application.php(147): Symfony\\Component\\Console\\Application->doRun(Object(Symfony\\Component\\Console\\Input\\ArgvInput), Object(Symfony\\Component\\Console\\Output\\ConsoleOutput))
#36 /usr/local/var/www/workspace/zilrsoft/vendor/laravel/framework/src/Illuminate/Console/Application.php(93): Symfony\\Component\\Console\\Application->run(Object(Symfony\\Component\\Console\\Input\\ArgvInput), Object(Symfony\\Component\\Console\\Output\\ConsoleOutput))
#37 /usr/local/var/www/workspace/zilrsoft/vendor/laravel/framework/src/Illuminate/Foundation/Console/Kernel.php(131): Illuminate\\Console\\Application->run(Object(Symfony\\Component\\Console\\Input\\ArgvInput), Object(Symfony\\Component\\Console\\Output\\ConsoleOutput))
#38 /usr/local/var/www/workspace/zilrsoft/artisan(37): Illuminate\\Foundation\\Console\\Kernel->handle(Object(Symfony\\Component\\Console\\Input\\ArgvInput), Object(Symfony\\Component\\Console\\Output\\ConsoleOutput))
#39 {main}
"} 
[2020-09-18 15:05:40] producation.ERROR: Undefined index: final_stock_cost {"exception":"[object] (ErrorException(code: 0): Undefined index: final_stock_cost at /usr/local/var/www/workspace/zilrsoft/app/Jobs/Item/Cost/UpdateItemCostUsingPipelineJob.php:80)
[stacktrace]
#0 /usr/local/var/www/workspace/zilrsoft/app/Jobs/Item/Cost/UpdateItemCostUsingPipelineJob.php(80): Illuminate\\Foundation\\Bootstrap\\HandleExceptions->handleError(8, 'Undefined index...', '/usr/local/var/...', 80, Array)
#1 [internal function]: App\\Jobs\\Item\\Cost\\UpdateItemCostUsingPipelineJob->handle()
#2 /usr/local/var/www/workspace/zilrsoft/vendor/laravel/framework/src/Illuminate/Container/BoundMethod.php(32): call_user_func_array(Array, Array)
#3 /usr/local/var/www/workspace/zilrsoft/vendor/laravel/framework/src/Illuminate/Container/Util.php(37): Illuminate\\Container\\BoundMethod::Illuminate\\Container\\{closure}()
#4 /usr/local/var/www/workspace/zilrsoft/vendor/laravel/framework/src/Illuminate/Container/BoundMethod.php(90): Illuminate\\Container\\Util::unwrapIfClosure(Object(Closure))
#5 /usr/local/var/www/workspace/zilrsoft/vendor/laravel/framework/src/Illuminate/Container/BoundMethod.php(34): Illuminate\\Container\\BoundMethod::callBoundMethod(Object(Illuminate\\Foundation\\Application), Array, Object(Closure))
#6 /usr/local/var/www/workspace/zilrsoft/vendor/laravel/framework/src/Illuminate/Container/Container.php(590): Illuminate\\Container\\BoundMethod::call(Object(Illuminate\\Foundation\\Application), Array, Array, NULL)
#7 /usr/local/var/www/workspace/zilrsoft/vendor/laravel/framework/src/Illuminate/Bus/Dispatcher.php(94): Illuminate\\Container\\Container->call(Array)
#8 /usr/local/var/www/workspace/zilrsoft/vendor/laravel/framework/src/Illuminate/Pipeline/Pipeline.php(130): Illuminate\\Bus\\Dispatcher->Illuminate\\Bus\\{closure}(Object(App\\Jobs\\Item\\Cost\\UpdateItemCostUsingPipelineJob))
#9 /usr/local/var/www/workspace/zilrsoft/vendor/laravel/framework/src/Illuminate/Pipeline/Pipeline.php(105): Illuminate\\Pipeline\\Pipeline->Illuminate\\Pipeline\\{closure}(Object(App\\Jobs\\Item\\Cost\\UpdateItemCostUsingPipelineJob))
#10 /usr/local/var/www/workspace/zilrsoft/vendor/laravel/framework/src/Illuminate/Bus/Dispatcher.php(98): Illuminate\\Pipeline\\Pipeline->then(Object(Closure))
#11 /usr/local/var/www/workspace/zilrsoft/vendor/laravel/framework/src/Illuminate/Queue/CallQueuedHandler.php(83): Illuminate\\Bus\\Dispatcher->dispatchNow(Object(App\\Jobs\\Item\\Cost\\UpdateItemCostUsingPipelineJob), false)
#12 /usr/local/var/www/workspace/zilrsoft/vendor/laravel/framework/src/Illuminate/Pipeline/Pipeline.php(130): Illuminate\\Queue\\CallQueuedHandler->Illuminate\\Queue\\{closure}(Object(App\\Jobs\\Item\\Cost\\UpdateItemCostUsingPipelineJob))
#13 /usr/local/var/www/workspace/zilrsoft/vendor/laravel/framework/src/Illuminate/Pipeline/Pipeline.php(105): Illuminate\\Pipeline\\Pipeline->Illuminate\\Pipeline\\{closure}(Object(App\\Jobs\\Item\\Cost\\UpdateItemCostUsingPipelineJob))
#14 /usr/local/var/www/workspace/zilrsoft/vendor/laravel/framework/src/Illuminate/Queue/CallQueuedHandler.php(85): Illuminate\\Pipeline\\Pipeline->then(Object(Closure))
#15 /usr/local/var/www/workspace/zilrsoft/vendor/laravel/framework/src/Illuminate/Queue/CallQueuedHandler.php(59): Illuminate\\Queue\\CallQueuedHandler->dispatchThroughMiddleware(Object(Illuminate\\Queue\\Jobs\\SyncJob), Object(App\\Jobs\\Item\\Cost\\UpdateItemCostUsingPipelineJob))
#16 /usr/local/var/www/workspace/zilrsoft/vendor/laravel/framework/src/Illuminate/Queue/Jobs/Job.php(88): Illuminate\\Queue\\CallQueuedHandler->call(Object(Illuminate\\Queue\\Jobs\\SyncJob), Array)
#17 /usr/local/var/www/workspace/zilrsoft/vendor/laravel/framework/src/Illuminate/Queue/SyncQueue.php(45): Illuminate\\Queue\\Jobs\\Job->fire()
#18 /usr/local/var/www/workspace/zilrsoft/vendor/laravel/framework/src/Illuminate/Bus/Dispatcher.php(182): Illuminate\\Queue\\SyncQueue->push(Object(App\\Jobs\\Item\\Cost\\UpdateItemCostUsingPipelineJob))
#19 /usr/local/var/www/workspace/zilrsoft/vendor/laravel/framework/src/Illuminate/Bus/Dispatcher.php(158): Illuminate\\Bus\\Dispatcher->pushCommandToQueue(Object(Illuminate\\Queue\\SyncQueue), Object(App\\Jobs\\Item\\Cost\\UpdateItemCostUsingPipelineJob))
#20 /usr/local/var/www/workspace/zilrsoft/vendor/laravel/framework/src/Illuminate/Bus/Dispatcher.php(73): Illuminate\\Bus\\Dispatcher->dispatchToQueue(Object(App\\Jobs\\Item\\Cost\\UpdateItemCostUsingPipelineJob))
#21 /usr/local/var/www/workspace/zilrsoft/vendor/laravel/framework/src/Illuminate/Foundation/Bus/PendingDispatch.php(112): Illuminate\\Bus\\Dispatcher->dispatch(Object(App\\Jobs\\Item\\Cost\\UpdateItemCostUsingPipelineJob))
#22 /usr/local/var/www/workspace/zilrsoft/vendor/laravel/framework/src/Illuminate/Foundation/helpers.php(392): Illuminate\\Foundation\\Bus\\PendingDispatch->__destruct()
#23 /usr/local/var/www/workspace/zilrsoft/app/Console/Commands/UpdateItemsQtyAndCostCommand.php(47): dispatch(Object(App\\Jobs\\Item\\Cost\\UpdateItemCostUsingPipelineJob))
#24 [internal function]: App\\Console\\Commands\\UpdateItemsQtyAndCostCommand->handle()
#25 /usr/local/var/www/workspace/zilrsoft/vendor/laravel/framework/src/Illuminate/Container/BoundMethod.php(32): call_user_func_array(Array, Array)
#26 /usr/local/var/www/workspace/zilrsoft/vendor/laravel/framework/src/Illuminate/Container/Util.php(37): Illuminate\\Container\\BoundMethod::Illuminate\\Container\\{closure}()
#27 /usr/local/var/www/workspace/zilrsoft/vendor/laravel/framework/src/Illuminate/Container/BoundMethod.php(90): Illuminate\\Container\\Util::unwrapIfClosure(Object(Closure))
#28 /usr/local/var/www/workspace/zilrsoft/vendor/laravel/framework/src/Illuminate/Container/BoundMethod.php(34): Illuminate\\Container\\BoundMethod::callBoundMethod(Object(Illuminate\\Foundation\\Application), Array, Object(Closure))
#29 /usr/local/var/www/workspace/zilrsoft/vendor/laravel/framework/src/Illuminate/Container/Container.php(590): Illuminate\\Container\\BoundMethod::call(Object(Illuminate\\Foundation\\Application), Array, Array, NULL)
#30 /usr/local/var/www/workspace/zilrsoft/vendor/laravel/framework/src/Illuminate/Console/Command.php(134): Illuminate\\Container\\Container->call(Array)
#31 /usr/local/var/www/workspace/zilrsoft/vendor/symfony/console/Command/Command.php(255): Illuminate\\Console\\Command->execute(Object(Symfony\\Component\\Console\\Input\\ArgvInput), Object(Illuminate\\Console\\OutputStyle))
#32 /usr/local/var/www/workspace/zilrsoft/vendor/laravel/framework/src/Illuminate/Console/Command.php(121): Symfony\\Component\\Console\\Command\\Command->run(Object(Symfony\\Component\\Console\\Input\\ArgvInput), Object(Illuminate\\Console\\OutputStyle))
#33 /usr/local/var/www/workspace/zilrsoft/vendor/symfony/console/Application.php(1000): Illuminate\\Console\\Command->run(Object(Symfony\\Component\\Console\\Input\\ArgvInput), Object(Symfony\\Component\\Console\\Output\\ConsoleOutput))
#34 /usr/local/var/www/workspace/zilrsoft/vendor/symfony/console/Application.php(271): Symfony\\Component\\Console\\Application->doRunCommand(Object(App\\Console\\Commands\\UpdateItemsQtyAndCostCommand), Object(Symfony\\Component\\Console\\Input\\ArgvInput), Object(Symfony\\Component\\Console\\Output\\ConsoleOutput))
#35 /usr/local/var/www/workspace/zilrsoft/vendor/symfony/console/Application.php(147): Symfony\\Component\\Console\\Application->doRun(Object(Symfony\\Component\\Console\\Input\\ArgvInput), Object(Symfony\\Component\\Console\\Output\\ConsoleOutput))
#36 /usr/local/var/www/workspace/zilrsoft/vendor/laravel/framework/src/Illuminate/Console/Application.php(93): Symfony\\Component\\Console\\Application->run(Object(Symfony\\Component\\Console\\Input\\ArgvInput), Object(Symfony\\Component\\Console\\Output\\ConsoleOutput))
#37 /usr/local/var/www/workspace/zilrsoft/vendor/laravel/framework/src/Illuminate/Foundation/Console/Kernel.php(131): Illuminate\\Console\\Application->run(Object(Symfony\\Component\\Console\\Input\\ArgvInput), Object(Symfony\\Component\\Console\\Output\\ConsoleOutput))
#38 /usr/local/var/www/workspace/zilrsoft/artisan(37): Illuminate\\Foundation\\Console\\Kernel->handle(Object(Symfony\\Component\\Console\\Input\\ArgvInput), Object(Symfony\\Component\\Console\\Output\\ConsoleOutput))
#39 {main}
"} 
[2020-09-18 15:07:00] producation.ERROR: Undefined variable: query {"exception":"[object] (ErrorException(code: 0): Undefined variable: query at /usr/local/var/www/workspace/zilrsoft/app/Jobs/Item/Cost/UpdateItemCostUsingPipelineJob.php:36)
[stacktrace]
#0 /usr/local/var/www/workspace/zilrsoft/app/Jobs/Item/Cost/UpdateItemCostUsingPipelineJob.php(36): Illuminate\\Foundation\\Bootstrap\\HandleExceptions->handleError(8, 'Undefined varia...', '/usr/local/var/...', 36, Array)
#1 [internal function]: App\\Jobs\\Item\\Cost\\UpdateItemCostUsingPipelineJob->handle()
#2 /usr/local/var/www/workspace/zilrsoft/vendor/laravel/framework/src/Illuminate/Container/BoundMethod.php(32): call_user_func_array(Array, Array)
#3 /usr/local/var/www/workspace/zilrsoft/vendor/laravel/framework/src/Illuminate/Container/Util.php(37): Illuminate\\Container\\BoundMethod::Illuminate\\Container\\{closure}()
#4 /usr/local/var/www/workspace/zilrsoft/vendor/laravel/framework/src/Illuminate/Container/BoundMethod.php(90): Illuminate\\Container\\Util::unwrapIfClosure(Object(Closure))
#5 /usr/local/var/www/workspace/zilrsoft/vendor/laravel/framework/src/Illuminate/Container/BoundMethod.php(34): Illuminate\\Container\\BoundMethod::callBoundMethod(Object(Illuminate\\Foundation\\Application), Array, Object(Closure))
#6 /usr/local/var/www/workspace/zilrsoft/vendor/laravel/framework/src/Illuminate/Container/Container.php(590): Illuminate\\Container\\BoundMethod::call(Object(Illuminate\\Foundation\\Application), Array, Array, NULL)
#7 /usr/local/var/www/workspace/zilrsoft/vendor/laravel/framework/src/Illuminate/Bus/Dispatcher.php(94): Illuminate\\Container\\Container->call(Array)
#8 /usr/local/var/www/workspace/zilrsoft/vendor/laravel/framework/src/Illuminate/Pipeline/Pipeline.php(130): Illuminate\\Bus\\Dispatcher->Illuminate\\Bus\\{closure}(Object(App\\Jobs\\Item\\Cost\\UpdateItemCostUsingPipelineJob))
#9 /usr/local/var/www/workspace/zilrsoft/vendor/laravel/framework/src/Illuminate/Pipeline/Pipeline.php(105): Illuminate\\Pipeline\\Pipeline->Illuminate\\Pipeline\\{closure}(Object(App\\Jobs\\Item\\Cost\\UpdateItemCostUsingPipelineJob))
#10 /usr/local/var/www/workspace/zilrsoft/vendor/laravel/framework/src/Illuminate/Bus/Dispatcher.php(98): Illuminate\\Pipeline\\Pipeline->then(Object(Closure))
#11 /usr/local/var/www/workspace/zilrsoft/vendor/laravel/framework/src/Illuminate/Queue/CallQueuedHandler.php(83): Illuminate\\Bus\\Dispatcher->dispatchNow(Object(App\\Jobs\\Item\\Cost\\UpdateItemCostUsingPipelineJob), false)
#12 /usr/local/var/www/workspace/zilrsoft/vendor/laravel/framework/src/Illuminate/Pipeline/Pipeline.php(130): Illuminate\\Queue\\CallQueuedHandler->Illuminate\\Queue\\{closure}(Object(App\\Jobs\\Item\\Cost\\UpdateItemCostUsingPipelineJob))
#13 /usr/local/var/www/workspace/zilrsoft/vendor/laravel/framework/src/Illuminate/Pipeline/Pipeline.php(105): Illuminate\\Pipeline\\Pipeline->Illuminate\\Pipeline\\{closure}(Object(App\\Jobs\\Item\\Cost\\UpdateItemCostUsingPipelineJob))
#14 /usr/local/var/www/workspace/zilrsoft/vendor/laravel/framework/src/Illuminate/Queue/CallQueuedHandler.php(85): Illuminate\\Pipeline\\Pipeline->then(Object(Closure))
#15 /usr/local/var/www/workspace/zilrsoft/vendor/laravel/framework/src/Illuminate/Queue/CallQueuedHandler.php(59): Illuminate\\Queue\\CallQueuedHandler->dispatchThroughMiddleware(Object(Illuminate\\Queue\\Jobs\\SyncJob), Object(App\\Jobs\\Item\\Cost\\UpdateItemCostUsingPipelineJob))
#16 /usr/local/var/www/workspace/zilrsoft/vendor/laravel/framework/src/Illuminate/Queue/Jobs/Job.php(88): Illuminate\\Queue\\CallQueuedHandler->call(Object(Illuminate\\Queue\\Jobs\\SyncJob), Array)
#17 /usr/local/var/www/workspace/zilrsoft/vendor/laravel/framework/src/Illuminate/Queue/SyncQueue.php(45): Illuminate\\Queue\\Jobs\\Job->fire()
#18 /usr/local/var/www/workspace/zilrsoft/vendor/laravel/framework/src/Illuminate/Bus/Dispatcher.php(182): Illuminate\\Queue\\SyncQueue->push(Object(App\\Jobs\\Item\\Cost\\UpdateItemCostUsingPipelineJob))
#19 /usr/local/var/www/workspace/zilrsoft/vendor/laravel/framework/src/Illuminate/Bus/Dispatcher.php(158): Illuminate\\Bus\\Dispatcher->pushCommandToQueue(Object(Illuminate\\Queue\\SyncQueue), Object(App\\Jobs\\Item\\Cost\\UpdateItemCostUsingPipelineJob))
#20 /usr/local/var/www/workspace/zilrsoft/vendor/laravel/framework/src/Illuminate/Bus/Dispatcher.php(73): Illuminate\\Bus\\Dispatcher->dispatchToQueue(Object(App\\Jobs\\Item\\Cost\\UpdateItemCostUsingPipelineJob))
#21 /usr/local/var/www/workspace/zilrsoft/vendor/laravel/framework/src/Illuminate/Foundation/Bus/PendingDispatch.php(112): Illuminate\\Bus\\Dispatcher->dispatch(Object(App\\Jobs\\Item\\Cost\\UpdateItemCostUsingPipelineJob))
#22 /usr/local/var/www/workspace/zilrsoft/vendor/laravel/framework/src/Illuminate/Foundation/helpers.php(392): Illuminate\\Foundation\\Bus\\PendingDispatch->__destruct()
#23 /usr/local/var/www/workspace/zilrsoft/app/Console/Commands/UpdateItemsQtyAndCostCommand.php(47): dispatch(Object(App\\Jobs\\Item\\Cost\\UpdateItemCostUsingPipelineJob))
#24 [internal function]: App\\Console\\Commands\\UpdateItemsQtyAndCostCommand->handle()
#25 /usr/local/var/www/workspace/zilrsoft/vendor/laravel/framework/src/Illuminate/Container/BoundMethod.php(32): call_user_func_array(Array, Array)
#26 /usr/local/var/www/workspace/zilrsoft/vendor/laravel/framework/src/Illuminate/Container/Util.php(37): Illuminate\\Container\\BoundMethod::Illuminate\\Container\\{closure}()
#27 /usr/local/var/www/workspace/zilrsoft/vendor/laravel/framework/src/Illuminate/Container/BoundMethod.php(90): Illuminate\\Container\\Util::unwrapIfClosure(Object(Closure))
#28 /usr/local/var/www/workspace/zilrsoft/vendor/laravel/framework/src/Illuminate/Container/BoundMethod.php(34): Illuminate\\Container\\BoundMethod::callBoundMethod(Object(Illuminate\\Foundation\\Application), Array, Object(Closure))
#29 /usr/local/var/www/workspace/zilrsoft/vendor/laravel/framework/src/Illuminate/Container/Container.php(590): Illuminate\\Container\\BoundMethod::call(Object(Illuminate\\Foundation\\Application), Array, Array, NULL)
#30 /usr/local/var/www/workspace/zilrsoft/vendor/laravel/framework/src/Illuminate/Console/Command.php(134): Illuminate\\Container\\Container->call(Array)
#31 /usr/local/var/www/workspace/zilrsoft/vendor/symfony/console/Command/Command.php(255): Illuminate\\Console\\Command->execute(Object(Symfony\\Component\\Console\\Input\\ArgvInput), Object(Illuminate\\Console\\OutputStyle))
#32 /usr/local/var/www/workspace/zilrsoft/vendor/laravel/framework/src/Illuminate/Console/Command.php(121): Symfony\\Component\\Console\\Command\\Command->run(Object(Symfony\\Component\\Console\\Input\\ArgvInput), Object(Illuminate\\Console\\OutputStyle))
#33 /usr/local/var/www/workspace/zilrsoft/vendor/symfony/console/Application.php(1000): Illuminate\\Console\\Command->run(Object(Symfony\\Component\\Console\\Input\\ArgvInput), Object(Symfony\\Component\\Console\\Output\\ConsoleOutput))
#34 /usr/local/var/www/workspace/zilrsoft/vendor/symfony/console/Application.php(271): Symfony\\Component\\Console\\Application->doRunCommand(Object(App\\Console\\Commands\\UpdateItemsQtyAndCostCommand), Object(Symfony\\Component\\Console\\Input\\ArgvInput), Object(Symfony\\Component\\Console\\Output\\ConsoleOutput))
#35 /usr/local/var/www/workspace/zilrsoft/vendor/symfony/console/Application.php(147): Symfony\\Component\\Console\\Application->doRun(Object(Symfony\\Component\\Console\\Input\\ArgvInput), Object(Symfony\\Component\\Console\\Output\\ConsoleOutput))
#36 /usr/local/var/www/workspace/zilrsoft/vendor/laravel/framework/src/Illuminate/Console/Application.php(93): Symfony\\Component\\Console\\Application->run(Object(Symfony\\Component\\Console\\Input\\ArgvInput), Object(Symfony\\Component\\Console\\Output\\ConsoleOutput))
#37 /usr/local/var/www/workspace/zilrsoft/vendor/laravel/framework/src/Illuminate/Foundation/Console/Kernel.php(131): Illuminate\\Console\\Application->run(Object(Symfony\\Component\\Console\\Input\\ArgvInput), Object(Symfony\\Component\\Console\\Output\\ConsoleOutput))
#38 /usr/local/var/www/workspace/zilrsoft/artisan(37): Illuminate\\Foundation\\Console\\Kernel->handle(Object(Symfony\\Component\\Console\\Input\\ArgvInput), Object(Symfony\\Component\\Console\\Output\\ConsoleOutput))
#39 {main}
"} 
[2020-09-18 15:07:13] producation.ERROR: Undefined index: final_stock_cost {"exception":"[object] (ErrorException(code: 0): Undefined index: final_stock_cost at /usr/local/var/www/workspace/zilrsoft/app/Jobs/Item/Cost/UpdateItemCostUsingPipelineJob.php:78)
[stacktrace]
#0 /usr/local/var/www/workspace/zilrsoft/app/Jobs/Item/Cost/UpdateItemCostUsingPipelineJob.php(78): Illuminate\\Foundation\\Bootstrap\\HandleExceptions->handleError(8, 'Undefined index...', '/usr/local/var/...', 78, Array)
#1 [internal function]: App\\Jobs\\Item\\Cost\\UpdateItemCostUsingPipelineJob->handle()
#2 /usr/local/var/www/workspace/zilrsoft/vendor/laravel/framework/src/Illuminate/Container/BoundMethod.php(32): call_user_func_array(Array, Array)
#3 /usr/local/var/www/workspace/zilrsoft/vendor/laravel/framework/src/Illuminate/Container/Util.php(37): Illuminate\\Container\\BoundMethod::Illuminate\\Container\\{closure}()
#4 /usr/local/var/www/workspace/zilrsoft/vendor/laravel/framework/src/Illuminate/Container/BoundMethod.php(90): Illuminate\\Container\\Util::unwrapIfClosure(Object(Closure))
#5 /usr/local/var/www/workspace/zilrsoft/vendor/laravel/framework/src/Illuminate/Container/BoundMethod.php(34): Illuminate\\Container\\BoundMethod::callBoundMethod(Object(Illuminate\\Foundation\\Application), Array, Object(Closure))
#6 /usr/local/var/www/workspace/zilrsoft/vendor/laravel/framework/src/Illuminate/Container/Container.php(590): Illuminate\\Container\\BoundMethod::call(Object(Illuminate\\Foundation\\Application), Array, Array, NULL)
#7 /usr/local/var/www/workspace/zilrsoft/vendor/laravel/framework/src/Illuminate/Bus/Dispatcher.php(94): Illuminate\\Container\\Container->call(Array)
#8 /usr/local/var/www/workspace/zilrsoft/vendor/laravel/framework/src/Illuminate/Pipeline/Pipeline.php(130): Illuminate\\Bus\\Dispatcher->Illuminate\\Bus\\{closure}(Object(App\\Jobs\\Item\\Cost\\UpdateItemCostUsingPipelineJob))
#9 /usr/local/var/www/workspace/zilrsoft/vendor/laravel/framework/src/Illuminate/Pipeline/Pipeline.php(105): Illuminate\\Pipeline\\Pipeline->Illuminate\\Pipeline\\{closure}(Object(App\\Jobs\\Item\\Cost\\UpdateItemCostUsingPipelineJob))
#10 /usr/local/var/www/workspace/zilrsoft/vendor/laravel/framework/src/Illuminate/Bus/Dispatcher.php(98): Illuminate\\Pipeline\\Pipeline->then(Object(Closure))
#11 /usr/local/var/www/workspace/zilrsoft/vendor/laravel/framework/src/Illuminate/Queue/CallQueuedHandler.php(83): Illuminate\\Bus\\Dispatcher->dispatchNow(Object(App\\Jobs\\Item\\Cost\\UpdateItemCostUsingPipelineJob), false)
#12 /usr/local/var/www/workspace/zilrsoft/vendor/laravel/framework/src/Illuminate/Pipeline/Pipeline.php(130): Illuminate\\Queue\\CallQueuedHandler->Illuminate\\Queue\\{closure}(Object(App\\Jobs\\Item\\Cost\\UpdateItemCostUsingPipelineJob))
#13 /usr/local/var/www/workspace/zilrsoft/vendor/laravel/framework/src/Illuminate/Pipeline/Pipeline.php(105): Illuminate\\Pipeline\\Pipeline->Illuminate\\Pipeline\\{closure}(Object(App\\Jobs\\Item\\Cost\\UpdateItemCostUsingPipelineJob))
#14 /usr/local/var/www/workspace/zilrsoft/vendor/laravel/framework/src/Illuminate/Queue/CallQueuedHandler.php(85): Illuminate\\Pipeline\\Pipeline->then(Object(Closure))
#15 /usr/local/var/www/workspace/zilrsoft/vendor/laravel/framework/src/Illuminate/Queue/CallQueuedHandler.php(59): Illuminate\\Queue\\CallQueuedHandler->dispatchThroughMiddleware(Object(Illuminate\\Queue\\Jobs\\SyncJob), Object(App\\Jobs\\Item\\Cost\\UpdateItemCostUsingPipelineJob))
#16 /usr/local/var/www/workspace/zilrsoft/vendor/laravel/framework/src/Illuminate/Queue/Jobs/Job.php(88): Illuminate\\Queue\\CallQueuedHandler->call(Object(Illuminate\\Queue\\Jobs\\SyncJob), Array)
#17 /usr/local/var/www/workspace/zilrsoft/vendor/laravel/framework/src/Illuminate/Queue/SyncQueue.php(45): Illuminate\\Queue\\Jobs\\Job->fire()
#18 /usr/local/var/www/workspace/zilrsoft/vendor/laravel/framework/src/Illuminate/Bus/Dispatcher.php(182): Illuminate\\Queue\\SyncQueue->push(Object(App\\Jobs\\Item\\Cost\\UpdateItemCostUsingPipelineJob))
#19 /usr/local/var/www/workspace/zilrsoft/vendor/laravel/framework/src/Illuminate/Bus/Dispatcher.php(158): Illuminate\\Bus\\Dispatcher->pushCommandToQueue(Object(Illuminate\\Queue\\SyncQueue), Object(App\\Jobs\\Item\\Cost\\UpdateItemCostUsingPipelineJob))
#20 /usr/local/var/www/workspace/zilrsoft/vendor/laravel/framework/src/Illuminate/Bus/Dispatcher.php(73): Illuminate\\Bus\\Dispatcher->dispatchToQueue(Object(App\\Jobs\\Item\\Cost\\UpdateItemCostUsingPipelineJob))
#21 /usr/local/var/www/workspace/zilrsoft/vendor/laravel/framework/src/Illuminate/Foundation/Bus/PendingDispatch.php(112): Illuminate\\Bus\\Dispatcher->dispatch(Object(App\\Jobs\\Item\\Cost\\UpdateItemCostUsingPipelineJob))
#22 /usr/local/var/www/workspace/zilrsoft/vendor/laravel/framework/src/Illuminate/Foundation/helpers.php(392): Illuminate\\Foundation\\Bus\\PendingDispatch->__destruct()
#23 /usr/local/var/www/workspace/zilrsoft/app/Console/Commands/UpdateItemsQtyAndCostCommand.php(47): dispatch(Object(App\\Jobs\\Item\\Cost\\UpdateItemCostUsingPipelineJob))
#24 [internal function]: App\\Console\\Commands\\UpdateItemsQtyAndCostCommand->handle()
#25 /usr/local/var/www/workspace/zilrsoft/vendor/laravel/framework/src/Illuminate/Container/BoundMethod.php(32): call_user_func_array(Array, Array)
#26 /usr/local/var/www/workspace/zilrsoft/vendor/laravel/framework/src/Illuminate/Container/Util.php(37): Illuminate\\Container\\BoundMethod::Illuminate\\Container\\{closure}()
#27 /usr/local/var/www/workspace/zilrsoft/vendor/laravel/framework/src/Illuminate/Container/BoundMethod.php(90): Illuminate\\Container\\Util::unwrapIfClosure(Object(Closure))
#28 /usr/local/var/www/workspace/zilrsoft/vendor/laravel/framework/src/Illuminate/Container/BoundMethod.php(34): Illuminate\\Container\\BoundMethod::callBoundMethod(Object(Illuminate\\Foundation\\Application), Array, Object(Closure))
#29 /usr/local/var/www/workspace/zilrsoft/vendor/laravel/framework/src/Illuminate/Container/Container.php(590): Illuminate\\Container\\BoundMethod::call(Object(Illuminate\\Foundation\\Application), Array, Array, NULL)
#30 /usr/local/var/www/workspace/zilrsoft/vendor/laravel/framework/src/Illuminate/Console/Command.php(134): Illuminate\\Container\\Container->call(Array)
#31 /usr/local/var/www/workspace/zilrsoft/vendor/symfony/console/Command/Command.php(255): Illuminate\\Console\\Command->execute(Object(Symfony\\Component\\Console\\Input\\ArgvInput), Object(Illuminate\\Console\\OutputStyle))
#32 /usr/local/var/www/workspace/zilrsoft/vendor/laravel/framework/src/Illuminate/Console/Command.php(121): Symfony\\Component\\Console\\Command\\Command->run(Object(Symfony\\Component\\Console\\Input\\ArgvInput), Object(Illuminate\\Console\\OutputStyle))
#33 /usr/local/var/www/workspace/zilrsoft/vendor/symfony/console/Application.php(1000): Illuminate\\Console\\Command->run(Object(Symfony\\Component\\Console\\Input\\ArgvInput), Object(Symfony\\Component\\Console\\Output\\ConsoleOutput))
#34 /usr/local/var/www/workspace/zilrsoft/vendor/symfony/console/Application.php(271): Symfony\\Component\\Console\\Application->doRunCommand(Object(App\\Console\\Commands\\UpdateItemsQtyAndCostCommand), Object(Symfony\\Component\\Console\\Input\\ArgvInput), Object(Symfony\\Component\\Console\\Output\\ConsoleOutput))
#35 /usr/local/var/www/workspace/zilrsoft/vendor/symfony/console/Application.php(147): Symfony\\Component\\Console\\Application->doRun(Object(Symfony\\Component\\Console\\Input\\ArgvInput), Object(Symfony\\Component\\Console\\Output\\ConsoleOutput))
#36 /usr/local/var/www/workspace/zilrsoft/vendor/laravel/framework/src/Illuminate/Console/Application.php(93): Symfony\\Component\\Console\\Application->run(Object(Symfony\\Component\\Console\\Input\\ArgvInput), Object(Symfony\\Component\\Console\\Output\\ConsoleOutput))
#37 /usr/local/var/www/workspace/zilrsoft/vendor/laravel/framework/src/Illuminate/Foundation/Console/Kernel.php(131): Illuminate\\Console\\Application->run(Object(Symfony\\Component\\Console\\Input\\ArgvInput), Object(Symfony\\Component\\Console\\Output\\ConsoleOutput))
#38 /usr/local/var/www/workspace/zilrsoft/artisan(37): Illuminate\\Foundation\\Console\\Kernel->handle(Object(Symfony\\Component\\Console\\Input\\ArgvInput), Object(Symfony\\Component\\Console\\Output\\ConsoleOutput))
#39 {main}
"} 
[2020-09-18 15:11:58] producation.ERROR: Undefined index: final_stock_cost {"exception":"[object] (ErrorException(code: 0): Undefined index: final_stock_cost at /usr/local/var/www/workspace/zilrsoft/app/Jobs/Item/Cost/UpdateItemCostUsingPipelineJob.php:76)
[stacktrace]
#0 /usr/local/var/www/workspace/zilrsoft/app/Jobs/Item/Cost/UpdateItemCostUsingPipelineJob.php(76): Illuminate\\Foundation\\Bootstrap\\HandleExceptions->handleError(8, 'Undefined index...', '/usr/local/var/...', 76, Array)
#1 [internal function]: App\\Jobs\\Item\\Cost\\UpdateItemCostUsingPipelineJob->handle()
#2 /usr/local/var/www/workspace/zilrsoft/vendor/laravel/framework/src/Illuminate/Container/BoundMethod.php(32): call_user_func_array(Array, Array)
#3 /usr/local/var/www/workspace/zilrsoft/vendor/laravel/framework/src/Illuminate/Container/Util.php(37): Illuminate\\Container\\BoundMethod::Illuminate\\Container\\{closure}()
#4 /usr/local/var/www/workspace/zilrsoft/vendor/laravel/framework/src/Illuminate/Container/BoundMethod.php(90): Illuminate\\Container\\Util::unwrapIfClosure(Object(Closure))
#5 /usr/local/var/www/workspace/zilrsoft/vendor/laravel/framework/src/Illuminate/Container/BoundMethod.php(34): Illuminate\\Container\\BoundMethod::callBoundMethod(Object(Illuminate\\Foundation\\Application), Array, Object(Closure))
#6 /usr/local/var/www/workspace/zilrsoft/vendor/laravel/framework/src/Illuminate/Container/Container.php(590): Illuminate\\Container\\BoundMethod::call(Object(Illuminate\\Foundation\\Application), Array, Array, NULL)
#7 /usr/local/var/www/workspace/zilrsoft/vendor/laravel/framework/src/Illuminate/Bus/Dispatcher.php(94): Illuminate\\Container\\Container->call(Array)
#8 /usr/local/var/www/workspace/zilrsoft/vendor/laravel/framework/src/Illuminate/Pipeline/Pipeline.php(130): Illuminate\\Bus\\Dispatcher->Illuminate\\Bus\\{closure}(Object(App\\Jobs\\Item\\Cost\\UpdateItemCostUsingPipelineJob))
#9 /usr/local/var/www/workspace/zilrsoft/vendor/laravel/framework/src/Illuminate/Pipeline/Pipeline.php(105): Illuminate\\Pipeline\\Pipeline->Illuminate\\Pipeline\\{closure}(Object(App\\Jobs\\Item\\Cost\\UpdateItemCostUsingPipelineJob))
#10 /usr/local/var/www/workspace/zilrsoft/vendor/laravel/framework/src/Illuminate/Bus/Dispatcher.php(98): Illuminate\\Pipeline\\Pipeline->then(Object(Closure))
#11 /usr/local/var/www/workspace/zilrsoft/vendor/laravel/framework/src/Illuminate/Queue/CallQueuedHandler.php(83): Illuminate\\Bus\\Dispatcher->dispatchNow(Object(App\\Jobs\\Item\\Cost\\UpdateItemCostUsingPipelineJob), false)
#12 /usr/local/var/www/workspace/zilrsoft/vendor/laravel/framework/src/Illuminate/Pipeline/Pipeline.php(130): Illuminate\\Queue\\CallQueuedHandler->Illuminate\\Queue\\{closure}(Object(App\\Jobs\\Item\\Cost\\UpdateItemCostUsingPipelineJob))
#13 /usr/local/var/www/workspace/zilrsoft/vendor/laravel/framework/src/Illuminate/Pipeline/Pipeline.php(105): Illuminate\\Pipeline\\Pipeline->Illuminate\\Pipeline\\{closure}(Object(App\\Jobs\\Item\\Cost\\UpdateItemCostUsingPipelineJob))
#14 /usr/local/var/www/workspace/zilrsoft/vendor/laravel/framework/src/Illuminate/Queue/CallQueuedHandler.php(85): Illuminate\\Pipeline\\Pipeline->then(Object(Closure))
#15 /usr/local/var/www/workspace/zilrsoft/vendor/laravel/framework/src/Illuminate/Queue/CallQueuedHandler.php(59): Illuminate\\Queue\\CallQueuedHandler->dispatchThroughMiddleware(Object(Illuminate\\Queue\\Jobs\\SyncJob), Object(App\\Jobs\\Item\\Cost\\UpdateItemCostUsingPipelineJob))
#16 /usr/local/var/www/workspace/zilrsoft/vendor/laravel/framework/src/Illuminate/Queue/Jobs/Job.php(88): Illuminate\\Queue\\CallQueuedHandler->call(Object(Illuminate\\Queue\\Jobs\\SyncJob), Array)
#17 /usr/local/var/www/workspace/zilrsoft/vendor/laravel/framework/src/Illuminate/Queue/SyncQueue.php(45): Illuminate\\Queue\\Jobs\\Job->fire()
#18 /usr/local/var/www/workspace/zilrsoft/vendor/laravel/framework/src/Illuminate/Bus/Dispatcher.php(182): Illuminate\\Queue\\SyncQueue->push(Object(App\\Jobs\\Item\\Cost\\UpdateItemCostUsingPipelineJob))
#19 /usr/local/var/www/workspace/zilrsoft/vendor/laravel/framework/src/Illuminate/Bus/Dispatcher.php(158): Illuminate\\Bus\\Dispatcher->pushCommandToQueue(Object(Illuminate\\Queue\\SyncQueue), Object(App\\Jobs\\Item\\Cost\\UpdateItemCostUsingPipelineJob))
#20 /usr/local/var/www/workspace/zilrsoft/vendor/laravel/framework/src/Illuminate/Bus/Dispatcher.php(73): Illuminate\\Bus\\Dispatcher->dispatchToQueue(Object(App\\Jobs\\Item\\Cost\\UpdateItemCostUsingPipelineJob))
#21 /usr/local/var/www/workspace/zilrsoft/vendor/laravel/framework/src/Illuminate/Foundation/Bus/PendingDispatch.php(112): Illuminate\\Bus\\Dispatcher->dispatch(Object(App\\Jobs\\Item\\Cost\\UpdateItemCostUsingPipelineJob))
#22 /usr/local/var/www/workspace/zilrsoft/vendor/laravel/framework/src/Illuminate/Foundation/helpers.php(392): Illuminate\\Foundation\\Bus\\PendingDispatch->__destruct()
#23 /usr/local/var/www/workspace/zilrsoft/app/Console/Commands/UpdateItemsQtyAndCostCommand.php(47): dispatch(Object(App\\Jobs\\Item\\Cost\\UpdateItemCostUsingPipelineJob))
#24 [internal function]: App\\Console\\Commands\\UpdateItemsQtyAndCostCommand->handle()
#25 /usr/local/var/www/workspace/zilrsoft/vendor/laravel/framework/src/Illuminate/Container/BoundMethod.php(32): call_user_func_array(Array, Array)
#26 /usr/local/var/www/workspace/zilrsoft/vendor/laravel/framework/src/Illuminate/Container/Util.php(37): Illuminate\\Container\\BoundMethod::Illuminate\\Container\\{closure}()
#27 /usr/local/var/www/workspace/zilrsoft/vendor/laravel/framework/src/Illuminate/Container/BoundMethod.php(90): Illuminate\\Container\\Util::unwrapIfClosure(Object(Closure))
#28 /usr/local/var/www/workspace/zilrsoft/vendor/laravel/framework/src/Illuminate/Container/BoundMethod.php(34): Illuminate\\Container\\BoundMethod::callBoundMethod(Object(Illuminate\\Foundation\\Application), Array, Object(Closure))
#29 /usr/local/var/www/workspace/zilrsoft/vendor/laravel/framework/src/Illuminate/Container/Container.php(590): Illuminate\\Container\\BoundMethod::call(Object(Illuminate\\Foundation\\Application), Array, Array, NULL)
#30 /usr/local/var/www/workspace/zilrsoft/vendor/laravel/framework/src/Illuminate/Console/Command.php(134): Illuminate\\Container\\Container->call(Array)
#31 /usr/local/var/www/workspace/zilrsoft/vendor/symfony/console/Command/Command.php(255): Illuminate\\Console\\Command->execute(Object(Symfony\\Component\\Console\\Input\\ArgvInput), Object(Illuminate\\Console\\OutputStyle))
#32 /usr/local/var/www/workspace/zilrsoft/vendor/laravel/framework/src/Illuminate/Console/Command.php(121): Symfony\\Component\\Console\\Command\\Command->run(Object(Symfony\\Component\\Console\\Input\\ArgvInput), Object(Illuminate\\Console\\OutputStyle))
#33 /usr/local/var/www/workspace/zilrsoft/vendor/symfony/console/Application.php(1000): Illuminate\\Console\\Command->run(Object(Symfony\\Component\\Console\\Input\\ArgvInput), Object(Symfony\\Component\\Console\\Output\\ConsoleOutput))
#34 /usr/local/var/www/workspace/zilrsoft/vendor/symfony/console/Application.php(271): Symfony\\Component\\Console\\Application->doRunCommand(Object(App\\Console\\Commands\\UpdateItemsQtyAndCostCommand), Object(Symfony\\Component\\Console\\Input\\ArgvInput), Object(Symfony\\Component\\Console\\Output\\ConsoleOutput))
#35 /usr/local/var/www/workspace/zilrsoft/vendor/symfony/console/Application.php(147): Symfony\\Component\\Console\\Application->doRun(Object(Symfony\\Component\\Console\\Input\\ArgvInput), Object(Symfony\\Component\\Console\\Output\\ConsoleOutput))
#36 /usr/local/var/www/workspace/zilrsoft/vendor/laravel/framework/src/Illuminate/Console/Application.php(93): Symfony\\Component\\Console\\Application->run(Object(Symfony\\Component\\Console\\Input\\ArgvInput), Object(Symfony\\Component\\Console\\Output\\ConsoleOutput))
#37 /usr/local/var/www/workspace/zilrsoft/vendor/laravel/framework/src/Illuminate/Foundation/Console/Kernel.php(131): Illuminate\\Console\\Application->run(Object(Symfony\\Component\\Console\\Input\\ArgvInput), Object(Symfony\\Component\\Console\\Output\\ConsoleOutput))
#38 /usr/local/var/www/workspace/zilrsoft/artisan(37): Illuminate\\Foundation\\Console\\Kernel->handle(Object(Symfony\\Component\\Console\\Input\\ArgvInput), Object(Symfony\\Component\\Console\\Output\\ConsoleOutput))
#39 {main}
"} 
[2020-09-18 15:23:43] producation.ERROR: Access level to App\Http\Resources\InvoiceItem\InvoiceItemActivityCollection::$collects must be public (as in class Illuminate\Http\Resources\Json\ResourceCollection) {"userId":8,"exception":"[object] (Symfony\\Component\\Debug\\Exception\\FatalErrorException(code: 64): Access level to App\\Http\\Resources\\InvoiceItem\\InvoiceItemActivityCollection::$collects must be public (as in class Illuminate\\Http\\Resources\\Json\\ResourceCollection) at /usr/local/var/www/workspace/zilrsoft/app/Http/Resources/InvoiceItem/InvoiceItemActivityCollection.php:7)
[stacktrace]
#0 {main}
"} 
[2020-09-18 15:25:21] producation.ERROR: Uncaught Error: Class 'App\Models\InvoiceItemActivity' not found in Command line code:2
Stack trace:
#0 {main}
  thrown {"exception":"[object] (Symfony\\Component\\Debug\\Exception\\FatalErrorException(code: 1): Uncaught Error: Class 'App\\Models\\InvoiceItemActivity' not found in Command line code:2
Stack trace:
#0 {main}
  thrown at Command line code:2)
[stacktrace]
#0 {main}
"} 
[2020-09-18 15:25:21] producation.ERROR: Uncaught Error: Class 'App\Models\InvoiceItemActivity' not found in Command line code:2
Stack trace:
#0 {main}
  thrown {"exception":"[object] (Symfony\\Component\\Debug\\Exception\\FatalErrorException(code: 1): Uncaught Error: Class 'App\\Models\\InvoiceItemActivity' not found in Command line code:2
Stack trace:
#0 {main}
  thrown at Command line code:2)
[stacktrace]
#0 {main}
"} 
[2020-09-18 15:25:53] producation.ERROR: Uncaught Error: Class 'App\Models\InvoiceItemActivity' not found in Command line code:2
Stack trace:
#0 {main}
  thrown {"exception":"[object] (Symfony\\Component\\Debug\\Exception\\FatalErrorException(code: 1): Uncaught Error: Class 'App\\Models\\InvoiceItemActivity' not found in Command line code:2
Stack trace:
#0 {main}
  thrown at Command line code:2)
[stacktrace]
#0 {main}
"} 
[2020-09-18 15:25:54] producation.ERROR: Uncaught Error: Class 'App\Models\InvoiceItemActivity' not found in Command line code:2
Stack trace:
#0 {main}
  thrown {"exception":"[object] (Symfony\\Component\\Debug\\Exception\\FatalErrorException(code: 1): Uncaught Error: Class 'App\\Models\\InvoiceItemActivity' not found in Command line code:2
Stack trace:
#0 {main}
  thrown at Command line code:2)
[stacktrace]
#0 {main}
"} 
[2020-09-18 15:25:56] producation.ERROR: Uncaught Error: Class 'App\Models\InvoiceItemActivity' not found in Command line code:2
Stack trace:
#0 {main}
  thrown {"exception":"[object] (Symfony\\Component\\Debug\\Exception\\FatalErrorException(code: 1): Uncaught Error: Class 'App\\Models\\InvoiceItemActivity' not found in Command line code:2
Stack trace:
#0 {main}
  thrown at Command line code:2)
[stacktrace]
#0 {main}
"} 
[2020-09-18 15:25:57] producation.ERROR: Uncaught Error: Class 'App\Models\InvoiceItemActivity' not found in Command line code:2
Stack trace:
#0 {main}
  thrown {"exception":"[object] (Symfony\\Component\\Debug\\Exception\\FatalErrorException(code: 1): Uncaught Error: Class 'App\\Models\\InvoiceItemActivity' not found in Command line code:2
Stack trace:
#0 {main}
  thrown at Command line code:2)
[stacktrace]
#0 {main}
"} 
[2020-09-18 15:26:06] producation.ERROR: Uncaught Error: Class 'App\Models\InvoiceItemActivity' not found in Command line code:2
Stack trace:
#0 {main}
  thrown {"exception":"[object] (Symfony\\Component\\Debug\\Exception\\FatalErrorException(code: 1): Uncaught Error: Class 'App\\Models\\InvoiceItemActivity' not found in Command line code:2
Stack trace:
#0 {main}
  thrown at Command line code:2)
[stacktrace]
#0 {main}
"} 
[2020-09-18 15:26:12] producation.ERROR: Uncaught Error: Class 'App\Models\InvoiceItemActivity' not found in Command line code:2
Stack trace:
#0 {main}
  thrown {"exception":"[object] (Symfony\\Component\\Debug\\Exception\\FatalErrorException(code: 1): Uncaught Error: Class 'App\\Models\\InvoiceItemActivity' not found in Command line code:2
Stack trace:
#0 {main}
  thrown at Command line code:2)
[stacktrace]
#0 {main}
"} 
[2020-09-18 15:26:12] producation.ERROR: Uncaught Error: Class 'App\Models\InvoiceItemActivity' not found in Command line code:2
Stack trace:
#0 {main}
  thrown {"exception":"[object] (Symfony\\Component\\Debug\\Exception\\FatalErrorException(code: 1): Uncaught Error: Class 'App\\Models\\InvoiceItemActivity' not found in Command line code:2
Stack trace:
#0 {main}
  thrown at Command line code:2)
[stacktrace]
#0 {main}
"} 
[2020-09-18 15:27:01] producation.ERROR: Uncaught Error: Class 'App\Models\InvoiceItemActivity' not found in Command line code:2
Stack trace:
#0 {main}
  thrown {"exception":"[object] (Symfony\\Component\\Debug\\Exception\\FatalErrorException(code: 1): Uncaught Error: Class 'App\\Models\\InvoiceItemActivity' not found in Command line code:2
Stack trace:
#0 {main}
  thrown at Command line code:2)
[stacktrace]
#0 {main}
"} 
[2020-09-18 15:27:02] producation.ERROR: Uncaught Error: Class 'App\Models\InvoiceItemActivity' not found in Command line code:2
Stack trace:
#0 {main}
  thrown {"exception":"[object] (Symfony\\Component\\Debug\\Exception\\FatalErrorException(code: 1): Uncaught Error: Class 'App\\Models\\InvoiceItemActivity' not found in Command line code:2
Stack trace:
#0 {main}
  thrown at Command line code:2)
[stacktrace]
#0 {main}
"} 
[2020-09-18 15:27:05] producation.ERROR: Uncaught Error: Class 'App\Models\InvoiceItemActivity' not found in Command line code:2
Stack trace:
#0 {main}
  thrown {"exception":"[object] (Symfony\\Component\\Debug\\Exception\\FatalErrorException(code: 1): Uncaught Error: Class 'App\\Models\\InvoiceItemActivity' not found in Command line code:2
Stack trace:
#0 {main}
  thrown at Command line code:2)
[stacktrace]
#0 {main}
"} 
[2020-09-18 15:27:12] producation.ERROR: Uncaught Error: Class 'App\Models\InvoiceItemActivity' not found in Command line code:2
Stack trace:
#0 {main}
  thrown {"exception":"[object] (Symfony\\Component\\Debug\\Exception\\FatalErrorException(code: 1): Uncaught Error: Class 'App\\Models\\InvoiceItemActivity' not found in Command line code:2
Stack trace:
#0 {main}
  thrown at Command line code:2)
[stacktrace]
#0 {main}
"} 
[2020-09-18 15:27:14] producation.ERROR: Uncaught Error: Class 'App\Models\InvoiceItemActivity' not found in Command line code:2
Stack trace:
#0 {main}
  thrown {"exception":"[object] (Symfony\\Component\\Debug\\Exception\\FatalErrorException(code: 1): Uncaught Error: Class 'App\\Models\\InvoiceItemActivity' not found in Command line code:2
Stack trace:
#0 {main}
  thrown at Command line code:2)
[stacktrace]
#0 {main}
"} 
