[2020-12-13 01:02:02] producation.ERROR: SQLSTATE[42P01]: Undefined table: 7 ERROR:  relation "telescope_entries" does not exist
LINE 1: insert into "telescope_entries" ("batch_id", "content", "cre...
                    ^ (SQL: insert into "telescope_entries" ("batch_id", "content", "created_at", "family_hash", "type", "uuid") values (923ac180-bdad-4224-8555-db04a907e476, {"requestId":"X913490a35554ec5eb1832f7f1b015560","hostname":"iMacs-iMac.local"}, 2020-12-13 01:02:01, ?, debugbar, 923ac180-b2af-4508-accf-39c80a82e6be)) {"exception":"[object] (Illuminate\\Database\\QueryException(code: 42P01): SQLSTATE[42P01]: Undefined table: 7 ERROR:  relation \"telescope_entries\" does not exist
LINE 1: insert into \"telescope_entries\" (\"batch_id\", \"content\", \"cre...
                    ^ (SQL: insert into \"telescope_entries\" (\"batch_id\", \"content\", \"created_at\", \"family_hash\", \"type\", \"uuid\") values (923ac180-bdad-4224-8555-db04a907e476, {\"requestId\":\"X913490a35554ec5eb1832f7f1b015560\",\"hostname\":\"iMacs-iMac.local\"}, 2020-12-13 01:02:01, ?, debugbar, 923ac180-b2af-4508-accf-39c80a82e6be)) at /private/var/www/workspace/zilrsoftproject/vendor/laravel/framework/src/Illuminate/Database/Connection.php:669)
[stacktrace]
#0 /private/var/www/workspace/zilrsoftproject/vendor/laravel/framework/src/Illuminate/Database/Connection.php(629): Illuminate\\Database\\Connection->runQueryCallback('insert into \"te...', Array, Object(Closure))
#1 /private/var/www/workspace/zilrsoftproject/vendor/laravel/framework/src/Illuminate/Database/Connection.php(464): Illuminate\\Database\\Connection->run('insert into \"te...', Array, Object(Closure))
#2 /private/var/www/workspace/zilrsoftproject/vendor/laravel/framework/src/Illuminate/Database/Connection.php(416): Illuminate\\Database\\Connection->statement('insert into \"te...', Array)
#3 /private/var/www/workspace/zilrsoftproject/vendor/laravel/framework/src/Illuminate/Database/Query/Builder.php(2651): Illuminate\\Database\\Connection->insert('insert into \"te...', Array)
#4 /private/var/www/workspace/zilrsoftproject/vendor/laravel/telescope/src/Storage/DatabaseEntriesRepository.php(148): Illuminate\\Database\\Query\\Builder->insert(Array)
#5 /private/var/www/workspace/zilrsoftproject/vendor/laravel/framework/src/Illuminate/Support/Traits/EnumeratesValues.php(176): Laravel\\Telescope\\Storage\\DatabaseEntriesRepository->Laravel\\Telescope\\Storage\\{closure}(Object(Illuminate\\Support\\Collection), 0)
#6 /private/var/www/workspace/zilrsoftproject/vendor/laravel/telescope/src/Storage/DatabaseEntriesRepository.php(149): Illuminate\\Support\\Collection->each(Object(Closure))
#7 /private/var/www/workspace/zilrsoftproject/vendor/laravel/telescope/src/Telescope.php(590): Laravel\\Telescope\\Storage\\DatabaseEntriesRepository->store(Object(Illuminate\\Support\\Collection))
#8 [internal function]: Laravel\\Telescope\\Telescope::Laravel\\Telescope\\{closure}()
#9 /private/var/www/workspace/zilrsoftproject/vendor/laravel/telescope/src/Telescope.php(234): call_user_func(Object(Closure))
#10 /private/var/www/workspace/zilrsoftproject/vendor/laravel/telescope/src/Telescope.php(601): Laravel\\Telescope\\Telescope::withoutRecording(Object(Closure))
#11 /private/var/www/workspace/zilrsoftproject/vendor/laravel/telescope/src/ListensForStorageOpportunities.php(44): Laravel\\Telescope\\Telescope::store(Object(Laravel\\Telescope\\Storage\\DatabaseEntriesRepository))
#12 /private/var/www/workspace/zilrsoftproject/vendor/laravel/framework/src/Illuminate/Container/BoundMethod.php(36): Laravel\\Telescope\\Telescope::Laravel\\Telescope\\{closure}()
#13 /private/var/www/workspace/zilrsoftproject/vendor/laravel/framework/src/Illuminate/Container/Util.php(37): Illuminate\\Container\\BoundMethod::Illuminate\\Container\\{closure}()
#14 /private/var/www/workspace/zilrsoftproject/vendor/laravel/framework/src/Illuminate/Container/BoundMethod.php(81): Illuminate\\Container\\Util::unwrapIfClosure(Object(Closure))
#15 /private/var/www/workspace/zilrsoftproject/vendor/laravel/framework/src/Illuminate/Container/BoundMethod.php(37): Illuminate\\Container\\BoundMethod::callBoundMethod(Object(Illuminate\\Foundation\\Application), Object(Closure), Object(Closure))
#16 /private/var/www/workspace/zilrsoftproject/vendor/laravel/framework/src/Illuminate/Container/Container.php(590): Illuminate\\Container\\BoundMethod::call(Object(Illuminate\\Foundation\\Application), Object(Closure), Array, NULL)
#17 /private/var/www/workspace/zilrsoftproject/vendor/laravel/framework/src/Illuminate/Foundation/Application.php(1067): Illuminate\\Container\\Container->call(Object(Closure))
#18 /private/var/www/workspace/zilrsoftproject/vendor/laravel/framework/src/Illuminate/Foundation/Http/Kernel.php(185): Illuminate\\Foundation\\Application->terminate()
#19 /private/var/www/workspace/zilrsoftproject/public/index.php(60): Illuminate\\Foundation\\Http\\Kernel->terminate(Object(Illuminate\\Http\\Request), Object(Illuminate\\Http\\RedirectResponse))
#20 /Users/imac275k/.composer/vendor/laravel/valet/server.php(214): require('/private/var/ww...')
#21 {main}

[previous exception] [object] (PDOException(code: 42P01): SQLSTATE[42P01]: Undefined table: 7 ERROR:  relation \"telescope_entries\" does not exist
LINE 1: insert into \"telescope_entries\" (\"batch_id\", \"content\", \"cre...
                    ^ at /private/var/www/workspace/zilrsoftproject/vendor/laravel/framework/src/Illuminate/Database/Connection.php:463)
[stacktrace]
#0 /private/var/www/workspace/zilrsoftproject/vendor/laravel/framework/src/Illuminate/Database/Connection.php(463): PDOStatement->execute()
#1 /private/var/www/workspace/zilrsoftproject/vendor/laravel/framework/src/Illuminate/Database/Connection.php(662): Illuminate\\Database\\Connection->Illuminate\\Database\\{closure}('insert into \"te...', Array)
#2 /private/var/www/workspace/zilrsoftproject/vendor/laravel/framework/src/Illuminate/Database/Connection.php(629): Illuminate\\Database\\Connection->runQueryCallback('insert into \"te...', Array, Object(Closure))
#3 /private/var/www/workspace/zilrsoftproject/vendor/laravel/framework/src/Illuminate/Database/Connection.php(464): Illuminate\\Database\\Connection->run('insert into \"te...', Array, Object(Closure))
#4 /private/var/www/workspace/zilrsoftproject/vendor/laravel/framework/src/Illuminate/Database/Connection.php(416): Illuminate\\Database\\Connection->statement('insert into \"te...', Array)
#5 /private/var/www/workspace/zilrsoftproject/vendor/laravel/framework/src/Illuminate/Database/Query/Builder.php(2651): Illuminate\\Database\\Connection->insert('insert into \"te...', Array)
#6 /private/var/www/workspace/zilrsoftproject/vendor/laravel/telescope/src/Storage/DatabaseEntriesRepository.php(148): Illuminate\\Database\\Query\\Builder->insert(Array)
#7 /private/var/www/workspace/zilrsoftproject/vendor/laravel/framework/src/Illuminate/Support/Traits/EnumeratesValues.php(176): Laravel\\Telescope\\Storage\\DatabaseEntriesRepository->Laravel\\Telescope\\Storage\\{closure}(Object(Illuminate\\Support\\Collection), 0)
#8 /private/var/www/workspace/zilrsoftproject/vendor/laravel/telescope/src/Storage/DatabaseEntriesRepository.php(149): Illuminate\\Support\\Collection->each(Object(Closure))
#9 /private/var/www/workspace/zilrsoftproject/vendor/laravel/telescope/src/Telescope.php(590): Laravel\\Telescope\\Storage\\DatabaseEntriesRepository->store(Object(Illuminate\\Support\\Collection))
#10 [internal function]: Laravel\\Telescope\\Telescope::Laravel\\Telescope\\{closure}()
#11 /private/var/www/workspace/zilrsoftproject/vendor/laravel/telescope/src/Telescope.php(234): call_user_func(Object(Closure))
#12 /private/var/www/workspace/zilrsoftproject/vendor/laravel/telescope/src/Telescope.php(601): Laravel\\Telescope\\Telescope::withoutRecording(Object(Closure))
#13 /private/var/www/workspace/zilrsoftproject/vendor/laravel/telescope/src/ListensForStorageOpportunities.php(44): Laravel\\Telescope\\Telescope::store(Object(Laravel\\Telescope\\Storage\\DatabaseEntriesRepository))
#14 /private/var/www/workspace/zilrsoftproject/vendor/laravel/framework/src/Illuminate/Container/BoundMethod.php(36): Laravel\\Telescope\\Telescope::Laravel\\Telescope\\{closure}()
#15 /private/var/www/workspace/zilrsoftproject/vendor/laravel/framework/src/Illuminate/Container/Util.php(37): Illuminate\\Container\\BoundMethod::Illuminate\\Container\\{closure}()
#16 /private/var/www/workspace/zilrsoftproject/vendor/laravel/framework/src/Illuminate/Container/BoundMethod.php(81): Illuminate\\Container\\Util::unwrapIfClosure(Object(Closure))
#17 /private/var/www/workspace/zilrsoftproject/vendor/laravel/framework/src/Illuminate/Container/BoundMethod.php(37): Illuminate\\Container\\BoundMethod::callBoundMethod(Object(Illuminate\\Foundation\\Application), Object(Closure), Object(Closure))
#18 /private/var/www/workspace/zilrsoftproject/vendor/laravel/framework/src/Illuminate/Container/Container.php(590): Illuminate\\Container\\BoundMethod::call(Object(Illuminate\\Foundation\\Application), Object(Closure), Array, NULL)
#19 /private/var/www/workspace/zilrsoftproject/vendor/laravel/framework/src/Illuminate/Foundation/Application.php(1067): Illuminate\\Container\\Container->call(Object(Closure))
#20 /private/var/www/workspace/zilrsoftproject/vendor/laravel/framework/src/Illuminate/Foundation/Http/Kernel.php(185): Illuminate\\Foundation\\Application->terminate()
#21 /private/var/www/workspace/zilrsoftproject/public/index.php(60): Illuminate\\Foundation\\Http\\Kernel->terminate(Object(Illuminate\\Http\\Request), Object(Illuminate\\Http\\RedirectResponse))
#22 /Users/imac275k/.composer/vendor/laravel/valet/server.php(214): require('/private/var/ww...')
#23 {main}
"} 
[2020-12-13 01:02:02] producation.ERROR: SQLSTATE[42P01]: Undefined table: 7 ERROR:  relation "categories" does not exist
LINE 1: select * from "categories" where ("parent_id" = $1 and "is_a...
                      ^ (SQL: select * from "categories" where ("parent_id" = 0 and "is_available_online" = 1) and "categories"."deleted_at" is null and ("categories"."is_available_online" = 1)) {"exception":"[object] (Illuminate\\Database\\QueryException(code: 42P01): SQLSTATE[42P01]: Undefined table: 7 ERROR:  relation \"categories\" does not exist
LINE 1: select * from \"categories\" where (\"parent_id\" = $1 and \"is_a...
                      ^ (SQL: select * from \"categories\" where (\"parent_id\" = 0 and \"is_available_online\" = 1) and \"categories\".\"deleted_at\" is null and (\"categories\".\"is_available_online\" = 1)) at /private/var/www/workspace/zilrsoftproject/vendor/laravel/framework/src/Illuminate/Database/Connection.php:669)
[stacktrace]
#0 /private/var/www/workspace/zilrsoftproject/vendor/laravel/framework/src/Illuminate/Database/Connection.php(629): Illuminate\\Database\\Connection->runQueryCallback('select * from \"...', Array, Object(Closure))
#1 /private/var/www/workspace/zilrsoftproject/vendor/laravel/framework/src/Illuminate/Database/Connection.php(338): Illuminate\\Database\\Connection->run('select * from \"...', Array, Object(Closure))
#2 /private/var/www/workspace/zilrsoftproject/vendor/laravel/framework/src/Illuminate/Database/Query/Builder.php(2149): Illuminate\\Database\\Connection->select('select * from \"...', Array, true)
#3 /private/var/www/workspace/zilrsoftproject/vendor/laravel/framework/src/Illuminate/Database/Query/Builder.php(2137): Illuminate\\Database\\Query\\Builder->runSelect()
#4 /private/var/www/workspace/zilrsoftproject/vendor/laravel/framework/src/Illuminate/Database/Query/Builder.php(2609): Illuminate\\Database\\Query\\Builder->Illuminate\\Database\\Query\\{closure}()
#5 /private/var/www/workspace/zilrsoftproject/vendor/laravel/framework/src/Illuminate/Database/Query/Builder.php(2138): Illuminate\\Database\\Query\\Builder->onceWithColumns(Array, Object(Closure))
#6 /private/var/www/workspace/zilrsoftproject/vendor/laravel/framework/src/Illuminate/Database/Eloquent/Builder.php(546): Illuminate\\Database\\Query\\Builder->get(Array)
#7 /private/var/www/workspace/zilrsoftproject/vendor/laravel/framework/src/Illuminate/Database/Eloquent/Builder.php(530): Illuminate\\Database\\Eloquent\\Builder->getModels(Array)
#8 /private/var/www/workspace/zilrsoftproject/app/Http/Controllers/Web/HomeController.php(25): Illuminate\\Database\\Eloquent\\Builder->get()
#9 /private/var/www/workspace/zilrsoftproject/vendor/laravel/framework/src/Illuminate/Routing/Controller.php(54): App\\Http\\Controllers\\Web\\HomeController->index()
#10 /private/var/www/workspace/zilrsoftproject/vendor/laravel/framework/src/Illuminate/Routing/ControllerDispatcher.php(45): Illuminate\\Routing\\Controller->callAction('index', Array)
#11 /private/var/www/workspace/zilrsoftproject/vendor/laravel/framework/src/Illuminate/Routing/Route.php(219): Illuminate\\Routing\\ControllerDispatcher->dispatch(Object(Illuminate\\Routing\\Route), Object(App\\Http\\Controllers\\Web\\HomeController), 'index')
#12 /private/var/www/workspace/zilrsoftproject/vendor/laravel/framework/src/Illuminate/Routing/Route.php(176): Illuminate\\Routing\\Route->runController()
#13 /private/var/www/workspace/zilrsoftproject/vendor/laravel/framework/src/Illuminate/Routing/Router.php(681): Illuminate\\Routing\\Route->run()
#14 /private/var/www/workspace/zilrsoftproject/vendor/laravel/framework/src/Illuminate/Pipeline/Pipeline.php(130): Illuminate\\Routing\\Router->Illuminate\\Routing\\{closure}(Object(Illuminate\\Http\\Request))
#15 /private/var/www/workspace/zilrsoftproject/app/Http/Middleware/FrontEndMiddleware.php(28): Illuminate\\Pipeline\\Pipeline->Illuminate\\Pipeline\\{closure}(Object(Illuminate\\Http\\Request))
#16 /private/var/www/workspace/zilrsoftproject/vendor/laravel/framework/src/Illuminate/Pipeline/Pipeline.php(171): App\\Http\\Middleware\\FrontEndMiddleware->handle(Object(Illuminate\\Http\\Request), Object(Closure))
#17 /private/var/www/workspace/zilrsoftproject/vendor/inertiajs/inertia-laravel/src/Middleware.php(13): Illuminate\\Pipeline\\Pipeline->Illuminate\\Pipeline\\{closure}(Object(Illuminate\\Http\\Request))
#18 /private/var/www/workspace/zilrsoftproject/vendor/laravel/framework/src/Illuminate/Pipeline/Pipeline.php(171): Inertia\\Middleware->handle(Object(Illuminate\\Http\\Request), Object(Closure))
#19 /private/var/www/workspace/zilrsoftproject/vendor/laravel/framework/src/Illuminate/Routing/Middleware/SubstituteBindings.php(41): Illuminate\\Pipeline\\Pipeline->Illuminate\\Pipeline\\{closure}(Object(Illuminate\\Http\\Request))
#20 /private/var/www/workspace/zilrsoftproject/vendor/laravel/framework/src/Illuminate/Pipeline/Pipeline.php(171): Illuminate\\Routing\\Middleware\\SubstituteBindings->handle(Object(Illuminate\\Http\\Request), Object(Closure))
#21 /private/var/www/workspace/zilrsoftproject/vendor/laravel/framework/src/Illuminate/Session/Middleware/AuthenticateSession.php(39): Illuminate\\Pipeline\\Pipeline->Illuminate\\Pipeline\\{closure}(Object(Illuminate\\Http\\Request))
#22 /private/var/www/workspace/zilrsoftproject/vendor/laravel/framework/src/Illuminate/Pipeline/Pipeline.php(171): Illuminate\\Session\\Middleware\\AuthenticateSession->handle(Object(Illuminate\\Http\\Request), Object(Closure))
#23 /private/var/www/workspace/zilrsoftproject/vendor/laravel/framework/src/Illuminate/View/Middleware/ShareErrorsFromSession.php(49): Illuminate\\Pipeline\\Pipeline->Illuminate\\Pipeline\\{closure}(Object(Illuminate\\Http\\Request))
#24 /private/var/www/workspace/zilrsoftproject/vendor/laravel/framework/src/Illuminate/Pipeline/Pipeline.php(171): Illuminate\\View\\Middleware\\ShareErrorsFromSession->handle(Object(Illuminate\\Http\\Request), Object(Closure))
#25 /private/var/www/workspace/zilrsoftproject/vendor/laravel/framework/src/Illuminate/Session/Middleware/StartSession.php(56): Illuminate\\Pipeline\\Pipeline->Illuminate\\Pipeline\\{closure}(Object(Illuminate\\Http\\Request))
#26 /private/var/www/workspace/zilrsoftproject/vendor/laravel/framework/src/Illuminate/Pipeline/Pipeline.php(171): Illuminate\\Session\\Middleware\\StartSession->handle(Object(Illuminate\\Http\\Request), Object(Closure))
#27 /private/var/www/workspace/zilrsoftproject/vendor/laravel/framework/src/Illuminate/Cookie/Middleware/AddQueuedCookiesToResponse.php(37): Illuminate\\Pipeline\\Pipeline->Illuminate\\Pipeline\\{closure}(Object(Illuminate\\Http\\Request))
#28 /private/var/www/workspace/zilrsoftproject/vendor/laravel/framework/src/Illuminate/Pipeline/Pipeline.php(171): Illuminate\\Cookie\\Middleware\\AddQueuedCookiesToResponse->handle(Object(Illuminate\\Http\\Request), Object(Closure))
#29 /private/var/www/workspace/zilrsoftproject/vendor/laravel/framework/src/Illuminate/Cookie/Middleware/EncryptCookies.php(67): Illuminate\\Pipeline\\Pipeline->Illuminate\\Pipeline\\{closure}(Object(Illuminate\\Http\\Request))
#30 /private/var/www/workspace/zilrsoftproject/vendor/laravel/framework/src/Illuminate/Pipeline/Pipeline.php(171): Illuminate\\Cookie\\Middleware\\EncryptCookies->handle(Object(Illuminate\\Http\\Request), Object(Closure))
#31 /private/var/www/workspace/zilrsoftproject/vendor/laravel/framework/src/Illuminate/Pipeline/Pipeline.php(105): Illuminate\\Pipeline\\Pipeline->Illuminate\\Pipeline\\{closure}(Object(Illuminate\\Http\\Request))
#32 /private/var/www/workspace/zilrsoftproject/vendor/laravel/framework/src/Illuminate/Routing/Router.php(683): Illuminate\\Pipeline\\Pipeline->then(Object(Closure))
#33 /private/var/www/workspace/zilrsoftproject/vendor/laravel/framework/src/Illuminate/Routing/Router.php(658): Illuminate\\Routing\\Router->runRouteWithinStack(Object(Illuminate\\Routing\\Route), Object(Illuminate\\Http\\Request))
#34 /private/var/www/workspace/zilrsoftproject/vendor/laravel/framework/src/Illuminate/Routing/Router.php(624): Illuminate\\Routing\\Router->runRoute(Object(Illuminate\\Http\\Request), Object(Illuminate\\Routing\\Route))
#35 /private/var/www/workspace/zilrsoftproject/vendor/laravel/framework/src/Illuminate/Routing/Router.php(613): Illuminate\\Routing\\Router->dispatchToRoute(Object(Illuminate\\Http\\Request))
#36 /private/var/www/workspace/zilrsoftproject/vendor/laravel/framework/src/Illuminate/Foundation/Http/Kernel.php(170): Illuminate\\Routing\\Router->dispatch(Object(Illuminate\\Http\\Request))
#37 /private/var/www/workspace/zilrsoftproject/vendor/laravel/framework/src/Illuminate/Pipeline/Pipeline.php(130): Illuminate\\Foundation\\Http\\Kernel->Illuminate\\Foundation\\Http\\{closure}(Object(Illuminate\\Http\\Request))
#38 /private/var/www/workspace/zilrsoftproject/vendor/barryvdh/laravel-debugbar/src/Middleware/InjectDebugbar.php(67): Illuminate\\Pipeline\\Pipeline->Illuminate\\Pipeline\\{closure}(Object(Illuminate\\Http\\Request))
#39 /private/var/www/workspace/zilrsoftproject/vendor/laravel/framework/src/Illuminate/Pipeline/Pipeline.php(171): Barryvdh\\Debugbar\\Middleware\\InjectDebugbar->handle(Object(Illuminate\\Http\\Request), Object(Closure))
#40 /private/var/www/workspace/zilrsoftproject/vendor/laravel/framework/src/Illuminate/Foundation/Http/Middleware/TransformsRequest.php(21): Illuminate\\Pipeline\\Pipeline->Illuminate\\Pipeline\\{closure}(Object(Illuminate\\Http\\Request))
#41 /private/var/www/workspace/zilrsoftproject/vendor/laravel/framework/src/Illuminate/Pipeline/Pipeline.php(171): Illuminate\\Foundation\\Http\\Middleware\\TransformsRequest->handle(Object(Illuminate\\Http\\Request), Object(Closure))
#42 /private/var/www/workspace/zilrsoftproject/vendor/laravel/framework/src/Illuminate/Foundation/Http/Middleware/TransformsRequest.php(21): Illuminate\\Pipeline\\Pipeline->Illuminate\\Pipeline\\{closure}(Object(Illuminate\\Http\\Request))
#43 /private/var/www/workspace/zilrsoftproject/vendor/laravel/framework/src/Illuminate/Pipeline/Pipeline.php(171): Illuminate\\Foundation\\Http\\Middleware\\TransformsRequest->handle(Object(Illuminate\\Http\\Request), Object(Closure))
#44 /private/var/www/workspace/zilrsoftproject/vendor/laravel/framework/src/Illuminate/Foundation/Http/Middleware/ValidatePostSize.php(27): Illuminate\\Pipeline\\Pipeline->Illuminate\\Pipeline\\{closure}(Object(Illuminate\\Http\\Request))
#45 /private/var/www/workspace/zilrsoftproject/vendor/laravel/framework/src/Illuminate/Pipeline/Pipeline.php(171): Illuminate\\Foundation\\Http\\Middleware\\ValidatePostSize->handle(Object(Illuminate\\Http\\Request), Object(Closure))
#46 /private/var/www/workspace/zilrsoftproject/vendor/laravel/framework/src/Illuminate/Foundation/Http/Middleware/CheckForMaintenanceMode.php(63): Illuminate\\Pipeline\\Pipeline->Illuminate\\Pipeline\\{closure}(Object(Illuminate\\Http\\Request))
#47 /private/var/www/workspace/zilrsoftproject/vendor/laravel/framework/src/Illuminate/Pipeline/Pipeline.php(171): Illuminate\\Foundation\\Http\\Middleware\\CheckForMaintenanceMode->handle(Object(Illuminate\\Http\\Request), Object(Closure))
#48 /private/var/www/workspace/zilrsoftproject/vendor/fideloper/proxy/src/TrustProxies.php(57): Illuminate\\Pipeline\\Pipeline->Illuminate\\Pipeline\\{closure}(Object(Illuminate\\Http\\Request))
#49 /private/var/www/workspace/zilrsoftproject/vendor/laravel/framework/src/Illuminate/Pipeline/Pipeline.php(171): Fideloper\\Proxy\\TrustProxies->handle(Object(Illuminate\\Http\\Request), Object(Closure))
#50 /private/var/www/workspace/zilrsoftproject/vendor/laravel/framework/src/Illuminate/Pipeline/Pipeline.php(105): Illuminate\\Pipeline\\Pipeline->Illuminate\\Pipeline\\{closure}(Object(Illuminate\\Http\\Request))
#51 /private/var/www/workspace/zilrsoftproject/vendor/laravel/framework/src/Illuminate/Foundation/Http/Kernel.php(145): Illuminate\\Pipeline\\Pipeline->then(Object(Closure))
#52 /private/var/www/workspace/zilrsoftproject/vendor/laravel/framework/src/Illuminate/Foundation/Http/Kernel.php(110): Illuminate\\Foundation\\Http\\Kernel->sendRequestThroughRouter(Object(Illuminate\\Http\\Request))
#53 /private/var/www/workspace/zilrsoftproject/public/index.php(55): Illuminate\\Foundation\\Http\\Kernel->handle(Object(Illuminate\\Http\\Request))
#54 /Users/imac275k/.composer/vendor/laravel/valet/server.php(214): require('/private/var/ww...')
#55 {main}

[previous exception] [object] (PDOException(code: 42P01): SQLSTATE[42P01]: Undefined table: 7 ERROR:  relation \"categories\" does not exist
LINE 1: select * from \"categories\" where (\"parent_id\" = $1 and \"is_a...
                      ^ at /private/var/www/workspace/zilrsoftproject/vendor/laravel/framework/src/Illuminate/Database/Connection.php:335)
[stacktrace]
#0 /private/var/www/workspace/zilrsoftproject/vendor/laravel/framework/src/Illuminate/Database/Connection.php(335): PDOStatement->execute()
#1 /private/var/www/workspace/zilrsoftproject/vendor/laravel/framework/src/Illuminate/Database/Connection.php(662): Illuminate\\Database\\Connection->Illuminate\\Database\\{closure}('select * from \"...', Array)
#2 /private/var/www/workspace/zilrsoftproject/vendor/laravel/framework/src/Illuminate/Database/Connection.php(629): Illuminate\\Database\\Connection->runQueryCallback('select * from \"...', Array, Object(Closure))
#3 /private/var/www/workspace/zilrsoftproject/vendor/laravel/framework/src/Illuminate/Database/Connection.php(338): Illuminate\\Database\\Connection->run('select * from \"...', Array, Object(Closure))
#4 /private/var/www/workspace/zilrsoftproject/vendor/laravel/framework/src/Illuminate/Database/Query/Builder.php(2149): Illuminate\\Database\\Connection->select('select * from \"...', Array, true)
#5 /private/var/www/workspace/zilrsoftproject/vendor/laravel/framework/src/Illuminate/Database/Query/Builder.php(2137): Illuminate\\Database\\Query\\Builder->runSelect()
#6 /private/var/www/workspace/zilrsoftproject/vendor/laravel/framework/src/Illuminate/Database/Query/Builder.php(2609): Illuminate\\Database\\Query\\Builder->Illuminate\\Database\\Query\\{closure}()
#7 /private/var/www/workspace/zilrsoftproject/vendor/laravel/framework/src/Illuminate/Database/Query/Builder.php(2138): Illuminate\\Database\\Query\\Builder->onceWithColumns(Array, Object(Closure))
#8 /private/var/www/workspace/zilrsoftproject/vendor/laravel/framework/src/Illuminate/Database/Eloquent/Builder.php(546): Illuminate\\Database\\Query\\Builder->get(Array)
#9 /private/var/www/workspace/zilrsoftproject/vendor/laravel/framework/src/Illuminate/Database/Eloquent/Builder.php(530): Illuminate\\Database\\Eloquent\\Builder->getModels(Array)
#10 /private/var/www/workspace/zilrsoftproject/app/Http/Controllers/Web/HomeController.php(25): Illuminate\\Database\\Eloquent\\Builder->get()
#11 /private/var/www/workspace/zilrsoftproject/vendor/laravel/framework/src/Illuminate/Routing/Controller.php(54): App\\Http\\Controllers\\Web\\HomeController->index()
#12 /private/var/www/workspace/zilrsoftproject/vendor/laravel/framework/src/Illuminate/Routing/ControllerDispatcher.php(45): Illuminate\\Routing\\Controller->callAction('index', Array)
#13 /private/var/www/workspace/zilrsoftproject/vendor/laravel/framework/src/Illuminate/Routing/Route.php(219): Illuminate\\Routing\\ControllerDispatcher->dispatch(Object(Illuminate\\Routing\\Route), Object(App\\Http\\Controllers\\Web\\HomeController), 'index')
#14 /private/var/www/workspace/zilrsoftproject/vendor/laravel/framework/src/Illuminate/Routing/Route.php(176): Illuminate\\Routing\\Route->runController()
#15 /private/var/www/workspace/zilrsoftproject/vendor/laravel/framework/src/Illuminate/Routing/Router.php(681): Illuminate\\Routing\\Route->run()
#16 /private/var/www/workspace/zilrsoftproject/vendor/laravel/framework/src/Illuminate/Pipeline/Pipeline.php(130): Illuminate\\Routing\\Router->Illuminate\\Routing\\{closure}(Object(Illuminate\\Http\\Request))
#17 /private/var/www/workspace/zilrsoftproject/app/Http/Middleware/FrontEndMiddleware.php(28): Illuminate\\Pipeline\\Pipeline->Illuminate\\Pipeline\\{closure}(Object(Illuminate\\Http\\Request))
#18 /private/var/www/workspace/zilrsoftproject/vendor/laravel/framework/src/Illuminate/Pipeline/Pipeline.php(171): App\\Http\\Middleware\\FrontEndMiddleware->handle(Object(Illuminate\\Http\\Request), Object(Closure))
#19 /private/var/www/workspace/zilrsoftproject/vendor/inertiajs/inertia-laravel/src/Middleware.php(13): Illuminate\\Pipeline\\Pipeline->Illuminate\\Pipeline\\{closure}(Object(Illuminate\\Http\\Request))
#20 /private/var/www/workspace/zilrsoftproject/vendor/laravel/framework/src/Illuminate/Pipeline/Pipeline.php(171): Inertia\\Middleware->handle(Object(Illuminate\\Http\\Request), Object(Closure))
#21 /private/var/www/workspace/zilrsoftproject/vendor/laravel/framework/src/Illuminate/Routing/Middleware/SubstituteBindings.php(41): Illuminate\\Pipeline\\Pipeline->Illuminate\\Pipeline\\{closure}(Object(Illuminate\\Http\\Request))
#22 /private/var/www/workspace/zilrsoftproject/vendor/laravel/framework/src/Illuminate/Pipeline/Pipeline.php(171): Illuminate\\Routing\\Middleware\\SubstituteBindings->handle(Object(Illuminate\\Http\\Request), Object(Closure))
#23 /private/var/www/workspace/zilrsoftproject/vendor/laravel/framework/src/Illuminate/Session/Middleware/AuthenticateSession.php(39): Illuminate\\Pipeline\\Pipeline->Illuminate\\Pipeline\\{closure}(Object(Illuminate\\Http\\Request))
#24 /private/var/www/workspace/zilrsoftproject/vendor/laravel/framework/src/Illuminate/Pipeline/Pipeline.php(171): Illuminate\\Session\\Middleware\\AuthenticateSession->handle(Object(Illuminate\\Http\\Request), Object(Closure))
#25 /private/var/www/workspace/zilrsoftproject/vendor/laravel/framework/src/Illuminate/View/Middleware/ShareErrorsFromSession.php(49): Illuminate\\Pipeline\\Pipeline->Illuminate\\Pipeline\\{closure}(Object(Illuminate\\Http\\Request))
#26 /private/var/www/workspace/zilrsoftproject/vendor/laravel/framework/src/Illuminate/Pipeline/Pipeline.php(171): Illuminate\\View\\Middleware\\ShareErrorsFromSession->handle(Object(Illuminate\\Http\\Request), Object(Closure))
#27 /private/var/www/workspace/zilrsoftproject/vendor/laravel/framework/src/Illuminate/Session/Middleware/StartSession.php(56): Illuminate\\Pipeline\\Pipeline->Illuminate\\Pipeline\\{closure}(Object(Illuminate\\Http\\Request))
#28 /private/var/www/workspace/zilrsoftproject/vendor/laravel/framework/src/Illuminate/Pipeline/Pipeline.php(171): Illuminate\\Session\\Middleware\\StartSession->handle(Object(Illuminate\\Http\\Request), Object(Closure))
#29 /private/var/www/workspace/zilrsoftproject/vendor/laravel/framework/src/Illuminate/Cookie/Middleware/AddQueuedCookiesToResponse.php(37): Illuminate\\Pipeline\\Pipeline->Illuminate\\Pipeline\\{closure}(Object(Illuminate\\Http\\Request))
#30 /private/var/www/workspace/zilrsoftproject/vendor/laravel/framework/src/Illuminate/Pipeline/Pipeline.php(171): Illuminate\\Cookie\\Middleware\\AddQueuedCookiesToResponse->handle(Object(Illuminate\\Http\\Request), Object(Closure))
#31 /private/var/www/workspace/zilrsoftproject/vendor/laravel/framework/src/Illuminate/Cookie/Middleware/EncryptCookies.php(67): Illuminate\\Pipeline\\Pipeline->Illuminate\\Pipeline\\{closure}(Object(Illuminate\\Http\\Request))
#32 /private/var/www/workspace/zilrsoftproject/vendor/laravel/framework/src/Illuminate/Pipeline/Pipeline.php(171): Illuminate\\Cookie\\Middleware\\EncryptCookies->handle(Object(Illuminate\\Http\\Request), Object(Closure))
#33 /private/var/www/workspace/zilrsoftproject/vendor/laravel/framework/src/Illuminate/Pipeline/Pipeline.php(105): Illuminate\\Pipeline\\Pipeline->Illuminate\\Pipeline\\{closure}(Object(Illuminate\\Http\\Request))
#34 /private/var/www/workspace/zilrsoftproject/vendor/laravel/framework/src/Illuminate/Routing/Router.php(683): Illuminate\\Pipeline\\Pipeline->then(Object(Closure))
#35 /private/var/www/workspace/zilrsoftproject/vendor/laravel/framework/src/Illuminate/Routing/Router.php(658): Illuminate\\Routing\\Router->runRouteWithinStack(Object(Illuminate\\Routing\\Route), Object(Illuminate\\Http\\Request))
#36 /private/var/www/workspace/zilrsoftproject/vendor/laravel/framework/src/Illuminate/Routing/Router.php(624): Illuminate\\Routing\\Router->runRoute(Object(Illuminate\\Http\\Request), Object(Illuminate\\Routing\\Route))
#37 /private/var/www/workspace/zilrsoftproject/vendor/laravel/framework/src/Illuminate/Routing/Router.php(613): Illuminate\\Routing\\Router->dispatchToRoute(Object(Illuminate\\Http\\Request))
#38 /private/var/www/workspace/zilrsoftproject/vendor/laravel/framework/src/Illuminate/Foundation/Http/Kernel.php(170): Illuminate\\Routing\\Router->dispatch(Object(Illuminate\\Http\\Request))
#39 /private/var/www/workspace/zilrsoftproject/vendor/laravel/framework/src/Illuminate/Pipeline/Pipeline.php(130): Illuminate\\Foundation\\Http\\Kernel->Illuminate\\Foundation\\Http\\{closure}(Object(Illuminate\\Http\\Request))
#40 /private/var/www/workspace/zilrsoftproject/vendor/barryvdh/laravel-debugbar/src/Middleware/InjectDebugbar.php(67): Illuminate\\Pipeline\\Pipeline->Illuminate\\Pipeline\\{closure}(Object(Illuminate\\Http\\Request))
#41 /private/var/www/workspace/zilrsoftproject/vendor/laravel/framework/src/Illuminate/Pipeline/Pipeline.php(171): Barryvdh\\Debugbar\\Middleware\\InjectDebugbar->handle(Object(Illuminate\\Http\\Request), Object(Closure))
#42 /private/var/www/workspace/zilrsoftproject/vendor/laravel/framework/src/Illuminate/Foundation/Http/Middleware/TransformsRequest.php(21): Illuminate\\Pipeline\\Pipeline->Illuminate\\Pipeline\\{closure}(Object(Illuminate\\Http\\Request))
#43 /private/var/www/workspace/zilrsoftproject/vendor/laravel/framework/src/Illuminate/Pipeline/Pipeline.php(171): Illuminate\\Foundation\\Http\\Middleware\\TransformsRequest->handle(Object(Illuminate\\Http\\Request), Object(Closure))
#44 /private/var/www/workspace/zilrsoftproject/vendor/laravel/framework/src/Illuminate/Foundation/Http/Middleware/TransformsRequest.php(21): Illuminate\\Pipeline\\Pipeline->Illuminate\\Pipeline\\{closure}(Object(Illuminate\\Http\\Request))
#45 /private/var/www/workspace/zilrsoftproject/vendor/laravel/framework/src/Illuminate/Pipeline/Pipeline.php(171): Illuminate\\Foundation\\Http\\Middleware\\TransformsRequest->handle(Object(Illuminate\\Http\\Request), Object(Closure))
#46 /private/var/www/workspace/zilrsoftproject/vendor/laravel/framework/src/Illuminate/Foundation/Http/Middleware/ValidatePostSize.php(27): Illuminate\\Pipeline\\Pipeline->Illuminate\\Pipeline\\{closure}(Object(Illuminate\\Http\\Request))
#47 /private/var/www/workspace/zilrsoftproject/vendor/laravel/framework/src/Illuminate/Pipeline/Pipeline.php(171): Illuminate\\Foundation\\Http\\Middleware\\ValidatePostSize->handle(Object(Illuminate\\Http\\Request), Object(Closure))
#48 /private/var/www/workspace/zilrsoftproject/vendor/laravel/framework/src/Illuminate/Foundation/Http/Middleware/CheckForMaintenanceMode.php(63): Illuminate\\Pipeline\\Pipeline->Illuminate\\Pipeline\\{closure}(Object(Illuminate\\Http\\Request))
#49 /private/var/www/workspace/zilrsoftproject/vendor/laravel/framework/src/Illuminate/Pipeline/Pipeline.php(171): Illuminate\\Foundation\\Http\\Middleware\\CheckForMaintenanceMode->handle(Object(Illuminate\\Http\\Request), Object(Closure))
#50 /private/var/www/workspace/zilrsoftproject/vendor/fideloper/proxy/src/TrustProxies.php(57): Illuminate\\Pipeline\\Pipeline->Illuminate\\Pipeline\\{closure}(Object(Illuminate\\Http\\Request))
#51 /private/var/www/workspace/zilrsoftproject/vendor/laravel/framework/src/Illuminate/Pipeline/Pipeline.php(171): Fideloper\\Proxy\\TrustProxies->handle(Object(Illuminate\\Http\\Request), Object(Closure))
#52 /private/var/www/workspace/zilrsoftproject/vendor/laravel/framework/src/Illuminate/Pipeline/Pipeline.php(105): Illuminate\\Pipeline\\Pipeline->Illuminate\\Pipeline\\{closure}(Object(Illuminate\\Http\\Request))
#53 /private/var/www/workspace/zilrsoftproject/vendor/laravel/framework/src/Illuminate/Foundation/Http/Kernel.php(145): Illuminate\\Pipeline\\Pipeline->then(Object(Closure))
#54 /private/var/www/workspace/zilrsoftproject/vendor/laravel/framework/src/Illuminate/Foundation/Http/Kernel.php(110): Illuminate\\Foundation\\Http\\Kernel->sendRequestThroughRouter(Object(Illuminate\\Http\\Request))
#55 /private/var/www/workspace/zilrsoftproject/public/index.php(55): Illuminate\\Foundation\\Http\\Kernel->handle(Object(Illuminate\\Http\\Request))
#56 /Users/imac275k/.composer/vendor/laravel/valet/server.php(214): require('/private/var/ww...')
#57 {main}
"} 
[2020-12-13 01:02:03] producation.ERROR: SQLSTATE[42P01]: Undefined table: 7 ERROR:  relation "telescope_entries" does not exist
LINE 1: select count(*) as aggregate from "telescope_entries" where ...
                                          ^ (SQL: select count(*) as aggregate from "telescope_entries" where "type" = exception and "family_hash" = 4093e7bcd25ab6f268f6d7c163c447ed) {"exception":"[object] (Illuminate\\Database\\QueryException(code: 42P01): SQLSTATE[42P01]: Undefined table: 7 ERROR:  relation \"telescope_entries\" does not exist
LINE 1: select count(*) as aggregate from \"telescope_entries\" where ...
                                          ^ (SQL: select count(*) as aggregate from \"telescope_entries\" where \"type\" = exception and \"family_hash\" = 4093e7bcd25ab6f268f6d7c163c447ed) at /private/var/www/workspace/zilrsoftproject/vendor/laravel/framework/src/Illuminate/Database/Connection.php:669)
[stacktrace]
#0 /private/var/www/workspace/zilrsoftproject/vendor/laravel/framework/src/Illuminate/Database/Connection.php(629): Illuminate\\Database\\Connection->runQueryCallback('select count(*)...', Array, Object(Closure))
#1 /private/var/www/workspace/zilrsoftproject/vendor/laravel/framework/src/Illuminate/Database/Connection.php(338): Illuminate\\Database\\Connection->run('select count(*)...', Array, Object(Closure))
#2 /private/var/www/workspace/zilrsoftproject/vendor/laravel/framework/src/Illuminate/Database/Query/Builder.php(2149): Illuminate\\Database\\Connection->select('select count(*)...', Array, true)
#3 /private/var/www/workspace/zilrsoftproject/vendor/laravel/framework/src/Illuminate/Database/Query/Builder.php(2137): Illuminate\\Database\\Query\\Builder->runSelect()
#4 /private/var/www/workspace/zilrsoftproject/vendor/laravel/framework/src/Illuminate/Database/Query/Builder.php(2609): Illuminate\\Database\\Query\\Builder->Illuminate\\Database\\Query\\{closure}()
#5 /private/var/www/workspace/zilrsoftproject/vendor/laravel/framework/src/Illuminate/Database/Query/Builder.php(2138): Illuminate\\Database\\Query\\Builder->onceWithColumns(Array, Object(Closure))
#6 /private/var/www/workspace/zilrsoftproject/vendor/laravel/framework/src/Illuminate/Database/Query/Builder.php(2536): Illuminate\\Database\\Query\\Builder->get(Array)
#7 /private/var/www/workspace/zilrsoftproject/vendor/laravel/framework/src/Illuminate/Database/Query/Builder.php(2464): Illuminate\\Database\\Query\\Builder->aggregate('count', Array)
#8 /private/var/www/workspace/zilrsoftproject/vendor/laravel/telescope/src/Storage/DatabaseEntriesRepository.php(122): Illuminate\\Database\\Query\\Builder->count()
#9 /private/var/www/workspace/zilrsoftproject/vendor/laravel/telescope/src/Storage/DatabaseEntriesRepository.php(164): Laravel\\Telescope\\Storage\\DatabaseEntriesRepository->countExceptionOccurences(Object(Laravel\\Telescope\\IncomingExceptionEntry))
#10 [internal function]: Laravel\\Telescope\\Storage\\DatabaseEntriesRepository->Laravel\\Telescope\\Storage\\{closure}(Object(Laravel\\Telescope\\IncomingExceptionEntry), 0)
#11 /private/var/www/workspace/zilrsoftproject/vendor/laravel/framework/src/Illuminate/Support/Collection.php(638): array_map(Object(Closure), Array, Array)
#12 /private/var/www/workspace/zilrsoftproject/vendor/laravel/telescope/src/Storage/DatabaseEntriesRepository.php(177): Illuminate\\Support\\Collection->map(Object(Closure))
#13 /private/var/www/workspace/zilrsoftproject/vendor/laravel/framework/src/Illuminate/Support/Traits/EnumeratesValues.php(176): Laravel\\Telescope\\Storage\\DatabaseEntriesRepository->Laravel\\Telescope\\Storage\\{closure}(Object(Illuminate\\Support\\Collection), 0)
#14 /private/var/www/workspace/zilrsoftproject/vendor/laravel/telescope/src/Storage/DatabaseEntriesRepository.php(178): Illuminate\\Support\\Collection->each(Object(Closure))
#15 /private/var/www/workspace/zilrsoftproject/vendor/laravel/telescope/src/Storage/DatabaseEntriesRepository.php(139): Laravel\\Telescope\\Storage\\DatabaseEntriesRepository->storeExceptions(Object(Illuminate\\Support\\Collection))
#16 /private/var/www/workspace/zilrsoftproject/vendor/laravel/telescope/src/Telescope.php(590): Laravel\\Telescope\\Storage\\DatabaseEntriesRepository->store(Object(Illuminate\\Support\\Collection))
#17 [internal function]: Laravel\\Telescope\\Telescope::Laravel\\Telescope\\{closure}()
#18 /private/var/www/workspace/zilrsoftproject/vendor/laravel/telescope/src/Telescope.php(234): call_user_func(Object(Closure))
#19 /private/var/www/workspace/zilrsoftproject/vendor/laravel/telescope/src/Telescope.php(601): Laravel\\Telescope\\Telescope::withoutRecording(Object(Closure))
#20 /private/var/www/workspace/zilrsoftproject/vendor/laravel/telescope/src/ListensForStorageOpportunities.php(44): Laravel\\Telescope\\Telescope::store(Object(Laravel\\Telescope\\Storage\\DatabaseEntriesRepository))
#21 /private/var/www/workspace/zilrsoftproject/vendor/laravel/framework/src/Illuminate/Container/BoundMethod.php(36): Laravel\\Telescope\\Telescope::Laravel\\Telescope\\{closure}()
#22 /private/var/www/workspace/zilrsoftproject/vendor/laravel/framework/src/Illuminate/Container/Util.php(37): Illuminate\\Container\\BoundMethod::Illuminate\\Container\\{closure}()
#23 /private/var/www/workspace/zilrsoftproject/vendor/laravel/framework/src/Illuminate/Container/BoundMethod.php(81): Illuminate\\Container\\Util::unwrapIfClosure(Object(Closure))
#24 /private/var/www/workspace/zilrsoftproject/vendor/laravel/framework/src/Illuminate/Container/BoundMethod.php(37): Illuminate\\Container\\BoundMethod::callBoundMethod(Object(Illuminate\\Foundation\\Application), Object(Closure), Object(Closure))
#25 /private/var/www/workspace/zilrsoftproject/vendor/laravel/framework/src/Illuminate/Container/Container.php(590): Illuminate\\Container\\BoundMethod::call(Object(Illuminate\\Foundation\\Application), Object(Closure), Array, NULL)
#26 /private/var/www/workspace/zilrsoftproject/vendor/laravel/framework/src/Illuminate/Foundation/Application.php(1067): Illuminate\\Container\\Container->call(Object(Closure))
#27 /private/var/www/workspace/zilrsoftproject/vendor/laravel/framework/src/Illuminate/Foundation/Http/Kernel.php(185): Illuminate\\Foundation\\Application->terminate()
#28 /private/var/www/workspace/zilrsoftproject/public/index.php(60): Illuminate\\Foundation\\Http\\Kernel->terminate(Object(Illuminate\\Http\\Request), Object(Illuminate\\Http\\Response))
#29 /Users/imac275k/.composer/vendor/laravel/valet/server.php(214): require('/private/var/ww...')
#30 {main}

[previous exception] [object] (PDOException(code: 42P01): SQLSTATE[42P01]: Undefined table: 7 ERROR:  relation \"telescope_entries\" does not exist
LINE 1: select count(*) as aggregate from \"telescope_entries\" where ...
                                          ^ at /private/var/www/workspace/zilrsoftproject/vendor/laravel/framework/src/Illuminate/Database/Connection.php:335)
[stacktrace]
#0 /private/var/www/workspace/zilrsoftproject/vendor/laravel/framework/src/Illuminate/Database/Connection.php(335): PDOStatement->execute()
#1 /private/var/www/workspace/zilrsoftproject/vendor/laravel/framework/src/Illuminate/Database/Connection.php(662): Illuminate\\Database\\Connection->Illuminate\\Database\\{closure}('select count(*)...', Array)
#2 /private/var/www/workspace/zilrsoftproject/vendor/laravel/framework/src/Illuminate/Database/Connection.php(629): Illuminate\\Database\\Connection->runQueryCallback('select count(*)...', Array, Object(Closure))
#3 /private/var/www/workspace/zilrsoftproject/vendor/laravel/framework/src/Illuminate/Database/Connection.php(338): Illuminate\\Database\\Connection->run('select count(*)...', Array, Object(Closure))
#4 /private/var/www/workspace/zilrsoftproject/vendor/laravel/framework/src/Illuminate/Database/Query/Builder.php(2149): Illuminate\\Database\\Connection->select('select count(*)...', Array, true)
#5 /private/var/www/workspace/zilrsoftproject/vendor/laravel/framework/src/Illuminate/Database/Query/Builder.php(2137): Illuminate\\Database\\Query\\Builder->runSelect()
#6 /private/var/www/workspace/zilrsoftproject/vendor/laravel/framework/src/Illuminate/Database/Query/Builder.php(2609): Illuminate\\Database\\Query\\Builder->Illuminate\\Database\\Query\\{closure}()
#7 /private/var/www/workspace/zilrsoftproject/vendor/laravel/framework/src/Illuminate/Database/Query/Builder.php(2138): Illuminate\\Database\\Query\\Builder->onceWithColumns(Array, Object(Closure))
#8 /private/var/www/workspace/zilrsoftproject/vendor/laravel/framework/src/Illuminate/Database/Query/Builder.php(2536): Illuminate\\Database\\Query\\Builder->get(Array)
#9 /private/var/www/workspace/zilrsoftproject/vendor/laravel/framework/src/Illuminate/Database/Query/Builder.php(2464): Illuminate\\Database\\Query\\Builder->aggregate('count', Array)
#10 /private/var/www/workspace/zilrsoftproject/vendor/laravel/telescope/src/Storage/DatabaseEntriesRepository.php(122): Illuminate\\Database\\Query\\Builder->count()
#11 /private/var/www/workspace/zilrsoftproject/vendor/laravel/telescope/src/Storage/DatabaseEntriesRepository.php(164): Laravel\\Telescope\\Storage\\DatabaseEntriesRepository->countExceptionOccurences(Object(Laravel\\Telescope\\IncomingExceptionEntry))
#12 [internal function]: Laravel\\Telescope\\Storage\\DatabaseEntriesRepository->Laravel\\Telescope\\Storage\\{closure}(Object(Laravel\\Telescope\\IncomingExceptionEntry), 0)
#13 /private/var/www/workspace/zilrsoftproject/vendor/laravel/framework/src/Illuminate/Support/Collection.php(638): array_map(Object(Closure), Array, Array)
#14 /private/var/www/workspace/zilrsoftproject/vendor/laravel/telescope/src/Storage/DatabaseEntriesRepository.php(177): Illuminate\\Support\\Collection->map(Object(Closure))
#15 /private/var/www/workspace/zilrsoftproject/vendor/laravel/framework/src/Illuminate/Support/Traits/EnumeratesValues.php(176): Laravel\\Telescope\\Storage\\DatabaseEntriesRepository->Laravel\\Telescope\\Storage\\{closure}(Object(Illuminate\\Support\\Collection), 0)
#16 /private/var/www/workspace/zilrsoftproject/vendor/laravel/telescope/src/Storage/DatabaseEntriesRepository.php(178): Illuminate\\Support\\Collection->each(Object(Closure))
#17 /private/var/www/workspace/zilrsoftproject/vendor/laravel/telescope/src/Storage/DatabaseEntriesRepository.php(139): Laravel\\Telescope\\Storage\\DatabaseEntriesRepository->storeExceptions(Object(Illuminate\\Support\\Collection))
#18 /private/var/www/workspace/zilrsoftproject/vendor/laravel/telescope/src/Telescope.php(590): Laravel\\Telescope\\Storage\\DatabaseEntriesRepository->store(Object(Illuminate\\Support\\Collection))
#19 [internal function]: Laravel\\Telescope\\Telescope::Laravel\\Telescope\\{closure}()
#20 /private/var/www/workspace/zilrsoftproject/vendor/laravel/telescope/src/Telescope.php(234): call_user_func(Object(Closure))
#21 /private/var/www/workspace/zilrsoftproject/vendor/laravel/telescope/src/Telescope.php(601): Laravel\\Telescope\\Telescope::withoutRecording(Object(Closure))
#22 /private/var/www/workspace/zilrsoftproject/vendor/laravel/telescope/src/ListensForStorageOpportunities.php(44): Laravel\\Telescope\\Telescope::store(Object(Laravel\\Telescope\\Storage\\DatabaseEntriesRepository))
#23 /private/var/www/workspace/zilrsoftproject/vendor/laravel/framework/src/Illuminate/Container/BoundMethod.php(36): Laravel\\Telescope\\Telescope::Laravel\\Telescope\\{closure}()
#24 /private/var/www/workspace/zilrsoftproject/vendor/laravel/framework/src/Illuminate/Container/Util.php(37): Illuminate\\Container\\BoundMethod::Illuminate\\Container\\{closure}()
#25 /private/var/www/workspace/zilrsoftproject/vendor/laravel/framework/src/Illuminate/Container/BoundMethod.php(81): Illuminate\\Container\\Util::unwrapIfClosure(Object(Closure))
#26 /private/var/www/workspace/zilrsoftproject/vendor/laravel/framework/src/Illuminate/Container/BoundMethod.php(37): Illuminate\\Container\\BoundMethod::callBoundMethod(Object(Illuminate\\Foundation\\Application), Object(Closure), Object(Closure))
#27 /private/var/www/workspace/zilrsoftproject/vendor/laravel/framework/src/Illuminate/Container/Container.php(590): Illuminate\\Container\\BoundMethod::call(Object(Illuminate\\Foundation\\Application), Object(Closure), Array, NULL)
#28 /private/var/www/workspace/zilrsoftproject/vendor/laravel/framework/src/Illuminate/Foundation/Application.php(1067): Illuminate\\Container\\Container->call(Object(Closure))
#29 /private/var/www/workspace/zilrsoftproject/vendor/laravel/framework/src/Illuminate/Foundation/Http/Kernel.php(185): Illuminate\\Foundation\\Application->terminate()
#30 /private/var/www/workspace/zilrsoftproject/public/index.php(60): Illuminate\\Foundation\\Http\\Kernel->terminate(Object(Illuminate\\Http\\Request), Object(Illuminate\\Http\\Response))
#31 /Users/imac275k/.composer/vendor/laravel/valet/server.php(214): require('/private/var/ww...')
#32 {main}
"} 
